Log file open, 09/24/20 22:29:31
LogInit: Display: Running engine for game: puzzle
LogPlatformFile: Not using cached read wrapper
LogTaskGraph: Started task graph with 5 named threads and 23 total threads with 3 sets of task threads.
LogStats: Stats thread started at 0.201792
LogD3D11RHI: Loaded GFSDK_Aftermath_Lib.x64.dll
LogICUInternationalization: ICU TimeZone Detection - Raw Offset: +5:30, Platform Override: ''
LogPluginManager: Mounting plugin Paper2D
LogPluginManager: Mounting plugin AISupport
LogPluginManager: Mounting plugin LightPropagationVolume
LogPluginManager: Mounting plugin CameraShakePreviewer
LogPluginManager: Mounting plugin ActorLayerUtilities
LogPluginManager: Mounting plugin AnimationSharing
LogPluginManager: Mounting plugin CLionSourceCodeAccess
LogPluginManager: Mounting plugin CodeLiteSourceCodeAccess
LogPluginManager: Mounting plugin GitSourceControl
LogPluginManager: Mounting plugin KDevelopSourceCodeAccess
LogPluginManager: Mounting plugin NullSourceCodeAccess
LogPluginManager: Mounting plugin PerforceSourceControl
LogPluginManager: Mounting plugin PlasticSourceControl
LogPluginManager: Mounting plugin RiderSourceCodeAccess
LogPluginManager: Mounting plugin SubversionSourceControl
LogPluginManager: Mounting plugin UObjectPlugin
LogPluginManager: Mounting plugin VisualStudioCodeSourceCodeAccess
LogPluginManager: Mounting plugin VisualStudioSourceCodeAccess
LogPluginManager: Mounting plugin XCodeSourceCodeAccess
LogPluginManager: Mounting plugin AssetManagerEditor
LogPluginManager: Mounting plugin CryptoKeys
LogPluginManager: Mounting plugin CurveEditorTools
LogPluginManager: Mounting plugin DataValidation
LogPluginManager: Mounting plugin EditorScriptingUtilities
LogPluginManager: Mounting plugin FacialAnimation
LogPluginManager: Mounting plugin GameplayTagsEditor
LogPluginManager: Mounting plugin GeometryMode
LogPluginManager: Mounting plugin MacGraphicsSwitching
LogPluginManager: Mounting plugin MaterialAnalyzer
LogPluginManager: Mounting plugin MobileLauncherProfileWizard
LogPluginManager: Mounting plugin PluginBrowser
LogPluginManager: Mounting plugin SpeedTreeImporter
LogPluginManager: Mounting plugin DatasmithContent
LogPluginManager: Mounting plugin VariantManagerContent
LogPluginManager: Mounting plugin AlembicImporter
LogPluginManager: Mounting plugin AutomationUtils
LogPluginManager: Mounting plugin BackChannel
LogPluginManager: Mounting plugin ChaosCloth
LogPluginManager: Mounting plugin ChaosClothEditor
LogPluginManager: Mounting plugin ChaosEditor
LogPluginManager: Mounting plugin ChaosNiagara
LogPluginManager: Mounting plugin ChaosSolverPlugin
LogPluginManager: Mounting plugin CharacterAI
LogPluginManager: Mounting plugin GeometryCache
LogPluginManager: Mounting plugin GeometryCollectionPlugin
LogPluginManager: Mounting plugin GeometryProcessing
LogPluginManager: Mounting plugin PlanarCut
LogPluginManager: Mounting plugin PlatformCrypto
LogPluginManager: Mounting plugin ProxyLODPlugin
LogPluginManager: Mounting plugin SkeletalReduction
LogPluginManager: Mounting plugin Niagara
LogPluginManager: Mounting plugin MagicLeap
LogPluginManager: Mounting plugin MagicLeapLightEstimation
LogPluginManager: Mounting plugin MagicLeapMedia
LogPluginManager: Mounting plugin MagicLeapPassableWorld
LogPluginManager: Mounting plugin MLSDK
LogPluginManager: Mounting plugin AndroidMedia
LogPluginManager: Mounting plugin AvfMedia
LogPluginManager: Mounting plugin ImgMedia
LogPluginManager: Mounting plugin MediaCompositing
LogPluginManager: Mounting plugin MediaPlayerEditor
LogPluginManager: Mounting plugin WebMMedia
LogPluginManager: Mounting plugin WmfMedia
LogPluginManager: Mounting plugin MeshPainting
LogPluginManager: Mounting plugin TcpMessaging
LogPluginManager: Mounting plugin UdpMessaging
LogPluginManager: Mounting plugin ActorSequence
LogPluginManager: Mounting plugin LevelSequenceEditor
LogPluginManager: Mounting plugin MatineeToLevelSequence
LogPluginManager: Mounting plugin MovieRenderPipeline
LogPluginManager: Mounting plugin TemplateSequence
LogPluginManager: Mounting plugin NetcodeUnitTest
LogPluginManager: Mounting plugin NUTUnrealEngine4
LogPluginManager: Mounting plugin OnlineSubsystemGooglePlay
LogPluginManager: Mounting plugin OnlineSubsystemIOS
LogPluginManager: Mounting plugin OnlineSubsystem
LogPluginManager: Mounting plugin OnlineSubsystemNull
LogPluginManager: Mounting plugin OnlineSubsystemUtils
LogPluginManager: Mounting plugin LauncherChunkInstaller
LogPluginManager: Mounting plugin AndroidDeviceProfileSelector
LogPluginManager: Mounting plugin AndroidMoviePlayer
LogPluginManager: Mounting plugin AndroidPermission
LogPluginManager: Mounting plugin AppleImageUtils
LogPluginManager: Mounting plugin AppleMoviePlayer
LogPluginManager: Mounting plugin ArchVisCharacter
LogPluginManager: Mounting plugin AssetTags
LogPluginManager: Mounting plugin AudioCapture
LogPluginManager: Mounting plugin CableComponent
LogPluginManager: Mounting plugin CustomMeshComponent
LogPluginManager: Mounting plugin EditableMesh
LogPluginManager: Mounting plugin ExampleDeviceProfileSelector
LogPluginManager: Mounting plugin GoogleCloudMessaging
LogPluginManager: Mounting plugin GooglePAD
LogPluginManager: Mounting plugin IOSDeviceProfileSelector
LogPluginManager: Mounting plugin LinuxDeviceProfileSelector
LogPluginManager: Mounting plugin LocationServicesBPLibrary
LogPluginManager: Mounting plugin MobilePatchingUtils
LogPluginManager: Mounting plugin OculusVR
LogPluginManager: Mounting plugin PhysXVehicles
LogPluginManager: Mounting plugin PostSplashScreen
LogPluginManager: Mounting plugin ProceduralMeshComponent
LogPluginManager: Mounting plugin RuntimePhysXCooking
LogPluginManager: Mounting plugin SignificanceManager
LogPluginManager: Mounting plugin SoundFields
LogPluginManager: Mounting plugin SteamVR
LogPluginManager: Mounting plugin Synthesis
LogPluginManager: Mounting plugin WebMMoviePlayer
LogPluginManager: Mounting plugin WindowsMoviePlayer
LogPluginManager: Mounting plugin ScreenshotTools
LogInit: Using libcurl 7.55.1-DEV
LogInit:  - built for x86_64-pc-win32
LogInit:  - supports SSL with OpenSSL/1.1.1
LogInit:  - supports HTTP deflate (compression) using libz 1.2.8
LogInit:  - other features:
LogInit:      CURL_VERSION_SSL
LogInit:      CURL_VERSION_LIBZ
LogInit:      CURL_VERSION_IPV6
LogInit:      CURL_VERSION_ASYNCHDNS
LogInit:      CURL_VERSION_LARGEFILE
LogInit:      CURL_VERSION_IDN
LogInit:  CurlRequestOptions (configurable via config and command line):
LogInit:  - bVerifyPeer = true  - Libcurl will verify peer certificate
LogInit:  - bUseHttpProxy = false  - Libcurl will NOT use HTTP proxy
LogInit:  - bDontReuseConnections = false  - Libcurl will reuse connections
LogInit:  - MaxHostConnections = 16  - Libcurl will limit the number of connections to a host
LogInit:  - LocalHostAddr = Default
LogInit:  - BufferSize = 65536
LogOnline: OSS: Creating online subsystem instance for: NULL
LogInit: WinSock: version 1.1 (2.2), MaxSocks=32767, MaxUdp=65467
LogOnline: OSS: TryLoadSubsystemAndSetDefault: Loaded subsystem for module [NULL]
LogInit: Build: ++UE4+Release-4.25-CL-13942748
LogInit: Engine Version: 4.25.3-13942748+++UE4+Release-4.25
LogInit: Compatible Engine Version: 4.25.0-13144385+++UE4+Release-4.25
LogInit: Net CL: 13144385
LogInit: OS: Windows 10 (Release 1909) (), CPU: AMD Ryzen 5 1500X Quad-Core Processor          , GPU: NVIDIA GeForce GTX 1060 3GB
LogInit: Compiled (64-bit): Jul 25 2020 02:07:48
LogInit: Compiled with Visual C++: 19.24.28315.00
LogInit: Build Configuration: Development
LogInit: Branch Name: ++UE4+Release-4.25
LogInit: Command Line:  -EpicPortal -epicusername=ijkxyz20 -epicuserid=0f32da6e03844299a1d88ef75a3a4d6c -epiclocale=en
LogInit: Base Directory: D:/Program Files/Epic Games/UE_4.25/Engine/Binaries/Win64/
LogInit: Allocator: TBB
LogInit: Installed Engine Build: 1
LogDevObjectVersion: Number of dev versions registered: 26
LogDevObjectVersion:   Dev-Blueprints (B0D832E4-1F89-4F0D-ACCF-7EB736FD4AA2): 10
LogDevObjectVersion:   Dev-Build (E1C64328-A22C-4D53-A36C-8E866417BD8C): 0
LogDevObjectVersion:   Dev-Core (375EC13C-06E4-48FB-B500-84F0262A717E): 4
LogDevObjectVersion:   Dev-Editor (E4B068ED-F494-42E9-A231-DA0B2E46BB41): 38
LogDevObjectVersion:   Dev-Framework (CFFC743F-43B0-4480-9391-14DF171D2073): 37
LogDevObjectVersion:   Dev-Mobile (B02B49B5-BB20-44E9-A304-32B752E40360): 2
LogDevObjectVersion:   Dev-Networking (A4E4105C-59A1-49B5-A7C5-40C4547EDFEE): 0
LogDevObjectVersion:   Dev-Online (39C831C9-5AE6-47DC-9A44-9C173E1C8E7C): 0
LogDevObjectVersion:   Dev-Physics (78F01B33-EBEA-4F98-B9B4-84EACCB95AA2): 4
LogDevObjectVersion:   Dev-Platform (6631380F-2D4D-43E0-8009-CF276956A95A): 0
LogDevObjectVersion:   Dev-Rendering (12F88B9F-8875-4AFC-A67C-D90C383ABD29): 43
LogDevObjectVersion:   Dev-Sequencer (7B5AE74C-D270-4C10-A958-57980B212A5A): 12
LogDevObjectVersion:   Dev-VR (D7296918-1DD6-4BDD-9DE2-64A83CC13884): 3
LogDevObjectVersion:   Dev-LoadTimes (C2A15278-BFE7-4AFE-6C17-90FF531DF755): 1
LogDevObjectVersion:   Private-Geometry (6EACA3D4-40EC-4CC1-B786-8BED09428FC5): 3
LogDevObjectVersion:   Dev-AnimPhys (29E575DD-E0A3-4627-9D10-D276232CDCEA): 17
LogDevObjectVersion:   Dev-Anim (AF43A65D-7FD3-4947-9873-3E8ED9C1BB05): 7
LogDevObjectVersion:   Dev-ReflectionCapture (6B266CEC-1EC7-4B8F-A30B-E4D90942FC07): 1
LogDevObjectVersion:   Dev-Automation (0DF73D61-A23F-47EA-B727-89E90C41499A): 1
LogDevObjectVersion:   FortniteMain (601D1886-AC64-4F84-AA16-D3DE0DEAC7D6): 31
LogDevObjectVersion:   Dev-Enterprise (9DFFBCD6-494F-0158-E221-12823C92A888): 10
LogDevObjectVersion:   Dev-Niagara (F2AED0AC-9AFE-416F-8664-AA7FFA26D6FC): 1
LogDevObjectVersion:   Dev-Destruction (174F1F0B-B4C6-45A5-B13F-2EE8D0FB917D): 10
LogDevObjectVersion:   Dev-Physics-Ext (35F94A83-E258-406C-A318-09F59610247C): 37
LogDevObjectVersion:   Dev-PhysicsMaterial-Chaos (B68FC16E-8B1B-42E2-B453-215C058844FE): 1
LogDevObjectVersion:   Dev-CineCamera (B2E18506-4273-CFC2-A54E-F4BB758BBA07): 1
LogInit: Presizing for max 25165824 objects, including 0 objects not considered by GC, pre-allocating 0 bytes for permanent pool.
LogConfig: Applying CVar settings from Section [/Script/Engine.StreamingSettings] File [F:/Unreal/puzzle/puzzle/Saved/Config/Windows/Engine.ini]
LogConfig: Setting CVar [[s.MinBulkDataSizeForAsyncLoading:131072]]
LogConfig: Setting CVar [[s.AsyncLoadingThreadEnabled:0]]
LogConfig: Setting CVar [[s.EventDrivenLoaderEnabled:1]]
LogConfig: Setting CVar [[s.WarnIfTimeLimitExceeded:0]]
LogConfig: Setting CVar [[s.TimeLimitExceededMultiplier:1.5]]
LogConfig: Setting CVar [[s.TimeLimitExceededMinTime:0.005]]
LogConfig: Setting CVar [[s.UseBackgroundLevelStreaming:1]]
LogConfig: Setting CVar [[s.PriorityAsyncLoadingExtraTime:15.0]]
LogConfig: Setting CVar [[s.LevelStreamingActorsUpdateTimeLimit:5.0]]
LogConfig: Setting CVar [[s.PriorityLevelStreamingActorsUpdateExtraTime:5.0]]
LogConfig: Setting CVar [[s.LevelStreamingComponentsRegistrationGranularity:10]]
LogConfig: Setting CVar [[s.UnregisterComponentsTimeLimit:1.0]]
LogConfig: Setting CVar [[s.LevelStreamingComponentsUnregistrationGranularity:5]]
LogConfig: Setting CVar [[s.FlushStreamingOnExit:1]]
LogInit: Object subsystem initialized
LogConfig: Setting CVar [[con.DebugEarlyDefault:1]]
LogConfig: Setting CVar [[r.setres:1280x720]]
[2020.09.24-16.59.31:259][  0]LogConfig: Setting CVar [[r.VSync:0]]
[2020.09.24-16.59.31:259][  0]LogConfig: Setting CVar [[r.RHICmdBypass:0]]
[2020.09.24-16.59.31:259][  0]LogConfig: Applying CVar settings from Section [/Script/Engine.RendererSettings] File [F:/Unreal/puzzle/puzzle/Saved/Config/Windows/Engine.ini]
[2020.09.24-16.59.31:259][  0]LogConfig: Setting CVar [[r.GPUCrashDebugging:0]]
[2020.09.24-16.59.31:259][  0]LogConfig: Setting CVar [[r.SkinCache.CompileShaders:1]]
[2020.09.24-16.59.31:259][  0]LogConfig: Setting CVar [[r.RayTracing:1]]
[2020.09.24-16.59.31:259][  0]LogConfig: Applying CVar settings from Section [/Script/Engine.RendererOverrideSettings] File [F:/Unreal/puzzle/puzzle/Saved/Config/Windows/Engine.ini]
[2020.09.24-16.59.31:259][  0]LogConfig: Applying CVar settings from Section [/Script/Engine.StreamingSettings] File [F:/Unreal/puzzle/puzzle/Saved/Config/Windows/Engine.ini]
[2020.09.24-16.59.31:259][  0]LogConfig: Setting CVar [[s.MinBulkDataSizeForAsyncLoading:131072]]
[2020.09.24-16.59.31:259][  0]LogConfig: Setting CVar [[s.AsyncLoadingThreadEnabled:0]]
[2020.09.24-16.59.31:259][  0]LogConfig: Setting CVar [[s.EventDrivenLoaderEnabled:1]]
[2020.09.24-16.59.31:259][  0]LogConfig: Setting CVar [[s.WarnIfTimeLimitExceeded:0]]
[2020.09.24-16.59.31:259][  0]LogConfig: Setting CVar [[s.TimeLimitExceededMultiplier:1.5]]
[2020.09.24-16.59.31:259][  0]LogConfig: Setting CVar [[s.TimeLimitExceededMinTime:0.005]]
[2020.09.24-16.59.31:259][  0]LogConfig: Setting CVar [[s.UseBackgroundLevelStreaming:1]]
[2020.09.24-16.59.31:259][  0]LogConfig: Setting CVar [[s.PriorityAsyncLoadingExtraTime:15.0]]
[2020.09.24-16.59.31:259][  0]LogConfig: Setting CVar [[s.LevelStreamingActorsUpdateTimeLimit:5.0]]
[2020.09.24-16.59.31:259][  0]LogConfig: Setting CVar [[s.PriorityLevelStreamingActorsUpdateExtraTime:5.0]]
[2020.09.24-16.59.31:259][  0]LogConfig: Setting CVar [[s.LevelStreamingComponentsRegistrationGranularity:10]]
[2020.09.24-16.59.31:259][  0]LogConfig: Setting CVar [[s.UnregisterComponentsTimeLimit:1.0]]
[2020.09.24-16.59.31:259][  0]LogConfig: Setting CVar [[s.LevelStreamingComponentsUnregistrationGranularity:5]]
[2020.09.24-16.59.31:259][  0]LogConfig: Setting CVar [[s.FlushStreamingOnExit:1]]
[2020.09.24-16.59.31:259][  0]LogConfig: Applying CVar settings from Section [/Script/Engine.GarbageCollectionSettings] File [F:/Unreal/puzzle/puzzle/Saved/Config/Windows/Engine.ini]
[2020.09.24-16.59.31:259][  0]LogConfig: Setting CVar [[gc.MaxObjectsNotConsideredByGC:1]]
[2020.09.24-16.59.31:259][  0]LogConfig: Setting CVar [[gc.SizeOfPermanentObjectPool:0]]
[2020.09.24-16.59.31:259][  0]LogConfig: Setting CVar [[gc.FlushStreamingOnGC:0]]
[2020.09.24-16.59.31:259][  0]LogConfig: Setting CVar [[gc.NumRetriesBeforeForcingGC:10]]
[2020.09.24-16.59.31:259][  0]LogConfig: Setting CVar [[gc.AllowParallelGC:1]]
[2020.09.24-16.59.31:259][  0]LogConfig: Setting CVar [[gc.TimeBetweenPurgingPendingKillObjects:61.1]]
[2020.09.24-16.59.31:259][  0]LogConfig: Setting CVar [[gc.MaxObjectsInEditor:25165824]]
[2020.09.24-16.59.31:259][  0]LogConfig: Setting CVar [[gc.IncrementalBeginDestroyEnabled:1]]
[2020.09.24-16.59.31:259][  0]LogConfig: Setting CVar [[gc.CreateGCClusters:1]]
[2020.09.24-16.59.31:259][  0]LogConfig: Setting CVar [[gc.MinGCClusterSize:5]]
[2020.09.24-16.59.31:259][  0]LogConfig: Setting CVar [[gc.ActorClusteringEnabled:0]]
[2020.09.24-16.59.31:259][  0]LogConfig: Setting CVar [[gc.BlueprintClusteringEnabled:0]]
[2020.09.24-16.59.31:259][  0]LogConfig: Setting CVar [[gc.UseDisregardForGCOnDedicatedServers:0]]
[2020.09.24-16.59.31:259][  0]LogConfig: Applying CVar settings from Section [/Script/Engine.NetworkSettings] File [F:/Unreal/puzzle/puzzle/Saved/Config/Windows/Engine.ini]
[2020.09.24-16.59.31:259][  0]LogConfig: Applying CVar settings from Section [/Script/UnrealEd.CookerSettings] File [F:/Unreal/puzzle/puzzle/Saved/Config/Windows/Engine.ini]
[2020.09.24-16.59.31:263][  0]LogConfig: Applying CVar settings from Section [ViewDistanceQuality@3] File [F:/Unreal/puzzle/puzzle/Saved/Config/Windows/Scalability.ini]
[2020.09.24-16.59.31:264][  0]LogConfig: Setting CVar [[r.SkeletalMeshLODBias:0]]
[2020.09.24-16.59.31:264][  0]LogConfig: Setting CVar [[r.ViewDistanceScale:1.0]]
[2020.09.24-16.59.31:264][  0]LogConfig: Applying CVar settings from Section [AntiAliasingQuality@3] File [F:/Unreal/puzzle/puzzle/Saved/Config/Windows/Scalability.ini]
[2020.09.24-16.59.31:264][  0]LogConfig: Setting CVar [[r.PostProcessAAQuality:4]]
[2020.09.24-16.59.31:264][  0]LogConfig: Applying CVar settings from Section [ShadowQuality@3] File [F:/Unreal/puzzle/puzzle/Saved/Config/Windows/Scalability.ini]
[2020.09.24-16.59.31:264][  0]LogConfig: Setting CVar [[r.LightFunctionQuality:1]]
[2020.09.24-16.59.31:264][  0]LogConfig: Setting CVar [[r.ShadowQuality:5]]
[2020.09.24-16.59.31:264][  0]LogConfig: Setting CVar [[r.Shadow.CSM.MaxCascades:10]]
[2020.09.24-16.59.31:264][  0]LogConfig: Setting CVar [[r.Shadow.MaxResolution:2048]]
[2020.09.24-16.59.31:264][  0]LogConfig: Setting CVar [[r.Shadow.MaxCSMResolution:2048]]
[2020.09.24-16.59.31:264][  0]LogConfig: Setting CVar [[r.Shadow.RadiusThreshold:0.01]]
[2020.09.24-16.59.31:264][  0]LogConfig: Setting CVar [[r.Shadow.DistanceScale:1.0]]
[2020.09.24-16.59.31:264][  0]LogConfig: Setting CVar [[r.Shadow.CSM.TransitionScale:1.0]]
[2020.09.24-16.59.31:264][  0]LogConfig: Setting CVar [[r.Shadow.PreShadowResolutionFactor:1.0]]
[2020.09.24-16.59.31:264][  0]LogConfig: Setting CVar [[r.DistanceFieldShadowing:1]]
[2020.09.24-16.59.31:264][  0]LogConfig: Setting CVar [[r.DistanceFieldAO:1]]
[2020.09.24-16.59.31:264][  0]LogConfig: Setting CVar [[r.AOQuality:2]]
[2020.09.24-16.59.31:264][  0]LogConfig: Setting CVar [[r.VolumetricFog:1]]
[2020.09.24-16.59.31:264][  0]LogConfig: Setting CVar [[r.VolumetricFog.GridPixelSize:8]]
[2020.09.24-16.59.31:264][  0]LogConfig: Setting CVar [[r.VolumetricFog.GridSizeZ:128]]
[2020.09.24-16.59.31:264][  0]LogConfig: Setting CVar [[r.VolumetricFog.HistoryMissSupersampleCount:4]]
[2020.09.24-16.59.31:264][  0]LogConfig: Setting CVar [[r.LightMaxDrawDistanceScale:1]]
[2020.09.24-16.59.31:264][  0]LogConfig: Setting CVar [[r.CapsuleShadows:1]]
[2020.09.24-16.59.31:264][  0]LogConfig: Applying CVar settings from Section [PostProcessQuality@3] File [F:/Unreal/puzzle/puzzle/Saved/Config/Windows/Scalability.ini]
[2020.09.24-16.59.31:264][  0]LogConfig: Setting CVar [[r.MotionBlurQuality:4]]
[2020.09.24-16.59.31:264][  0]LogConfig: Setting CVar [[r.AmbientOcclusionMipLevelFactor:0.4]]
[2020.09.24-16.59.31:264][  0]LogConfig: Setting CVar [[r.AmbientOcclusionMaxQuality:100]]
[2020.09.24-16.59.31:264][  0]LogConfig: Setting CVar [[r.AmbientOcclusionLevels:-1]]
[2020.09.24-16.59.31:264][  0]LogConfig: Setting CVar [[r.AmbientOcclusionRadiusScale:1.0]]
[2020.09.24-16.59.31:264][  0]LogConfig: Setting CVar [[r.DepthOfFieldQuality:2]]
[2020.09.24-16.59.31:264][  0]LogConfig: Setting CVar [[r.RenderTargetPoolMin:400]]
[2020.09.24-16.59.31:264][  0]LogConfig: Setting CVar [[r.LensFlareQuality:2]]
[2020.09.24-16.59.31:264][  0]LogConfig: Setting CVar [[r.SceneColorFringeQuality:1]]
[2020.09.24-16.59.31:264][  0]LogConfig: Setting CVar [[r.EyeAdaptationQuality:2]]
[2020.09.24-16.59.31:264][  0]LogConfig: Setting CVar [[r.BloomQuality:5]]
[2020.09.24-16.59.31:264][  0]LogConfig: Setting CVar [[r.FastBlurThreshold:100]]
[2020.09.24-16.59.31:264][  0]LogConfig: Setting CVar [[r.Upscale.Quality:3]]
[2020.09.24-16.59.31:264][  0]LogConfig: Setting CVar [[r.Tonemapper.GrainQuantization:1]]
[2020.09.24-16.59.31:264][  0]LogConfig: Setting CVar [[r.LightShaftQuality:1]]
[2020.09.24-16.59.31:264][  0]LogConfig: Setting CVar [[r.Filter.SizeScale:1]]
[2020.09.24-16.59.31:264][  0]LogConfig: Setting CVar [[r.Tonemapper.Quality:5]]
[2020.09.24-16.59.31:264][  0]LogConfig: Setting CVar [[r.DOF.Gather.AccumulatorQuality:1        ; higher gathering accumulator quality]]
[2020.09.24-16.59.31:264][  0]LogConfig: Setting CVar [[r.DOF.Gather.PostfilterMethod:1          ; Median3x3 postfilering method]]
[2020.09.24-16.59.31:264][  0]LogConfig: Setting CVar [[r.DOF.Gather.EnableBokehSettings:0       ; no bokeh simulation when gathering]]
[2020.09.24-16.59.31:264][  0]LogConfig: Setting CVar [[r.DOF.Gather.RingCount:4                 ; medium number of samples when gathering]]
[2020.09.24-16.59.31:264][  0]LogConfig: Setting CVar [[r.DOF.Scatter.ForegroundCompositing:1    ; additive foreground scattering]]
[2020.09.24-16.59.31:264][  0]LogConfig: Setting CVar [[r.DOF.Scatter.BackgroundCompositing:2    ; additive background scattering]]
[2020.09.24-16.59.31:264][  0]LogConfig: Setting CVar [[r.DOF.Scatter.EnableBokehSettings:1      ; bokeh simulation when scattering]]
[2020.09.24-16.59.31:264][  0]LogConfig: Setting CVar [[r.DOF.Scatter.MaxSpriteRatio:0.1         ; only a maximum of 10% of scattered bokeh]]
[2020.09.24-16.59.31:264][  0]LogConfig: Setting CVar [[r.DOF.Recombine.Quality:1                ; cheap slight out of focus]]
[2020.09.24-16.59.31:264][  0]LogConfig: Setting CVar [[r.DOF.Recombine.EnableBokehSettings:0    ; no bokeh simulation on slight out of focus]]
[2020.09.24-16.59.31:264][  0]LogConfig: Setting CVar [[r.DOF.TemporalAAQuality:1                ; more stable temporal accumulation]]
[2020.09.24-16.59.31:264][  0]LogConfig: Setting CVar [[r.DOF.Kernel.MaxForegroundRadius:0.025]]
[2020.09.24-16.59.31:264][  0]LogConfig: Setting CVar [[r.DOF.Kernel.MaxBackgroundRadius:0.025]]
[2020.09.24-16.59.31:264][  0]LogConfig: Applying CVar settings from Section [TextureQuality@3] File [F:/Unreal/puzzle/puzzle/Saved/Config/Windows/Scalability.ini]
[2020.09.24-16.59.31:264][  0]LogConfig: Setting CVar [[r.Streaming.MipBias:0]]
[2020.09.24-16.59.31:264][  0]LogConfig: Setting CVar [[r.Streaming.AmortizeCPUToGPUCopy:0]]
[2020.09.24-16.59.31:264][  0]LogConfig: Setting CVar [[r.Streaming.MaxNumTexturesToStreamPerFrame:0]]
[2020.09.24-16.59.31:264][  0]LogConfig: Setting CVar [[r.Streaming.Boost:1]]
[2020.09.24-16.59.31:264][  0]LogConfig: Setting CVar [[r.MaxAnisotropy:8]]
[2020.09.24-16.59.31:264][  0]LogConfig: Setting CVar [[r.VT.MaxAnisotropy:8]]
[2020.09.24-16.59.31:264][  0]LogConfig: Setting CVar [[r.Streaming.LimitPoolSizeToVRAM:0]]
[2020.09.24-16.59.31:264][  0]LogConfig: Setting CVar [[r.Streaming.PoolSize:1000]]
[2020.09.24-16.59.31:264][  0]LogConfig: Setting CVar [[r.Streaming.MaxEffectiveScreenSize:0]]
[2020.09.24-16.59.31:265][  0]LogConfig: Applying CVar settings from Section [EffectsQuality@3] File [F:/Unreal/puzzle/puzzle/Saved/Config/Windows/Scalability.ini]
[2020.09.24-16.59.31:265][  0]LogConfig: Setting CVar [[r.TranslucencyLightingVolumeDim:64]]
[2020.09.24-16.59.31:265][  0]LogConfig: Setting CVar [[r.RefractionQuality:2]]
[2020.09.24-16.59.31:265][  0]LogConfig: Setting CVar [[r.SSR.Quality:3]]
[2020.09.24-16.59.31:265][  0]LogConfig: Setting CVar [[r.SSR.HalfResSceneColor:0]]
[2020.09.24-16.59.31:265][  0]LogConfig: Setting CVar [[r.SceneColorFormat:4]]
[2020.09.24-16.59.31:265][  0]LogConfig: Setting CVar [[r.DetailMode:2]]
[2020.09.24-16.59.31:265][  0]LogConfig: Setting CVar [[r.TranslucencyVolumeBlur:1]]
[2020.09.24-16.59.31:265][  0]LogConfig: Setting CVar [[r.MaterialQualityLevel:1 ; High quality]]
[2020.09.24-16.59.31:265][  0]LogConfig: Setting CVar [[r.SSS.Scale:1]]
[2020.09.24-16.59.31:265][  0]LogConfig: Setting CVar [[r.SSS.SampleSet:2]]
[2020.09.24-16.59.31:265][  0]LogConfig: Setting CVar [[r.SSS.Quality:1]]
[2020.09.24-16.59.31:265][  0]LogConfig: Setting CVar [[r.SSS.HalfRes:0]]
[2020.09.24-16.59.31:265][  0]LogConfig: Setting CVar [[r.SSGI.Quality:3]]
[2020.09.24-16.59.31:265][  0]LogConfig: Setting CVar [[r.EmitterSpawnRateScale:1.0]]
[2020.09.24-16.59.31:265][  0]LogConfig: Setting CVar [[r.ParticleLightQuality:2]]
[2020.09.24-16.59.31:265][  0]LogConfig: Setting CVar [[r.SkyAtmosphere.AerialPerspectiveLUT.FastApplyOnOpaque:1 ; Always have FastSkyLUT 1 in this case to avoid wrong sky]]
[2020.09.24-16.59.31:265][  0]LogConfig: Setting CVar [[r.SkyAtmosphere.AerialPerspectiveLUT.SampleCountPerSlice:1]]
[2020.09.24-16.59.31:265][  0]LogConfig: Setting CVar [[r.SkyAtmosphere.AerialPerspectiveLUT.DepthResolution:16.0]]
[2020.09.24-16.59.31:265][  0]LogConfig: Setting CVar [[r.SkyAtmosphere.FastSkyLUT:1]]
[2020.09.24-16.59.31:265][  0]LogConfig: Setting CVar [[r.SkyAtmosphere.FastSkyLUT.SampleCountMin:4.0]]
[2020.09.24-16.59.31:265][  0]LogConfig: Setting CVar [[r.SkyAtmosphere.FastSkyLUT.SampleCountMax:32.0]]
[2020.09.24-16.59.31:265][  0]LogConfig: Setting CVar [[r.SkyAtmosphere.SampleCountMin:4.0]]
[2020.09.24-16.59.31:265][  0]LogConfig: Setting CVar [[r.SkyAtmosphere.SampleCountMax:32.0]]
[2020.09.24-16.59.31:265][  0]LogConfig: Setting CVar [[r.SkyAtmosphere.TransmittanceLUT.UseSmallFormat:0]]
[2020.09.24-16.59.31:265][  0]LogConfig: Setting CVar [[r.SkyAtmosphere.TransmittanceLUT.SampleCount:10.0]]
[2020.09.24-16.59.31:265][  0]LogConfig: Setting CVar [[r.SkyAtmosphere.MultiScatteringLUT.SampleCount:15.0]]
[2020.09.24-16.59.31:265][  0]LogConfig: Applying CVar settings from Section [FoliageQuality@3] File [F:/Unreal/puzzle/puzzle/Saved/Config/Windows/Scalability.ini]
[2020.09.24-16.59.31:265][  0]LogConfig: Setting CVar [[foliage.DensityScale:1.0]]
[2020.09.24-16.59.31:265][  0]LogConfig: Setting CVar [[grass.DensityScale:1.0]]
[2020.09.24-16.59.31:265][  0]LogConfig: Applying CVar settings from Section [ShadingQuality@3] File [F:/Unreal/puzzle/puzzle/Saved/Config/Windows/Scalability.ini]
[2020.09.24-16.59.31:265][  0]LogConfig: Setting CVar [[r.HairStrands.SkyLighting.SampleCount:16]]
[2020.09.24-16.59.31:265][  0]LogConfig: Setting CVar [[r.HairStrands.SkyLighting.JitterIntegration:0]]
[2020.09.24-16.59.31:265][  0]LogConfig: Setting CVar [[r.HairStrands.SkyAO.SampleCount:16]]
[2020.09.24-16.59.31:265][  0]LogConfig: Setting CVar [[r.HairStrands.DeepShadow.SuperSampling:0]]
[2020.09.24-16.59.31:265][  0]LogConfig: Setting CVar [[r.HairStrands.VisibilityPPLL:0]]
[2020.09.24-16.59.31:265][  0]LogConfig: Setting CVar [[r.HairStrands.RasterizationScale:0.5]]
[2020.09.24-16.59.31:265][  0]LogConfig: Setting CVar [[r.HairStrands.VelocityRasterizationScale:1]]
[2020.09.24-16.59.31:265][  0]LogInit: Selected Device Profile: [Windows]
[2020.09.24-16.59.31:265][  0]LogInit: Applying CVar settings loaded from the selected device profile: [Windows]
[2020.09.24-16.59.31:265][  0]LogHAL: Display: Platform has ~ 8 GB [8538963968 / 8589934592 / 8], which maps to Default [LargestMinGB=32, LargerMinGB=12, DefaultMinGB=8, SmallerMinGB=6, SmallestMinGB=0)
[2020.09.24-16.59.31:265][  0]LogInit: Going up to parent DeviceProfile []
[2020.09.24-16.59.31:265][  0]LogConfig: Applying CVar settings from Section [ViewDistanceQuality@3] File [F:/Unreal/puzzle/puzzle/Saved/Config/Windows/Scalability.ini]
[2020.09.24-16.59.31:265][  0]LogConfig: Setting CVar [[r.SkeletalMeshLODBias:0]]
[2020.09.24-16.59.31:265][  0]LogConfig: Setting CVar [[r.ViewDistanceScale:1.0]]
[2020.09.24-16.59.31:265][  0]LogConfig: Applying CVar settings from Section [AntiAliasingQuality@3] File [F:/Unreal/puzzle/puzzle/Saved/Config/Windows/Scalability.ini]
[2020.09.24-16.59.31:265][  0]LogConfig: Setting CVar [[r.PostProcessAAQuality:4]]
[2020.09.24-16.59.31:265][  0]LogConfig: Applying CVar settings from Section [ShadowQuality@3] File [F:/Unreal/puzzle/puzzle/Saved/Config/Windows/Scalability.ini]
[2020.09.24-16.59.31:265][  0]LogConfig: Setting CVar [[r.LightFunctionQuality:1]]
[2020.09.24-16.59.31:265][  0]LogConfig: Setting CVar [[r.ShadowQuality:5]]
[2020.09.24-16.59.31:265][  0]LogConfig: Setting CVar [[r.Shadow.CSM.MaxCascades:10]]
[2020.09.24-16.59.31:265][  0]LogConfig: Setting CVar [[r.Shadow.MaxResolution:2048]]
[2020.09.24-16.59.31:265][  0]LogConfig: Setting CVar [[r.Shadow.MaxCSMResolution:2048]]
[2020.09.24-16.59.31:265][  0]LogConfig: Setting CVar [[r.Shadow.RadiusThreshold:0.01]]
[2020.09.24-16.59.31:265][  0]LogConfig: Setting CVar [[r.Shadow.DistanceScale:1.0]]
[2020.09.24-16.59.31:265][  0]LogConfig: Setting CVar [[r.Shadow.CSM.TransitionScale:1.0]]
[2020.09.24-16.59.31:265][  0]LogConfig: Setting CVar [[r.Shadow.PreShadowResolutionFactor:1.0]]
[2020.09.24-16.59.31:265][  0]LogConfig: Setting CVar [[r.DistanceFieldShadowing:1]]
[2020.09.24-16.59.31:265][  0]LogConfig: Setting CVar [[r.DistanceFieldAO:1]]
[2020.09.24-16.59.31:266][  0]LogConfig: Setting CVar [[r.AOQuality:2]]
[2020.09.24-16.59.31:266][  0]LogConfig: Setting CVar [[r.VolumetricFog:1]]
[2020.09.24-16.59.31:266][  0]LogConfig: Setting CVar [[r.VolumetricFog.GridPixelSize:8]]
[2020.09.24-16.59.31:266][  0]LogConfig: Setting CVar [[r.VolumetricFog.GridSizeZ:128]]
[2020.09.24-16.59.31:266][  0]LogConfig: Setting CVar [[r.VolumetricFog.HistoryMissSupersampleCount:4]]
[2020.09.24-16.59.31:266][  0]LogConfig: Setting CVar [[r.LightMaxDrawDistanceScale:1]]
[2020.09.24-16.59.31:266][  0]LogConfig: Setting CVar [[r.CapsuleShadows:1]]
[2020.09.24-16.59.31:266][  0]LogConfig: Applying CVar settings from Section [PostProcessQuality@3] File [F:/Unreal/puzzle/puzzle/Saved/Config/Windows/Scalability.ini]
[2020.09.24-16.59.31:266][  0]LogConfig: Setting CVar [[r.MotionBlurQuality:4]]
[2020.09.24-16.59.31:266][  0]LogConfig: Setting CVar [[r.AmbientOcclusionMipLevelFactor:0.4]]
[2020.09.24-16.59.31:266][  0]LogConfig: Setting CVar [[r.AmbientOcclusionMaxQuality:100]]
[2020.09.24-16.59.31:266][  0]LogConfig: Setting CVar [[r.AmbientOcclusionLevels:-1]]
[2020.09.24-16.59.31:266][  0]LogConfig: Setting CVar [[r.AmbientOcclusionRadiusScale:1.0]]
[2020.09.24-16.59.31:266][  0]LogConfig: Setting CVar [[r.DepthOfFieldQuality:2]]
[2020.09.24-16.59.31:266][  0]LogConfig: Setting CVar [[r.RenderTargetPoolMin:400]]
[2020.09.24-16.59.31:266][  0]LogConfig: Setting CVar [[r.LensFlareQuality:2]]
[2020.09.24-16.59.31:266][  0]LogConfig: Setting CVar [[r.SceneColorFringeQuality:1]]
[2020.09.24-16.59.31:266][  0]LogConfig: Setting CVar [[r.EyeAdaptationQuality:2]]
[2020.09.24-16.59.31:266][  0]LogConfig: Setting CVar [[r.BloomQuality:5]]
[2020.09.24-16.59.31:266][  0]LogConfig: Setting CVar [[r.FastBlurThreshold:100]]
[2020.09.24-16.59.31:266][  0]LogConfig: Setting CVar [[r.Upscale.Quality:3]]
[2020.09.24-16.59.31:266][  0]LogConfig: Setting CVar [[r.Tonemapper.GrainQuantization:1]]
[2020.09.24-16.59.31:266][  0]LogConfig: Setting CVar [[r.LightShaftQuality:1]]
[2020.09.24-16.59.31:266][  0]LogConfig: Setting CVar [[r.Filter.SizeScale:1]]
[2020.09.24-16.59.31:266][  0]LogConfig: Setting CVar [[r.Tonemapper.Quality:5]]
[2020.09.24-16.59.31:266][  0]LogConfig: Setting CVar [[r.DOF.Gather.AccumulatorQuality:1        ; higher gathering accumulator quality]]
[2020.09.24-16.59.31:266][  0]LogConfig: Setting CVar [[r.DOF.Gather.PostfilterMethod:1          ; Median3x3 postfilering method]]
[2020.09.24-16.59.31:266][  0]LogConfig: Setting CVar [[r.DOF.Gather.EnableBokehSettings:0       ; no bokeh simulation when gathering]]
[2020.09.24-16.59.31:266][  0]LogConfig: Setting CVar [[r.DOF.Gather.RingCount:4                 ; medium number of samples when gathering]]
[2020.09.24-16.59.31:266][  0]LogConfig: Setting CVar [[r.DOF.Scatter.ForegroundCompositing:1    ; additive foreground scattering]]
[2020.09.24-16.59.31:266][  0]LogConfig: Setting CVar [[r.DOF.Scatter.BackgroundCompositing:2    ; additive background scattering]]
[2020.09.24-16.59.31:266][  0]LogConfig: Setting CVar [[r.DOF.Scatter.EnableBokehSettings:1      ; bokeh simulation when scattering]]
[2020.09.24-16.59.31:266][  0]LogConfig: Setting CVar [[r.DOF.Scatter.MaxSpriteRatio:0.1         ; only a maximum of 10% of scattered bokeh]]
[2020.09.24-16.59.31:266][  0]LogConfig: Setting CVar [[r.DOF.Recombine.Quality:1                ; cheap slight out of focus]]
[2020.09.24-16.59.31:266][  0]LogConfig: Setting CVar [[r.DOF.Recombine.EnableBokehSettings:0    ; no bokeh simulation on slight out of focus]]
[2020.09.24-16.59.31:266][  0]LogConfig: Setting CVar [[r.DOF.TemporalAAQuality:1                ; more stable temporal accumulation]]
[2020.09.24-16.59.31:266][  0]LogConfig: Setting CVar [[r.DOF.Kernel.MaxForegroundRadius:0.025]]
[2020.09.24-16.59.31:266][  0]LogConfig: Setting CVar [[r.DOF.Kernel.MaxBackgroundRadius:0.025]]
[2020.09.24-16.59.31:266][  0]LogConfig: Applying CVar settings from Section [TextureQuality@3] File [F:/Unreal/puzzle/puzzle/Saved/Config/Windows/Scalability.ini]
[2020.09.24-16.59.31:266][  0]LogConfig: Setting CVar [[r.Streaming.MipBias:0]]
[2020.09.24-16.59.31:266][  0]LogConfig: Setting CVar [[r.Streaming.AmortizeCPUToGPUCopy:0]]
[2020.09.24-16.59.31:266][  0]LogConfig: Setting CVar [[r.Streaming.MaxNumTexturesToStreamPerFrame:0]]
[2020.09.24-16.59.31:266][  0]LogConfig: Setting CVar [[r.Streaming.Boost:1]]
[2020.09.24-16.59.31:266][  0]LogConfig: Setting CVar [[r.MaxAnisotropy:8]]
[2020.09.24-16.59.31:266][  0]LogConfig: Setting CVar [[r.VT.MaxAnisotropy:8]]
[2020.09.24-16.59.31:266][  0]LogConfig: Setting CVar [[r.Streaming.LimitPoolSizeToVRAM:0]]
[2020.09.24-16.59.31:266][  0]LogConfig: Setting CVar [[r.Streaming.PoolSize:1000]]
[2020.09.24-16.59.31:266][  0]LogConfig: Setting CVar [[r.Streaming.MaxEffectiveScreenSize:0]]
[2020.09.24-16.59.31:266][  0]LogConfig: Applying CVar settings from Section [EffectsQuality@3] File [F:/Unreal/puzzle/puzzle/Saved/Config/Windows/Scalability.ini]
[2020.09.24-16.59.31:266][  0]LogConfig: Setting CVar [[r.TranslucencyLightingVolumeDim:64]]
[2020.09.24-16.59.31:266][  0]LogConfig: Setting CVar [[r.RefractionQuality:2]]
[2020.09.24-16.59.31:266][  0]LogConfig: Setting CVar [[r.SSR.Quality:3]]
[2020.09.24-16.59.31:266][  0]LogConfig: Setting CVar [[r.SSR.HalfResSceneColor:0]]
[2020.09.24-16.59.31:266][  0]LogConfig: Setting CVar [[r.SceneColorFormat:4]]
[2020.09.24-16.59.31:266][  0]LogConfig: Setting CVar [[r.DetailMode:2]]
[2020.09.24-16.59.31:266][  0]LogConfig: Setting CVar [[r.TranslucencyVolumeBlur:1]]
[2020.09.24-16.59.31:266][  0]LogConfig: Setting CVar [[r.MaterialQualityLevel:1 ; High quality]]
[2020.09.24-16.59.31:266][  0]LogConfig: Setting CVar [[r.SSS.Scale:1]]
[2020.09.24-16.59.31:266][  0]LogConfig: Setting CVar [[r.SSS.SampleSet:2]]
[2020.09.24-16.59.31:266][  0]LogConfig: Setting CVar [[r.SSS.Quality:1]]
[2020.09.24-16.59.31:266][  0]LogConfig: Setting CVar [[r.SSS.HalfRes:0]]
[2020.09.24-16.59.31:266][  0]LogConfig: Setting CVar [[r.SSGI.Quality:3]]
[2020.09.24-16.59.31:266][  0]LogConfig: Setting CVar [[r.EmitterSpawnRateScale:1.0]]
[2020.09.24-16.59.31:266][  0]LogConfig: Setting CVar [[r.ParticleLightQuality:2]]
[2020.09.24-16.59.31:266][  0]LogConfig: Setting CVar [[r.SkyAtmosphere.AerialPerspectiveLUT.FastApplyOnOpaque:1 ; Always have FastSkyLUT 1 in this case to avoid wrong sky]]
[2020.09.24-16.59.31:266][  0]LogConfig: Setting CVar [[r.SkyAtmosphere.AerialPerspectiveLUT.SampleCountPerSlice:1]]
[2020.09.24-16.59.31:266][  0]LogConfig: Setting CVar [[r.SkyAtmosphere.AerialPerspectiveLUT.DepthResolution:16.0]]
[2020.09.24-16.59.31:266][  0]LogConfig: Setting CVar [[r.SkyAtmosphere.FastSkyLUT:1]]
[2020.09.24-16.59.31:266][  0]LogConfig: Setting CVar [[r.SkyAtmosphere.FastSkyLUT.SampleCountMin:4.0]]
[2020.09.24-16.59.31:267][  0]LogConfig: Setting CVar [[r.SkyAtmosphere.FastSkyLUT.SampleCountMax:32.0]]
[2020.09.24-16.59.31:267][  0]LogConfig: Setting CVar [[r.SkyAtmosphere.SampleCountMin:4.0]]
[2020.09.24-16.59.31:267][  0]LogConfig: Setting CVar [[r.SkyAtmosphere.SampleCountMax:32.0]]
[2020.09.24-16.59.31:267][  0]LogConfig: Setting CVar [[r.SkyAtmosphere.TransmittanceLUT.UseSmallFormat:0]]
[2020.09.24-16.59.31:267][  0]LogConfig: Setting CVar [[r.SkyAtmosphere.TransmittanceLUT.SampleCount:10.0]]
[2020.09.24-16.59.31:267][  0]LogConfig: Setting CVar [[r.SkyAtmosphere.MultiScatteringLUT.SampleCount:15.0]]
[2020.09.24-16.59.31:267][  0]LogConfig: Applying CVar settings from Section [FoliageQuality@3] File [F:/Unreal/puzzle/puzzle/Saved/Config/Windows/Scalability.ini]
[2020.09.24-16.59.31:267][  0]LogConfig: Setting CVar [[foliage.DensityScale:1.0]]
[2020.09.24-16.59.31:267][  0]LogConfig: Setting CVar [[grass.DensityScale:1.0]]
[2020.09.24-16.59.31:267][  0]LogConfig: Applying CVar settings from Section [ShadingQuality@3] File [F:/Unreal/puzzle/puzzle/Saved/Config/Windows/Scalability.ini]
[2020.09.24-16.59.31:267][  0]LogConfig: Setting CVar [[r.HairStrands.SkyLighting.SampleCount:16]]
[2020.09.24-16.59.31:267][  0]LogConfig: Setting CVar [[r.HairStrands.SkyLighting.JitterIntegration:0]]
[2020.09.24-16.59.31:267][  0]LogConfig: Setting CVar [[r.HairStrands.SkyAO.SampleCount:16]]
[2020.09.24-16.59.31:267][  0]LogConfig: Setting CVar [[r.HairStrands.DeepShadow.SuperSampling:0]]
[2020.09.24-16.59.31:267][  0]LogConfig: Setting CVar [[r.HairStrands.VisibilityPPLL:0]]
[2020.09.24-16.59.31:267][  0]LogConfig: Setting CVar [[r.HairStrands.RasterizationScale:0.5]]
[2020.09.24-16.59.31:267][  0]LogConfig: Setting CVar [[r.HairStrands.VelocityRasterizationScale:1]]
[2020.09.24-16.59.31:267][  0]LogConfig: Applying CVar settings from Section [Startup] File [../../../Engine/Config/ConsoleVariables.ini]
[2020.09.24-16.59.31:267][  0]LogConfig: Setting CVar [[net.UseAdaptiveNetUpdateFrequency:0]]
[2020.09.24-16.59.31:267][  0]LogConfig: Setting CVar [[p.chaos.AllowCreatePhysxBodies:1]]
[2020.09.24-16.59.31:267][  0]LogConfig: Setting CVar [[fx.SkipVectorVMBackendOptimizations:1]]
[2020.09.24-16.59.31:267][  0]LogConfig: Applying CVar settings from Section [ConsoleVariables] File [F:/Unreal/puzzle/puzzle/Saved/Config/Windows/Engine.ini]
[2020.09.24-16.59.31:267][  0]LogInit: Computer: DESKTOP-U12ICA9
[2020.09.24-16.59.31:267][  0]LogInit: User: Roshan
[2020.09.24-16.59.31:267][  0]LogInit: CPU Page size=4096, Cores=4
[2020.09.24-16.59.31:267][  0]LogInit: High frequency timer resolution =10.000000 MHz
[2020.09.24-16.59.31:267][  0]LogMemory: Memory total: Physical=8.0GB (8GB approx)
[2020.09.24-16.59.31:267][  0]LogMemory: Platform Memory Stats for Windows
[2020.09.24-16.59.31:267][  0]LogMemory: Process Physical Memory: 113.41 MB used, 113.41 MB peak
[2020.09.24-16.59.31:267][  0]LogMemory: Process Virtual Memory: 95.95 MB used, 95.95 MB peak
[2020.09.24-16.59.31:267][  0]LogMemory: Physical Memory: 4682.23 MB used,  3461.16 MB free, 8143.39 MB total
[2020.09.24-16.59.31:267][  0]LogMemory: Virtual Memory: 5143.55 MB used,  134212584.00 MB free, 134217728.00 MB total
[2020.09.24-16.59.31:272][  0]LogWindows: WindowsPlatformFeatures enabled
[2020.09.24-16.59.31:303][  0]LogInit: Physics initialised using underlying interface: PhysX
[2020.09.24-16.59.31:304][  0]LogInit: Using OS detected language (en-US).
[2020.09.24-16.59.31:304][  0]LogInit: Using OS detected locale (en-IN).
[2020.09.24-16.59.31:306][  0]LogTextLocalizationManager: No specific localization for 'en-US' exists, so the 'en' localization will be used.
[2020.09.24-16.59.31:506][  0]LogInit: Setting process to per monitor DPI aware
[2020.09.24-16.59.31:549][  0]LogSlate: New Slate User Created.  User Index 0, Is Virtual User: 0
[2020.09.24-16.59.31:549][  0]LogSlate: Slate User Registered.  User Index 0, Is Virtual User: 0
[2020.09.24-16.59.31:708][  0]LogD3D12RHI: Aftermath initialized
[2020.09.24-16.59.31:708][  0]LogD3D12RHI: Loading WinPixEventRuntime.dll for PIX profiling (from ../../../Engine/Binaries/ThirdParty/Windows/WinPixEventRuntime/x64).
[2020.09.24-16.59.31:714][  0]LogHMD: Failed to initialize OpenVR with code 110
[2020.09.24-16.59.31:836][  0]LogD3D12RHI: Found D3D12 adapter 0: NVIDIA GeForce GTX 1060 3GB (Max supported Feature Level 12_1)
[2020.09.24-16.59.31:836][  0]LogD3D12RHI: Adapter has 2988MB of dedicated video memory, 0MB of dedicated system memory, and 4071MB of shared system memory, 2 output[s]
[2020.09.24-16.59.31:859][  0]LogD3D12RHI: Found D3D12 adapter 1: Microsoft Basic Render Driver (Max supported Feature Level 12_1)
[2020.09.24-16.59.31:860][  0]LogD3D12RHI: Adapter has 0MB of dedicated video memory, 0MB of dedicated system memory, and 4071MB of shared system memory, 0 output[s]
[2020.09.24-16.59.31:860][  0]LogD3D12RHI: Forcing D3D12.AsyncDeferredDeletion=0 as a workaround for a deadlock.
[2020.09.24-16.59.31:860][  0]LogD3D12RHI: Chosen D3D12 Adapter Id = 0
[2020.09.24-16.59.31:867][  0]LogD3D12RHI: Emitting draw events for PIX profiling.
[2020.09.24-16.59.31:941][  0]LogD3D12RHI: The system supports ID3D12Device1.
[2020.09.24-16.59.31:941][  0]LogD3D12RHI: The system supports ID3D12Device2.
[2020.09.24-16.59.32:009][  0]LogD3D12RHI: [GPUBreadCrumb] Successfully setup breadcrumb resource for 3D Queue 0
[2020.09.24-16.59.32:017][  0]LogD3D12RHI: [GPUBreadCrumb] Successfully setup breadcrumb resource for Copy Queue 0
[2020.09.24-16.59.32:032][  0]LogD3D12RHI: [GPUBreadCrumb] Successfully setup breadcrumb resource for Compute Queue 0
[2020.09.24-16.59.32:038][  0]LogD3D12RHI: Display: Not using pipeline state disk cache per r.D3D12.PSO.DiskCache=0
[2020.09.24-16.59.32:038][  0]LogD3D12RHI: Display: Not using driver-optimized pipeline state disk cache per r.D3D12.PSO.DriverOptimizedDiskCache=0
[2020.09.24-16.59.32:039][  0]LogD3D12RHI:     GPU DeviceId: 0x1c02 (for the marketing name, search the web for "GPU Device Id")
[2020.09.24-16.59.32:039][  0]LogWindows: EnumDisplayDevices:
[2020.09.24-16.59.32:039][  0]LogWindows:    0. 'NVIDIA GeForce GTX 1060 3GB' (P:1 D:1)
[2020.09.24-16.59.32:040][  0]LogWindows:    1. 'NVIDIA GeForce GTX 1060 3GB' (P:0 D:1)
[2020.09.24-16.59.32:040][  0]LogWindows:    2. 'NVIDIA GeForce GTX 1060 3GB' (P:0 D:0)
[2020.09.24-16.59.32:040][  0]LogWindows:    3. 'NVIDIA GeForce GTX 1060 3GB' (P:0 D:0)
[2020.09.24-16.59.32:040][  0]LogWindows: DebugString: FoundDriverCount:4 
[2020.09.24-16.59.32:040][  0]LogD3D12RHI:     Adapter Name: NVIDIA GeForce GTX 1060 3GB
[2020.09.24-16.59.32:040][  0]LogD3D12RHI:   Driver Version: 451.77 (internal:27.21.14.5177, unified:451.77)
[2020.09.24-16.59.32:040][  0]LogD3D12RHI:      Driver Date: 7-13-2020
[2020.09.24-16.59.32:040][  0]LogRHI: Texture pool is 1600 MB (70% of 2285 MB)
[2020.09.24-16.59.32:040][  0]LogD3D12RHI: Async texture creation enabled
[2020.09.24-16.59.32:040][  0]LogD3D12RHI: RHI has support for 64 bit atomics
[2020.09.24-16.59.32:314][  0]LogTargetPlatformManager: Display: Loaded TargetPlatform 'AllDesktop'
[2020.09.24-16.59.32:337][  0]LogTargetPlatformManager: Display: Loaded TargetPlatform 'Android'
[2020.09.24-16.59.32:337][  0]LogTargetPlatformManager: Display: Loaded TargetPlatform 'Android_ASTC'
[2020.09.24-16.59.32:337][  0]LogTargetPlatformManager: Display: Loaded TargetPlatform 'Android_DXT'
[2020.09.24-16.59.32:337][  0]LogTargetPlatformManager: Display: Loaded TargetPlatform 'Android_ETC2'
[2020.09.24-16.59.32:337][  0]LogTargetPlatformManager: Display: Loaded TargetPlatform 'AndroidClient'
[2020.09.24-16.59.32:337][  0]LogTargetPlatformManager: Display: Loaded TargetPlatform 'Android_ASTCClient'
[2020.09.24-16.59.32:337][  0]LogTargetPlatformManager: Display: Loaded TargetPlatform 'Android_DXTClient'
[2020.09.24-16.59.32:337][  0]LogTargetPlatformManager: Display: Loaded TargetPlatform 'Android_ETC2Client'
[2020.09.24-16.59.32:337][  0]LogTargetPlatformManager: Display: Loaded TargetPlatform 'Android_Multi'
[2020.09.24-16.59.32:337][  0]LogTargetPlatformManager: Display: Loaded TargetPlatform 'Android_MultiClient'
[2020.09.24-16.59.32:362][  0]LogTargetPlatformManager: Display: Loaded TargetPlatform 'IOSClient'
[2020.09.24-16.59.32:362][  0]LogTargetPlatformManager: Display: Loaded TargetPlatform 'IOS'
[2020.09.24-16.59.32:372][  0]LogTargetPlatformManager: Display: Loaded TargetPlatform 'Linux'
[2020.09.24-16.59.32:382][  0]LogTargetPlatformManager: Display: Loaded TargetPlatform 'LinuxNoEditor'
[2020.09.24-16.59.32:391][  0]LogTargetPlatformManager: Display: Loaded TargetPlatform 'LinuxClient'
[2020.09.24-16.59.32:401][  0]LogTargetPlatformManager: Display: Loaded TargetPlatform 'LinuxServer'
[2020.09.24-16.59.32:411][  0]LogTargetPlatformManager: Display: Loaded TargetPlatform 'LinuxAArch64NoEditor'
[2020.09.24-16.59.32:420][  0]LogTargetPlatformManager: Display: Loaded TargetPlatform 'LinuxAArch64Client'
[2020.09.24-16.59.32:430][  0]LogTargetPlatformManager: Display: Loaded TargetPlatform 'LinuxAArch64Server'
[2020.09.24-16.59.32:456][  0]LogTargetPlatformManager: Display: Loaded TargetPlatform 'Lumin'
[2020.09.24-16.59.32:457][  0]LogTargetPlatformManager: Display: Loaded TargetPlatform 'LuminClient'
[2020.09.24-16.59.32:473][  0]LogTargetPlatformManager: Display: Loaded TargetPlatform 'TVOSClient'
[2020.09.24-16.59.32:473][  0]LogTargetPlatformManager: Display: Loaded TargetPlatform 'TVOS'
[2020.09.24-16.59.32:483][  0]LogTargetPlatformManager: Display: Loaded TargetPlatform 'WindowsNoEditor'
[2020.09.24-16.59.32:493][  0]LogTargetPlatformManager: Display: Loaded TargetPlatform 'Windows'
[2020.09.24-16.59.32:503][  0]LogTargetPlatformManager: Display: Loaded TargetPlatform 'WindowsClient'
[2020.09.24-16.59.32:512][  0]LogTargetPlatformManager: Display: Loaded TargetPlatform 'WindowsServer'
[2020.09.24-16.59.32:512][  0]LogTargetPlatformManager: Display: Building Assets For Windows
[2020.09.24-16.59.32:520][  0]LogAudioDebug: Display: Lib vorbis DLL was dynamically loaded.
[2020.09.24-16.59.32:573][  0]LogShaderCompilers: Guid format shader working directory is 24 characters bigger than the processId version (F:/Unreal/puzzle/puzzle/Intermediate/Shaders/WorkingDirectory/7504/).
[2020.09.24-16.59.32:573][  0]LogShaderCompilers: Cleaned the shader compiler working directory 'C:/Users/Roshan/AppData/Local/Temp/UnrealShaderWorkingDir/A71BC06744F9CEC778AC7B88FDC9BC21/'.
[2020.09.24-16.59.32:574][  0]LogXGEController: Cannot use XGE Controller as Incredibuild is not installed on this machine.
[2020.09.24-16.59.32:574][  0]LogShaderCompilers: Cannot use XGE Shader Compiler as Incredibuild is not installed on this machine.
[2020.09.24-16.59.32:574][  0]LogShaderCompilers: Display: Using Local Shader Compiler.
[2020.09.24-16.59.33:417][  0]LogDerivedDataCache: Display: Max Cache Size: 512 MB
[2020.09.24-16.59.33:479][  0]LogDerivedDataCache: Loaded boot cache 0.06s 75MB C:/Users/Roshan/AppData/Local/UnrealEngine/4.25/DerivedDataCache/Boot.ddc.
[2020.09.24-16.59.33:479][  0]LogDerivedDataCache: Display: Loaded Boot cache: C:/Users/Roshan/AppData/Local/UnrealEngine/4.25/DerivedDataCache/Boot.ddc
[2020.09.24-16.59.33:479][  0]LogDerivedDataCache: FDerivedDataBackendGraph:  Pak pak cache file F:/Unreal/puzzle/puzzle/DerivedDataCache/DDC.ddp not found, will not use a pak cache.
[2020.09.24-16.59.33:479][  0]LogDerivedDataCache: Unable to find inner node Pak for hierarchical cache Hierarchy.
[2020.09.24-16.59.33:479][  0]LogDerivedDataCache: FDerivedDataBackendGraph:  CompressedPak pak cache file F:/Unreal/puzzle/puzzle/DerivedDataCache/Compressed.ddp not found, will not use a pak cache.
[2020.09.24-16.59.33:479][  0]LogDerivedDataCache: Unable to find inner node CompressedPak for hierarchical cache Hierarchy.
[2020.09.24-16.59.33:492][  0]LogDerivedDataCache: Display: Pak cache opened for reading ../../../Engine/DerivedDataCache/Compressed.ddp.
[2020.09.24-16.59.33:492][  0]LogDerivedDataCache: FDerivedDataBackendGraph:  EnterprisePak pak cache file ../../../Enterprise/DerivedDataCache/Compressed.ddp not found, will not use a pak cache.
[2020.09.24-16.59.33:492][  0]LogDerivedDataCache: Unable to find inner node EnterprisePak for hierarchical cache Hierarchy.
[2020.09.24-16.59.33:492][  0]LogDerivedDataCache: Using Local data cache path C:/Users/Roshan/AppData/Local/UnrealEngine/Common/DerivedDataCache: Writable
[2020.09.24-16.59.33:492][  0]LogDerivedDataCache: Shared data cache path not found in *engine.ini, will not use an Shared cache.
[2020.09.24-16.59.33:492][  0]LogDerivedDataCache: Unable to find inner node Shared for hierarchical cache Hierarchy.
[2020.09.24-16.59.35:217][  0]LogSlate: Using FreeType 2.10.0
[2020.09.24-16.59.35:217][  0]LogSlate: SlateFontServices - WITH_FREETYPE: 1, WITH_HARFBUZZ: 1
[2020.09.24-16.59.35:243][  0]LogShaderCompilers: Display: Worker (1/5): shaders left to compile 3126
[2020.09.24-16.59.35:243][  0]LogShaderCompilers: Display: Worker (2/5): shaders left to compile 3125
[2020.09.24-16.59.35:243][  0]LogShaderCompilers: Display: Worker (3/5): shaders left to compile 3124
[2020.09.24-16.59.35:243][  0]LogShaderCompilers: Display: Worker (4/5): shaders left to compile 3123
[2020.09.24-16.59.35:243][  0]LogShaderCompilers: Display: Worker (5/5): shaders left to compile 3122
[2020.09.24-16.59.35:243][  0]LogAssetRegistry: FAssetRegistry took 0.0030 seconds to start up
[2020.09.24-16.59.35:586][  0]LogShaderCompilers: Display: Worker (3/5): shaders left to compile 3121
[2020.09.24-16.59.35:586][  0]LogShaderCompilers: Display: Worker (5/5): shaders left to compile 3120
[2020.09.24-16.59.35:586][  0]LogInit: Selected Device Profile: [Windows]
[2020.09.24-16.59.35:682][  0]LogShaderCompilers: Display: Worker (4/5): shaders left to compile 3119
[2020.09.24-16.59.35:682][  0]LogShaderCompilers: Display: Worker (2/5): shaders left to compile 3118
[2020.09.24-16.59.35:682][  0]LogShaderCompilers: Display: Worker (1/5): shaders left to compile 3117
[2020.09.24-16.59.35:682][  0]LogShaderCompilers: Display: Worker (3/5): shaders left to compile 3116
[2020.09.24-16.59.35:682][  0]LogMaterial: Display: Missing cached shader map for material WorldGridMaterial, compiling. Is special engine material.
[2020.09.24-16.59.37:022][  0]LogShaderCompilers: Display: Worker (4/5): shaders left to compile 3115
[2020.09.24-16.59.37:022][  0]LogShaderCompilers: Display: Worker (5/5): shaders left to compile 3114
[2020.09.24-16.59.37:022][  0]LogShaderCompilers: Display: Worker (2/5): shaders left to compile 3113
[2020.09.24-16.59.37:022][  0]LogShaderCompilers: Display: Worker (1/5): shaders left to compile 3112
[2020.09.24-16.59.37:022][  0]LogShaderCompilers: Display: Worker (3/5): shaders left to compile 3111
[2020.09.24-16.59.37:022][  0]LogShaderCompilers: Display: Worker (5/5): shaders left to compile 3110
[2020.09.24-16.59.37:022][  0]LogShaderCompilers: Display: Worker (2/5): shaders left to compile 3109
[2020.09.24-16.59.37:022][  0]LogShaderCompilers: Display: Worker (4/5): shaders left to compile 3108
[2020.09.24-16.59.37:022][  0]LogShaderCompilers: Display: Worker (1/5): shaders left to compile 3107
[2020.09.24-16.59.37:022][  0]LogShaderCompilers: Display: Worker (3/5): shaders left to compile 3106
[2020.09.24-16.59.37:022][  0]LogShaderCompilers: Display: Worker (5/5): shaders left to compile 3105
[2020.09.24-16.59.37:022][  0]LogShaderCompilers: Display: Worker (2/5): shaders left to compile 3104
[2020.09.24-16.59.37:022][  0]LogShaderCompilers: Display: Worker (4/5): shaders left to compile 3103
[2020.09.24-16.59.37:022][  0]LogShaderCompilers: Display: Worker (1/5): shaders left to compile 3102
[2020.09.24-16.59.37:022][  0]LogShaderCompilers: Display: Worker (3/5): shaders left to compile 3101
[2020.09.24-16.59.37:022][  0]LogShaderCompilers: Display: Worker (5/5): shaders left to compile 3100
[2020.09.24-16.59.37:022][  0]LogShaderCompilers: Display: Worker (4/5): shaders left to compile 3099
[2020.09.24-16.59.37:022][  0]LogShaderCompilers: Display: Worker (2/5): shaders left to compile 3098
[2020.09.24-16.59.37:022][  0]LogShaderCompilers: Display: Worker (1/5): shaders left to compile 3097
[2020.09.24-16.59.37:022][  0]LogShaderCompilers: Display: Worker (3/5): shaders left to compile 3096
[2020.09.24-16.59.37:022][  0]LogShaderCompilers: Display: Worker (5/5): shaders left to compile 3095
[2020.09.24-16.59.37:022][  0]LogShaderCompilers: Display: Worker (4/5): shaders left to compile 3094
[2020.09.24-16.59.37:022][  0]LogShaderCompilers: Display: Worker (1/5): shaders left to compile 3093
[2020.09.24-16.59.37:022][  0]LogShaderCompilers: Display: Worker (2/5): shaders left to compile 3092
[2020.09.24-16.59.37:022][  0]LogShaderCompilers: Display: Worker (3/5): shaders left to compile 3091
[2020.09.24-16.59.37:022][  0]LogShaderCompilers: Display: Worker (4/5): shaders left to compile 4047
[2020.09.24-16.59.37:022][  0]LogShaderCompilers: Display: Worker (5/5): shaders left to compile 4046
[2020.09.24-16.59.37:022][  0]LogShaderCompilers: Display: Worker (2/5): shaders left to compile 4045
[2020.09.24-16.59.37:022][  0]LogShaderCompilers: Display: Worker (1/5): shaders left to compile 4044
[2020.09.24-16.59.37:022][  0]LogShaderCompilers: Display: Worker (3/5): shaders left to compile 4043
[2020.09.24-16.59.37:022][  0]LogShaderCompilers: Display: Worker (4/5): shaders left to compile 4042
[2020.09.24-16.59.37:022][  0]LogShaderCompilers: Display: Worker (1/5): shaders left to compile 4041
[2020.09.24-16.59.37:022][  0]LogShaderCompilers: Display: Worker (5/5): shaders left to compile 4040
[2020.09.24-16.59.37:022][  0]LogShaderCompilers: Display: Worker (3/5): shaders left to compile 4039
[2020.09.24-16.59.37:022][  0]LogShaderCompilers: Display: Worker (1/5): shaders left to compile 4038
[2020.09.24-16.59.37:022][  0]LogShaderCompilers: Display: Worker (4/5): shaders left to compile 4037
[2020.09.24-16.59.37:022][  0]LogShaderCompilers: Display: Worker (5/5): shaders left to compile 4036
[2020.09.24-16.59.37:022][  0]LogShaderCompilers: Display: Worker (3/5): shaders left to compile 4035
[2020.09.24-16.59.37:022][  0]LogShaderCompilers: Display: Worker (1/5): shaders left to compile 4034
[2020.09.24-16.59.37:022][  0]LogShaderCompilers: Display: Worker (4/5): shaders left to compile 4033
[2020.09.24-16.59.37:022][  0]LogShaderCompilers: Display: Worker (5/5): shaders left to compile 4032
[2020.09.24-16.59.37:022][  0]LogShaderCompilers: Display: Worker (3/5): shaders left to compile 4031
[2020.09.24-16.59.37:022][  0]LogShaderCompilers: Display: Worker (4/5): shaders left to compile 4030
[2020.09.24-16.59.37:022][  0]LogShaderCompilers: Display: Worker (5/5): shaders left to compile 4029
[2020.09.24-16.59.37:022][  0]LogShaderCompilers: Display: Worker (2/5): shaders left to compile 4028
[2020.09.24-16.59.37:022][  0]LogShaderCompilers: Display: Worker (1/5): shaders left to compile 4027
[2020.09.24-16.59.37:022][  0]LogShaderCompilers: Display: Worker (3/5): shaders left to compile 4026
[2020.09.24-16.59.37:583][  0]LogShaderCompilers: Display: Worker (4/5): shaders left to compile 4025
[2020.09.24-16.59.37:583][  0]LogShaderCompilers: Display: Worker (5/5): shaders left to compile 4024
[2020.09.24-16.59.37:583][  0]LogShaderCompilers: Display: Worker (2/5): shaders left to compile 4023
[2020.09.24-16.59.37:583][  0]LogShaderCompilers: Display: Worker (3/5): shaders left to compile 4022
[2020.09.24-16.59.37:583][  0]LogShaderCompilers: Display: Worker (1/5): shaders left to compile 4021
[2020.09.24-16.59.37:583][  0]LogShaderCompilers: Display: Worker (2/5): shaders left to compile 4020
[2020.09.24-16.59.37:583][  0]LogShaderCompilers: Display: Worker (4/5): shaders left to compile 4019
[2020.09.24-16.59.37:583][  0]LogShaderCompilers: Display: Worker (3/5): shaders left to compile 4018
[2020.09.24-16.59.37:583][  0]LogShaderCompilers: Display: Worker (1/5): shaders left to compile 4017
[2020.09.24-16.59.37:583][  0]LogShaderCompilers: Display: Worker (5/5): shaders left to compile 4016
[2020.09.24-16.59.37:583][  0]LogShaderCompilers: Display: Worker (2/5): shaders left to compile 4015
[2020.09.24-16.59.37:583][  0]LogShaderCompilers: Display: Worker (4/5): shaders left to compile 4014
[2020.09.24-16.59.37:583][  0]LogShaderCompilers: Display: Worker (3/5): shaders left to compile 4013
[2020.09.24-16.59.37:583][  0]LogShaderCompilers: Display: Worker (1/5): shaders left to compile 4012
[2020.09.24-16.59.37:583][  0]LogShaderCompilers: Display: Worker (5/5): shaders left to compile 4011
[2020.09.24-16.59.37:583][  0]LogShaderCompilers: Display: Worker (2/5): shaders left to compile 4010
[2020.09.24-16.59.37:583][  0]LogShaderCompilers: Display: Worker (4/5): shaders left to compile 4009
[2020.09.24-16.59.37:583][  0]LogShaderCompilers: Display: Worker (1/5): shaders left to compile 4008
[2020.09.24-16.59.37:583][  0]LogShaderCompilers: Display: Worker (5/5): shaders left to compile 4007
[2020.09.24-16.59.37:583][  0]LogShaderCompilers: Display: Worker (2/5): shaders left to compile 4006
[2020.09.24-16.59.37:583][  0]LogShaderCompilers: Display: Worker (3/5): shaders left to compile 4005
[2020.09.24-16.59.37:583][  0]LogShaderCompilers: Display: Worker (4/5): shaders left to compile 4004
[2020.09.24-16.59.38:145][  0]LogShaderCompilers: Display: Worker (5/5): shaders left to compile 4003
[2020.09.24-16.59.38:145][  0]LogShaderCompilers: Display: Worker (1/5): shaders left to compile 4002
[2020.09.24-16.59.38:145][  0]LogShaderCompilers: Display: Worker (5/5): shaders left to compile 4001
[2020.09.24-16.59.38:145][  0]LogShaderCompilers: Display: Worker (1/5): shaders left to compile 4000
[2020.09.24-16.59.38:145][  0]LogShaderCompilers: Display: Worker (2/5): shaders left to compile 3999
[2020.09.24-16.59.38:145][  0]LogShaderCompilers: Display: Worker (4/5): shaders left to compile 3998
[2020.09.24-16.59.38:145][  0]LogShaderCompilers: Display: Worker (5/5): shaders left to compile 3997
[2020.09.24-16.59.38:145][  0]LogShaderCompilers: Display: Worker (1/5): shaders left to compile 3996
[2020.09.24-16.59.38:145][  0]LogShaderCompilers: Display: Worker (2/5): shaders left to compile 3995
[2020.09.24-16.59.38:145][  0]LogShaderCompilers: Display: Worker (3/5): shaders left to compile 3994
[2020.09.24-16.59.38:145][  0]LogShaderCompilers: Display: Worker (4/5): shaders left to compile 3993
[2020.09.24-16.59.38:145][  0]LogShaderCompilers: Display: Worker (5/5): shaders left to compile 3992
[2020.09.24-16.59.38:145][  0]LogShaderCompilers: Display: Worker (2/5): shaders left to compile 3991
[2020.09.24-16.59.38:145][  0]LogShaderCompilers: Display: Worker (3/5): shaders left to compile 3990
[2020.09.24-16.59.38:145][  0]LogShaderCompilers: Display: Worker (4/5): shaders left to compile 3989
[2020.09.24-16.59.38:145][  0]LogShaderCompilers: Display: Worker (5/5): shaders left to compile 3988
[2020.09.24-16.59.38:145][  0]LogShaderCompilers: Display: Worker (2/5): shaders left to compile 3987
[2020.09.24-16.59.38:145][  0]LogShaderCompilers: Display: Worker (3/5): shaders left to compile 3986
[2020.09.24-16.59.38:145][  0]LogShaderCompilers: Display: Worker (1/5): shaders left to compile 3985
[2020.09.24-16.59.38:145][  0]LogShaderCompilers: Display: Worker (3/5): shaders left to compile 3984
[2020.09.24-16.59.38:145][  0]LogShaderCompilers: Display: Worker (1/5): shaders left to compile 3983
[2020.09.24-16.59.38:706][  0]LogShaderCompilers: Display: Worker (2/5): shaders left to compile 3982
[2020.09.24-16.59.38:706][  0]LogShaderCompilers: Display: Worker (3/5): shaders left to compile 3981
[2020.09.24-16.59.38:706][  0]LogShaderCompilers: Display: Worker (1/5): shaders left to compile 3980
[2020.09.24-16.59.38:706][  0]LogShaderCompilers: Display: Worker (4/5): shaders left to compile 3979
[2020.09.24-16.59.38:706][  0]LogShaderCompilers: Display: Worker (5/5): shaders left to compile 3978
[2020.09.24-16.59.38:706][  0]LogShaderCompilers: Display: Worker (4/5): shaders left to compile 3977
[2020.09.24-16.59.39:267][  0]LogShaderCompilers: Display: Worker (4/5): shaders left to compile 3976
[2020.09.24-16.59.39:267][  0]LogShaderCompilers: Display: Worker (5/5): shaders left to compile 3975
[2020.09.24-16.59.39:267][  0]LogShaderCompilers: Display: Worker (4/5): shaders left to compile 3974
[2020.09.24-16.59.39:267][  0]LogShaderCompilers: Display: Worker (5/5): shaders left to compile 3973
[2020.09.24-16.59.39:267][  0]LogShaderCompilers: Display: Worker (4/5): shaders left to compile 3972
[2020.09.24-16.59.39:267][  0]LogShaderCompilers: Display: Worker (5/5): shaders left to compile 3971
[2020.09.24-16.59.39:267][  0]LogShaderCompilers: Display: Worker (4/5): shaders left to compile 3970
[2020.09.24-16.59.39:828][  0]LogShaderCompilers: Display: Worker (1/5): shaders left to compile 3969
[2020.09.24-16.59.39:828][  0]LogShaderCompilers: Display: Worker (5/5): shaders left to compile 3968
[2020.09.24-16.59.39:828][  0]LogShaderCompilers: Display: Worker (4/5): shaders left to compile 3967
[2020.09.24-16.59.39:828][  0]LogShaderCompilers: Display: Worker (1/5): shaders left to compile 3966
[2020.09.24-16.59.39:828][  0]LogShaderCompilers: Display: Worker (5/5): shaders left to compile 3965
[2020.09.24-16.59.39:828][  0]LogShaderCompilers: Display: Worker (3/5): shaders left to compile 3964
[2020.09.24-16.59.39:828][  0]LogShaderCompilers: Display: Worker (4/5): shaders left to compile 3963
[2020.09.24-16.59.39:828][  0]LogShaderCompilers: Display: Worker (5/5): shaders left to compile 3962
[2020.09.24-16.59.39:828][  0]LogShaderCompilers: Display: Worker (1/5): shaders left to compile 3961
[2020.09.24-16.59.39:828][  0]LogShaderCompilers: Display: Worker (3/5): shaders left to compile 3960
[2020.09.24-16.59.39:828][  0]LogShaderCompilers: Display: Worker (4/5): shaders left to compile 3959
[2020.09.24-16.59.39:828][  0]LogShaderCompilers: Display: Worker (5/5): shaders left to compile 3958
[2020.09.24-16.59.40:389][  0]LogShaderCompilers: Display: Worker (1/5): shaders left to compile 3957
[2020.09.24-16.59.40:389][  0]LogShaderCompilers: Display: Worker (4/5): shaders left to compile 3956
[2020.09.24-16.59.40:389][  0]LogShaderCompilers: Display: Worker (3/5): shaders left to compile 3955
[2020.09.24-16.59.40:389][  0]LogShaderCompilers: Display: Worker (5/5): shaders left to compile 3954
[2020.09.24-16.59.40:389][  0]LogShaderCompilers: Display: Worker (4/5): shaders left to compile 3953
[2020.09.24-16.59.40:389][  0]LogShaderCompilers: Display: Worker (1/5): shaders left to compile 3952
[2020.09.24-16.59.40:389][  0]LogShaderCompilers: Display: Worker (5/5): shaders left to compile 3951
[2020.09.24-16.59.40:389][  0]LogShaderCompilers: Display: Worker (3/5): shaders left to compile 3950
[2020.09.24-16.59.40:389][  0]LogShaderCompilers: Display: Worker (4/5): shaders left to compile 3949
[2020.09.24-16.59.40:389][  0]LogShaderCompilers: Display: Worker (1/5): shaders left to compile 3948
[2020.09.24-16.59.40:389][  0]LogShaderCompilers: Display: Worker (3/5): shaders left to compile 3947
[2020.09.24-16.59.40:389][  0]LogShaderCompilers: Display: Worker (5/5): shaders left to compile 3946
[2020.09.24-16.59.40:389][  0]LogShaderCompilers: Display: Worker (4/5): shaders left to compile 3945
[2020.09.24-16.59.40:389][  0]LogShaderCompilers: Display: Worker (1/5): shaders left to compile 3944
[2020.09.24-16.59.40:389][  0]LogShaderCompilers: Display: Worker (5/5): shaders left to compile 3943
[2020.09.24-16.59.40:389][  0]LogShaderCompilers: Display: Worker (3/5): shaders left to compile 3942
[2020.09.24-16.59.40:389][  0]LogShaderCompilers: Display: Worker (4/5): shaders left to compile 3941
[2020.09.24-16.59.40:389][  0]LogShaderCompilers: Display: Worker (1/5): shaders left to compile 3940
[2020.09.24-16.59.40:950][  0]LogShaderCompilers: Display: Worker (3/5): shaders left to compile 3939
[2020.09.24-16.59.40:950][  0]LogShaderCompilers: Display: Worker (5/5): shaders left to compile 3938
[2020.09.24-16.59.40:950][  0]LogShaderCompilers: Display: Worker (4/5): shaders left to compile 3937
[2020.09.24-16.59.40:950][  0]LogShaderCompilers: Display: Worker (3/5): shaders left to compile 3936
[2020.09.24-16.59.40:950][  0]LogShaderCompilers: Display: Worker (1/5): shaders left to compile 3935
[2020.09.24-16.59.40:950][  0]LogShaderCompilers: Display: Worker (5/5): shaders left to compile 3934
[2020.09.24-16.59.40:950][  0]LogShaderCompilers: Display: Worker (4/5): shaders left to compile 3933
[2020.09.24-16.59.40:950][  0]LogShaderCompilers: Display: Worker (3/5): shaders left to compile 3932
[2020.09.24-16.59.40:950][  0]LogShaderCompilers: Display: Worker (1/5): shaders left to compile 3931
[2020.09.24-16.59.40:950][  0]LogShaderCompilers: Display: Worker (5/5): shaders left to compile 3930
[2020.09.24-16.59.40:950][  0]LogShaderCompilers: Display: Worker (4/5): shaders left to compile 3929
[2020.09.24-16.59.40:950][  0]LogShaderCompilers: Display: Worker (3/5): shaders left to compile 3928
[2020.09.24-16.59.40:950][  0]LogShaderCompilers: Display: Worker (1/5): shaders left to compile 3927
[2020.09.24-16.59.40:950][  0]LogShaderCompilers: Display: Worker (5/5): shaders left to compile 3926
[2020.09.24-16.59.40:950][  0]LogShaderCompilers: Display: Worker (4/5): shaders left to compile 3925
[2020.09.24-16.59.40:950][  0]LogShaderCompilers: Display: Worker (3/5): shaders left to compile 3924
[2020.09.24-16.59.40:950][  0]LogShaderCompilers: Display: Worker (1/5): shaders left to compile 3923
[2020.09.24-16.59.40:950][  0]LogShaderCompilers: Display: Worker (5/5): shaders left to compile 3922
[2020.09.24-16.59.41:511][  0]LogShaderCompilers: Display: Worker (1/5): shaders left to compile 3921
[2020.09.24-16.59.41:511][  0]LogShaderCompilers: Display: Worker (3/5): shaders left to compile 3920
[2020.09.24-16.59.41:511][  0]LogShaderCompilers: Display: Worker (4/5): shaders left to compile 3919
[2020.09.24-16.59.41:511][  0]LogShaderCompilers: Display: Worker (5/5): shaders left to compile 3918
[2020.09.24-16.59.41:511][  0]LogShaderCompilers: Display: Worker (5/5): shaders left to compile 3917
[2020.09.24-16.59.41:511][  0]LogShaderCompilers: Display: Worker (1/5): shaders left to compile 3916
[2020.09.24-16.59.41:511][  0]LogShaderCompilers: Display: Worker (3/5): shaders left to compile 3915
[2020.09.24-16.59.41:511][  0]LogShaderCompilers: Display: Worker (4/5): shaders left to compile 3914
[2020.09.24-16.59.41:511][  0]LogShaderCompilers: Display: Worker (5/5): shaders left to compile 3913
[2020.09.24-16.59.41:511][  0]LogShaderCompilers: Display: Worker (4/5): shaders left to compile 3912
[2020.09.24-16.59.41:511][  0]LogShaderCompilers: Display: Worker (3/5): shaders left to compile 3911
[2020.09.24-16.59.41:511][  0]LogShaderCompilers: Display: Worker (1/5): shaders left to compile 3910
[2020.09.24-16.59.41:511][  0]LogShaderCompilers: Display: Worker (4/5): shaders left to compile 3909
[2020.09.24-16.59.41:511][  0]LogShaderCompilers: Display: Worker (3/5): shaders left to compile 3908
[2020.09.24-16.59.41:511][  0]LogShaderCompilers: Display: Worker (1/5): shaders left to compile 3907
[2020.09.24-16.59.41:511][  0]LogShaderCompilers: Display: Worker (5/5): shaders left to compile 3906
[2020.09.24-16.59.41:511][  0]LogShaderCompilers: Display: Worker (4/5): shaders left to compile 3905
[2020.09.24-16.59.41:511][  0]LogShaderCompilers: Display: Worker (3/5): shaders left to compile 3904
[2020.09.24-16.59.42:072][  0]LogShaderCompilers: Display: Worker (1/5): shaders left to compile 3903
[2020.09.24-16.59.42:072][  0]LogShaderCompilers: Display: Worker (5/5): shaders left to compile 3902
[2020.09.24-16.59.42:072][  0]LogShaderCompilers: Display: Worker (4/5): shaders left to compile 3901
[2020.09.24-16.59.42:072][  0]LogShaderCompilers: Display: Worker (3/5): shaders left to compile 3900
[2020.09.24-16.59.42:072][  0]LogShaderCompilers: Display: Worker (5/5): shaders left to compile 3899
[2020.09.24-16.59.42:072][  0]LogShaderCompilers: Display: Worker (1/5): shaders left to compile 3898
[2020.09.24-16.59.42:072][  0]LogShaderCompilers: Display: Worker (4/5): shaders left to compile 3897
[2020.09.24-16.59.42:072][  0]LogShaderCompilers: Display: Worker (5/5): shaders left to compile 3896
[2020.09.24-16.59.42:072][  0]LogShaderCompilers: Display: Worker (1/5): shaders left to compile 3895
[2020.09.24-16.59.42:072][  0]LogShaderCompilers: Display: Worker (3/5): shaders left to compile 3894
[2020.09.24-16.59.42:072][  0]LogShaderCompilers: Display: Worker (3/5): shaders left to compile 3893
[2020.09.24-16.59.42:634][  0]LogShaderCompilers: Display: Worker (3/5): shaders left to compile 3892
[2020.09.24-16.59.42:634][  0]LogShaderCompilers: Display: Worker (1/5): shaders left to compile 3891
[2020.09.24-16.59.42:634][  0]LogShaderCompilers: Display: Worker (5/5): shaders left to compile 3890
[2020.09.24-16.59.43:195][  0]LogShaderCompilers: Display: Worker (4/5): shaders left to compile 3889
[2020.09.24-16.59.43:195][  0]LogShaderCompilers: Display: Worker (3/5): shaders left to compile 3888
[2020.09.24-16.59.43:195][  0]LogShaderCompilers: Display: Worker (1/5): shaders left to compile 3887
[2020.09.24-16.59.43:756][  0]LogShaderCompilers: Display: Worker (5/5): shaders left to compile 3886
[2020.09.24-16.59.43:756][  0]LogShaderCompilers: Display: Worker (4/5): shaders left to compile 3885
[2020.09.24-16.59.43:756][  0]LogShaderCompilers: Display: Worker (3/5): shaders left to compile 3884
[2020.09.24-16.59.43:756][  0]LogShaderCompilers: Display: Worker (1/5): shaders left to compile 3883
[2020.09.24-16.59.44:317][  0]LogShaderCompilers: Display: Worker (5/5): shaders left to compile 3882
[2020.09.24-16.59.44:317][  0]LogShaderCompilers: Display: Worker (4/5): shaders left to compile 3881
[2020.09.24-16.59.44:878][  0]LogShaderCompilers: Display: Worker (3/5): shaders left to compile 3880
[2020.09.24-16.59.44:878][  0]LogShaderCompilers: Display: Worker (1/5): shaders left to compile 3879
[2020.09.24-16.59.44:878][  0]LogShaderCompilers: Display: Worker (2/5): shaders left to compile 3878
[2020.09.24-16.59.44:878][  0]LogShaderCompilers: Display: Worker (5/5): shaders left to compile 3877
[2020.09.24-16.59.44:878][  0]LogShaderCompilers: Display: Worker (4/5): shaders left to compile 3876
[2020.09.24-16.59.45:439][  0]LogShaderCompilers: Display: Worker (3/5): shaders left to compile 3875
[2020.09.24-16.59.45:439][  0]LogShaderCompilers: Display: Worker (1/5): shaders left to compile 3874
[2020.09.24-16.59.46:000][  0]LogShaderCompilers: Display: Worker (2/5): shaders left to compile 3873
[2020.09.24-16.59.46:000][  0]LogShaderCompilers: Display: Worker (5/5): shaders left to compile 3872
[2020.09.24-16.59.46:000][  0]LogShaderCompilers: Display: Worker (4/5): shaders left to compile 3871
[2020.09.24-16.59.46:561][  0]LogShaderCompilers: Display: Worker (3/5): shaders left to compile 3870
[2020.09.24-16.59.46:561][  0]LogShaderCompilers: Display: Worker (1/5): shaders left to compile 3869
[2020.09.24-16.59.47:123][  0]LogShaderCompilers: Display: Worker (2/5): shaders left to compile 3868
[2020.09.24-16.59.47:683][  0]LogShaderCompilers: Display: Worker (5/5): shaders left to compile 3867
[2020.09.24-16.59.48:244][  0]LogShaderCompilers: Display: Worker (4/5): shaders left to compile 3866
[2020.09.24-16.59.49:366][  0]LogShaderCompilers: Display: Worker (3/5): shaders left to compile 3865
[2020.09.24-16.59.49:927][  0]LogShaderCompilers: Display: Worker (1/5): shaders left to compile 3864
[2020.09.24-16.59.51:048][  0]LogShaderCompilers: Display: Worker (2/5): shaders left to compile 3863
[2020.09.24-16.59.52:171][  0]LogShaderCompilers: Display: Worker (5/5): shaders left to compile 3862
[2020.09.24-16.59.52:732][  0]LogShaderCompilers: Display: Worker (4/5): shaders left to compile 3861
[2020.09.24-16.59.54:414][  0]LogShaderCompilers: Display: Worker (3/5): shaders left to compile 3860
[2020.09.24-16.59.55:537][  0]LogShaderCompilers: Display: Worker (3/5): shaders left to compile 3859
[2020.09.24-16.59.55:537][  0]LogShaderCompilers: Display: Worker (1/5): shaders left to compile 3858
[2020.09.24-16.59.56:098][  0]LogShaderCompilers: Display: Worker (3/5): shaders left to compile 3857
[2020.09.24-16.59.56:659][  0]LogShaderCompilers: Display: Worker (1/5): shaders left to compile 3856
[2020.09.24-16.59.57:219][  0]LogShaderCompilers: Display: Worker (3/5): shaders left to compile 3855
[2020.09.24-16.59.57:219][  0]LogShaderCompilers: Display: Worker (2/5): shaders left to compile 3854
[2020.09.24-16.59.57:219][  0]LogShaderCompilers: Display: Worker (1/5): shaders left to compile 3853
[2020.09.24-16.59.58:341][  0]LogShaderCompilers: Display: Worker (3/5): shaders left to compile 3852
[2020.09.24-16.59.58:341][  0]LogShaderCompilers: Display: Worker (2/5): shaders left to compile 3851
[2020.09.24-16.59.58:341][  0]LogShaderCompilers: Display: Worker (1/5): shaders left to compile 3850
[2020.09.24-16.59.58:902][  0]LogShaderCompilers: Display: Worker (5/5): shaders left to compile 3849
[2020.09.24-16.59.59:463][  0]LogShaderCompilers: Display: Worker (3/5): shaders left to compile 3848
[2020.09.24-16.59.59:463][  0]LogShaderCompilers: Display: Worker (2/5): shaders left to compile 3847
[2020.09.24-16.59.59:463][  0]LogShaderCompilers: Display: Worker (1/5): shaders left to compile 3846
[2020.09.24-17.00.00:025][  0]LogShaderCompilers: Display: Worker (5/5): shaders left to compile 3845
[2020.09.24-17.00.00:586][  0]LogShaderCompilers: Display: Worker (2/5): shaders left to compile 3844
[2020.09.24-17.00.00:586][  0]LogShaderCompilers: Display: Worker (3/5): shaders left to compile 3843
[2020.09.24-17.00.00:586][  0]LogShaderCompilers: Display: Worker (4/5): shaders left to compile 3842
[2020.09.24-17.00.00:586][  0]LogShaderCompilers: Display: Worker (1/5): shaders left to compile 3841
[2020.09.24-17.00.01:147][  0]LogShaderCompilers: Display: Worker (5/5): shaders left to compile 3840
[2020.09.24-17.00.01:147][  0]LogShaderCompilers: Display: Worker (2/5): shaders left to compile 3839
[2020.09.24-17.00.01:708][  0]LogShaderCompilers: Display: Worker (3/5): shaders left to compile 3838
[2020.09.24-17.00.02:830][  0]LogShaderCompilers: Display: Worker (4/5): shaders left to compile 3837
[2020.09.24-17.00.03:391][  0]LogShaderCompilers: Display: Worker (1/5): shaders left to compile 3836
[2020.09.24-17.00.05:074][  0]LogShaderCompilers: Display: Worker (5/5): shaders left to compile 3835
[2020.09.24-17.00.06:196][  0]LogShaderCompilers: Display: Worker (2/5): shaders left to compile 3834
[2020.09.24-17.00.07:878][  0]LogShaderCompilers: Display: Worker (3/5): shaders left to compile 3833
[2020.09.24-17.00.10:121][  0]LogShaderCompilers: Display: Worker (4/5): shaders left to compile 3832
[2020.09.24-17.00.12:361][  0]LogShaderCompilers: Display: Worker (1/5): shaders left to compile 3831
[2020.09.24-17.00.15:167][  0]LogShaderCompilers: Display: Worker (5/5): shaders left to compile 3830
[2020.09.24-17.00.19:107][  0]LogShaderCompilers: Display: Worker (2/5): shaders left to compile 3829
[2020.09.24-17.00.22:472][  0]LogShaderCompilers: Display: Worker (3/5): shaders left to compile 3828
[2020.09.24-17.00.23:033][  0]LogShaderCompilers: Display: Worker (3/5): shaders left to compile 3827
[2020.09.24-17.00.23:597][  0]LogShaderCompilers: Display: Worker (3/5): shaders left to compile 3826
[2020.09.24-17.00.24:158][  0]LogShaderCompilers: Display: Worker (3/5): shaders left to compile 3825
[2020.09.24-17.00.25:279][  0]LogShaderCompilers: Display: Worker (3/5): shaders left to compile 3824
[2020.09.24-17.00.25:840][  0]LogShaderCompilers: Display: Worker (4/5): shaders left to compile 3823
[2020.09.24-17.00.25:840][  0]LogShaderCompilers: Display: Worker (3/5): shaders left to compile 3822
[2020.09.24-17.00.26:402][  0]LogShaderCompilers: Display: Worker (4/5): shaders left to compile 3821
[2020.09.24-17.00.26:402][  0]LogShaderCompilers: Display: Worker (3/5): shaders left to compile 3820
[2020.09.24-17.00.26:963][  0]LogShaderCompilers: Display: Worker (3/5): shaders left to compile 3819
[2020.09.24-17.00.26:963][  0]LogShaderCompilers: Display: Worker (3/5): shaders left to compile 3818
[2020.09.24-17.00.26:963][  0]LogShaderCompilers: Display: Worker (4/5): shaders left to compile 3817
[2020.09.24-17.00.26:963][  0]LogShaderCompilers: Display: Worker (3/5): shaders left to compile 3816
[2020.09.24-17.00.27:528][  0]LogShaderCompilers: Display: Worker (4/5): shaders left to compile 3815
[2020.09.24-17.00.27:528][  0]LogShaderCompilers: Display: Worker (3/5): shaders left to compile 3814
[2020.09.24-17.00.27:528][  0]LogShaderCompilers: Display: Worker (4/5): shaders left to compile 3813
[2020.09.24-17.00.27:528][  0]LogShaderCompilers: Display: Worker (3/5): shaders left to compile 3812
[2020.09.24-17.00.27:528][  0]LogShaderCompilers: Display: Worker (4/5): shaders left to compile 3811
[2020.09.24-17.00.27:528][  0]LogShaderCompilers: Display: Worker (3/5): shaders left to compile 3810
[2020.09.24-17.00.27:528][  0]LogShaderCompilers: Display: Worker (4/5): shaders left to compile 3809
[2020.09.24-17.00.27:528][  0]LogShaderCompilers: Display: Worker (3/5): shaders left to compile 3808
[2020.09.24-17.00.28:089][  0]LogShaderCompilers: Display: Worker (4/5): shaders left to compile 3807
[2020.09.24-17.00.28:089][  0]LogShaderCompilers: Display: Worker (3/5): shaders left to compile 3806
[2020.09.24-17.00.29:772][  0]LogShaderCompilers: Display: Worker (1/5): shaders left to compile 3805
[2020.09.24-17.00.30:333][  0]LogShaderCompilers: Display: Worker (1/5): shaders left to compile 3804
[2020.09.24-17.00.30:333][  0]LogShaderCompilers: Display: Worker (1/5): shaders left to compile 3803
[2020.09.24-17.00.30:895][  0]LogShaderCompilers: Display: Worker (1/5): shaders left to compile 3802
[2020.09.24-17.00.30:895][  0]LogShaderCompilers: Display: Worker (1/5): shaders left to compile 3801
[2020.09.24-17.00.31:456][  0]LogShaderCompilers: Display: Worker (1/5): shaders left to compile 3800
[2020.09.24-17.00.32:579][  0]LogShaderCompilers: Display: Worker (1/5): shaders left to compile 3799
[2020.09.24-17.00.34:262][  0]LogShaderCompilers: Display: Worker (1/5): shaders left to compile 3798
[2020.09.24-17.00.35:385][  0]LogShaderCompilers: Display: Worker (5/5): shaders left to compile 3797
[2020.09.24-17.00.35:946][  0]LogShaderCompilers: Display: Worker (5/5): shaders left to compile 3796
[2020.09.24-17.00.35:946][  0]LogShaderCompilers: Display: Worker (1/5): shaders left to compile 3795
[2020.09.24-17.00.36:507][  0]LogShaderCompilers: Display: Worker (5/5): shaders left to compile 3794
[2020.09.24-17.00.36:507][  0]LogShaderCompilers: Display: Worker (1/5): shaders left to compile 3793
[2020.09.24-17.00.36:507][  0]LogShaderCompilers: Display: Worker (5/5): shaders left to compile 3792
[2020.09.24-17.00.37:068][  0]LogShaderCompilers: Display: Worker (1/5): shaders left to compile 3791
[2020.09.24-17.00.37:068][  0]LogShaderCompilers: Display: Worker (5/5): shaders left to compile 3790
[2020.09.24-17.00.37:068][  0]LogShaderCompilers: Display: Worker (1/5): shaders left to compile 3789
[2020.09.24-17.00.37:629][  0]LogShaderCompilers: Display: Worker (5/5): shaders left to compile 3788
[2020.09.24-17.00.37:629][  0]LogShaderCompilers: Display: Worker (1/5): shaders left to compile 3787
[2020.09.24-17.00.38:190][  0]LogShaderCompilers: Display: Worker (5/5): shaders left to compile 3786
[2020.09.24-17.00.38:190][  0]LogShaderCompilers: Display: Worker (1/5): shaders left to compile 3785
[2020.09.24-17.00.38:190][  0]LogShaderCompilers: Display: Worker (5/5): shaders left to compile 3784
[2020.09.24-17.00.38:751][  0]LogShaderCompilers: Display: Worker (1/5): shaders left to compile 3783
[2020.09.24-17.00.38:751][  0]LogShaderCompilers: Display: Worker (5/5): shaders left to compile 3782
[2020.09.24-17.00.38:751][  0]LogShaderCompilers: Display: Worker (1/5): shaders left to compile 3781
[2020.09.24-17.00.39:312][  0]LogShaderCompilers: Display: Worker (5/5): shaders left to compile 3780
[2020.09.24-17.00.39:312][  0]LogShaderCompilers: Display: Worker (1/5): shaders left to compile 3779
[2020.09.24-17.00.39:312][  0]LogShaderCompilers: Display: Worker (5/5): shaders left to compile 3778
[2020.09.24-17.00.39:874][  0]LogShaderCompilers: Display: Worker (2/5): shaders left to compile 3777
[2020.09.24-17.00.39:874][  0]LogShaderCompilers: Display: Worker (1/5): shaders left to compile 3776
[2020.09.24-17.00.39:874][  0]LogShaderCompilers: Display: Worker (5/5): shaders left to compile 3775
[2020.09.24-17.00.39:874][  0]LogShaderCompilers: Display: Worker (1/5): shaders left to compile 3774
[2020.09.24-17.00.39:874][  0]LogShaderCompilers: Display: Worker (2/5): shaders left to compile 3773
[2020.09.24-17.00.39:874][  0]LogShaderCompilers: Display: Worker (2/5): shaders left to compile 3772
[2020.09.24-17.00.40:435][  0]LogShaderCompilers: Display: Worker (5/5): shaders left to compile 3771
[2020.09.24-17.00.40:435][  0]LogShaderCompilers: Display: Worker (1/5): shaders left to compile 3770
[2020.09.24-17.00.40:435][  0]LogShaderCompilers: Display: Worker (2/5): shaders left to compile 3769
[2020.09.24-17.00.40:435][  0]LogShaderCompilers: Display: Worker (5/5): shaders left to compile 3768
[2020.09.24-17.00.40:435][  0]LogShaderCompilers: Display: Worker (1/5): shaders left to compile 3767
[2020.09.24-17.00.40:435][  0]LogShaderCompilers: Display: Worker (5/5): shaders left to compile 3766
[2020.09.24-17.00.40:996][  0]LogShaderCompilers: Display: Worker (2/5): shaders left to compile 3765
[2020.09.24-17.00.40:996][  0]LogShaderCompilers: Display: Worker (1/5): shaders left to compile 3764
[2020.09.24-17.00.40:996][  0]LogShaderCompilers: Display: Worker (5/5): shaders left to compile 3763
[2020.09.24-17.00.40:996][  0]LogShaderCompilers: Display: Worker (2/5): shaders left to compile 3762
[2020.09.24-17.00.41:556][  0]LogShaderCompilers: Display: Worker (1/5): shaders left to compile 3761
[2020.09.24-17.00.41:556][  0]LogShaderCompilers: Display: Worker (2/5): shaders left to compile 3760
[2020.09.24-17.00.41:556][  0]LogShaderCompilers: Display: Worker (5/5): shaders left to compile 3759
[2020.09.24-17.00.41:556][  0]LogShaderCompilers: Display: Worker (1/5): shaders left to compile 3758
[2020.09.24-17.00.41:556][  0]LogShaderCompilers: Display: Worker (2/5): shaders left to compile 3757
[2020.09.24-17.00.42:116][  0]LogShaderCompilers: Display: Worker (5/5): shaders left to compile 3756
[2020.09.24-17.00.42:116][  0]LogShaderCompilers: Display: Worker (5/5): shaders left to compile 3755
[2020.09.24-17.00.42:116][  0]LogShaderCompilers: Display: Worker (1/5): shaders left to compile 3754
[2020.09.24-17.00.42:116][  0]LogShaderCompilers: Display: Worker (2/5): shaders left to compile 3753
[2020.09.24-17.00.42:677][  0]LogShaderCompilers: Display: Worker (5/5): shaders left to compile 3752
[2020.09.24-17.00.42:677][  0]LogShaderCompilers: Display: Worker (1/5): shaders left to compile 3751
[2020.09.24-17.00.42:677][  0]LogShaderCompilers: Display: Worker (2/5): shaders left to compile 3750
[2020.09.24-17.00.43:238][  0]LogShaderCompilers: Display: Worker (5/5): shaders left to compile 3749
[2020.09.24-17.00.43:238][  0]LogShaderCompilers: Display: Worker (2/5): shaders left to compile 3748
[2020.09.24-17.00.43:238][  0]LogShaderCompilers: Display: Worker (2/5): shaders left to compile 3747
[2020.09.24-17.00.43:238][  0]LogShaderCompilers: Display: Worker (1/5): shaders left to compile 3746
[2020.09.24-17.00.43:238][  0]LogShaderCompilers: Display: Worker (5/5): shaders left to compile 3745
[2020.09.24-17.00.43:799][  0]LogShaderCompilers: Display: Worker (2/5): shaders left to compile 3744
[2020.09.24-17.00.43:799][  0]LogShaderCompilers: Display: Worker (1/5): shaders left to compile 3743
[2020.09.24-17.00.43:799][  0]LogShaderCompilers: Display: Worker (5/5): shaders left to compile 3742
[2020.09.24-17.00.43:799][  0]LogShaderCompilers: Display: Worker (2/5): shaders left to compile 3741
[2020.09.24-17.00.43:799][  0]LogShaderCompilers: Display: Worker (1/5): shaders left to compile 3740
[2020.09.24-17.00.43:799][  0]LogShaderCompilers: Display: Worker (5/5): shaders left to compile 3739
[2020.09.24-17.00.44:361][  0]LogShaderCompilers: Display: Worker (2/5): shaders left to compile 3738
[2020.09.24-17.00.44:361][  0]LogShaderCompilers: Display: Worker (1/5): shaders left to compile 3737
[2020.09.24-17.00.44:361][  0]LogShaderCompilers: Display: Worker (5/5): shaders left to compile 3736
[2020.09.24-17.00.44:921][  0]LogShaderCompilers: Display: Worker (2/5): shaders left to compile 3735
[2020.09.24-17.00.44:921][  0]LogShaderCompilers: Display: Worker (1/5): shaders left to compile 3734
[2020.09.24-17.00.44:921][  0]LogShaderCompilers: Display: Worker (5/5): shaders left to compile 3733
[2020.09.24-17.00.45:482][  0]LogShaderCompilers: Display: Worker (2/5): shaders left to compile 3732
[2020.09.24-17.00.45:482][  0]LogShaderCompilers: Display: Worker (1/5): shaders left to compile 3731
[2020.09.24-17.00.46:042][  0]LogShaderCompilers: Display: Worker (5/5): shaders left to compile 3730
[2020.09.24-17.00.46:042][  0]LogShaderCompilers: Display: Worker (2/5): shaders left to compile 3729
[2020.09.24-17.00.46:042][  0]LogShaderCompilers: Display: Worker (1/5): shaders left to compile 3728
[2020.09.24-17.00.46:603][  0]LogShaderCompilers: Display: Worker (1/5): shaders left to compile 3727
[2020.09.24-17.00.46:603][  0]LogShaderCompilers: Display: Worker (2/5): shaders left to compile 3726
[2020.09.24-17.00.46:603][  0]LogShaderCompilers: Display: Worker (5/5): shaders left to compile 3725
[2020.09.24-17.00.47:164][  0]LogShaderCompilers: Display: Worker (1/5): shaders left to compile 3724
[2020.09.24-17.00.47:164][  0]LogShaderCompilers: Display: Worker (2/5): shaders left to compile 3723
[2020.09.24-17.00.47:164][  0]LogShaderCompilers: Display: Worker (5/5): shaders left to compile 3722
[2020.09.24-17.00.47:725][  0]LogShaderCompilers: Display: Worker (5/5): shaders left to compile 3721
[2020.09.24-17.00.47:725][  0]LogShaderCompilers: Display: Worker (2/5): shaders left to compile 3720
[2020.09.24-17.00.47:725][  0]LogShaderCompilers: Display: Worker (1/5): shaders left to compile 3719
[2020.09.24-17.00.47:725][  0]LogShaderCompilers: Display: Worker (2/5): shaders left to compile 3718
[2020.09.24-17.00.47:725][  0]LogShaderCompilers: Display: Worker (5/5): shaders left to compile 3717
[2020.09.24-17.00.47:725][  0]LogShaderCompilers: Display: Worker (1/5): shaders left to compile 3716
[2020.09.24-17.00.47:725][  0]LogShaderCompilers: Display: Worker (5/5): shaders left to compile 3715
[2020.09.24-17.00.47:725][  0]LogShaderCompilers: Display: Worker (2/5): shaders left to compile 3714
[2020.09.24-17.00.48:286][  0]LogShaderCompilers: Display: Worker (1/5): shaders left to compile 3713
[2020.09.24-17.00.48:286][  0]LogShaderCompilers: Display: Worker (5/5): shaders left to compile 3712
[2020.09.24-17.00.48:286][  0]LogShaderCompilers: Display: Worker (2/5): shaders left to compile 3711
[2020.09.24-17.00.48:286][  0]LogShaderCompilers: Display: Worker (1/5): shaders left to compile 3710
[2020.09.24-17.00.48:286][  0]LogShaderCompilers: Display: Worker (5/5): shaders left to compile 3709
[2020.09.24-17.00.48:286][  0]LogShaderCompilers: Display: Worker (2/5): shaders left to compile 3708
[2020.09.24-17.00.48:286][  0]LogShaderCompilers: Display: Worker (1/5): shaders left to compile 3707
[2020.09.24-17.00.48:848][  0]LogShaderCompilers: Display: Worker (2/5): shaders left to compile 3706
[2020.09.24-17.00.48:848][  0]LogShaderCompilers: Display: Worker (5/5): shaders left to compile 3705
[2020.09.24-17.00.48:848][  0]LogShaderCompilers: Display: Worker (1/5): shaders left to compile 3704
[2020.09.24-17.00.49:409][  0]LogShaderCompilers: Display: Worker (2/5): shaders left to compile 3703
[2020.09.24-17.00.49:409][  0]LogShaderCompilers: Display: Worker (5/5): shaders left to compile 3702
[2020.09.24-17.00.49:409][  0]LogShaderCompilers: Display: Worker (1/5): shaders left to compile 3701
[2020.09.24-17.00.49:409][  0]LogShaderCompilers: Display: Worker (5/5): shaders left to compile 3700
[2020.09.24-17.00.49:409][  0]LogShaderCompilers: Display: Worker (2/5): shaders left to compile 3699
[2020.09.24-17.00.49:970][  0]LogShaderCompilers: Display: Worker (1/5): shaders left to compile 3698
[2020.09.24-17.00.49:970][  0]LogShaderCompilers: Display: Worker (5/5): shaders left to compile 3697
[2020.09.24-17.00.49:970][  0]LogShaderCompilers: Display: Worker (2/5): shaders left to compile 3696
[2020.09.24-17.00.49:970][  0]LogShaderCompilers: Display: Worker (1/5): shaders left to compile 3695
[2020.09.24-17.00.49:970][  0]LogShaderCompilers: Display: Worker (5/5): shaders left to compile 3694
[2020.09.24-17.00.49:970][  0]LogShaderCompilers: Display: Worker (2/5): shaders left to compile 3693
[2020.09.24-17.00.50:531][  0]LogShaderCompilers: Display: Worker (1/5): shaders left to compile 3692
[2020.09.24-17.00.50:531][  0]LogShaderCompilers: Display: Worker (5/5): shaders left to compile 3691
[2020.09.24-17.00.50:531][  0]LogShaderCompilers: Display: Worker (2/5): shaders left to compile 3690
[2020.09.24-17.00.50:531][  0]LogShaderCompilers: Display: Worker (1/5): shaders left to compile 3689
[2020.09.24-17.00.51:092][  0]LogShaderCompilers: Display: Worker (5/5): shaders left to compile 3688
[2020.09.24-17.00.51:092][  0]LogShaderCompilers: Display: Worker (2/5): shaders left to compile 3687
[2020.09.24-17.00.51:092][  0]LogShaderCompilers: Display: Worker (1/5): shaders left to compile 3686
[2020.09.24-17.00.51:649][  0]LogShaderCompilers: Display: Worker (2/5): shaders left to compile 3685
[2020.09.24-17.00.51:649][  0]LogShaderCompilers: Display: Worker (1/5): shaders left to compile 3684
[2020.09.24-17.00.51:649][  0]LogShaderCompilers: Display: Worker (5/5): shaders left to compile 3683
[2020.09.24-17.00.51:649][  0]LogShaderCompilers: Display: Worker (1/5): shaders left to compile 3682
[2020.09.24-17.00.51:649][  0]LogShaderCompilers: Display: Worker (5/5): shaders left to compile 3681
[2020.09.24-17.00.51:649][  0]LogShaderCompilers: Display: Worker (2/5): shaders left to compile 3680
[2020.09.24-17.00.51:649][  0]LogShaderCompilers: Display: Worker (1/5): shaders left to compile 3679
[2020.09.24-17.00.51:649][  0]LogShaderCompilers: Display: Worker (5/5): shaders left to compile 3678
[2020.09.24-17.00.51:649][  0]LogShaderCompilers: Display: Worker (2/5): shaders left to compile 3677
[2020.09.24-17.00.51:649][  0]LogShaderCompilers: Display: Worker (1/5): shaders left to compile 3676
[2020.09.24-17.00.51:649][  0]LogShaderCompilers: Display: Worker (5/5): shaders left to compile 3675
[2020.09.24-17.00.51:649][  0]LogShaderCompilers: Display: Worker (2/5): shaders left to compile 3674
[2020.09.24-17.00.52:209][  0]LogShaderCompilers: Display: Worker (1/5): shaders left to compile 3673
[2020.09.24-17.00.52:209][  0]LogShaderCompilers: Display: Worker (2/5): shaders left to compile 3672
[2020.09.24-17.00.52:209][  0]LogShaderCompilers: Display: Worker (1/5): shaders left to compile 3671
[2020.09.24-17.00.52:209][  0]LogShaderCompilers: Display: Worker (5/5): shaders left to compile 3670
[2020.09.24-17.00.52:775][  0]LogShaderCompilers: Display: Worker (2/5): shaders left to compile 3669
[2020.09.24-17.00.52:775][  0]LogShaderCompilers: Display: Worker (1/5): shaders left to compile 3668
[2020.09.24-17.00.52:775][  0]LogShaderCompilers: Display: Worker (5/5): shaders left to compile 3667
[2020.09.24-17.00.52:775][  0]LogShaderCompilers: Display: Worker (1/5): shaders left to compile 3666
[2020.09.24-17.00.53:337][  0]LogShaderCompilers: Display: Worker (5/5): shaders left to compile 3665
[2020.09.24-17.00.53:337][  0]LogShaderCompilers: Display: Worker (1/5): shaders left to compile 3664
[2020.09.24-17.00.53:337][  0]LogShaderCompilers: Display: Worker (2/5): shaders left to compile 3663
[2020.09.24-17.00.53:897][  0]LogShaderCompilers: Display: Worker (1/5): shaders left to compile 3662
[2020.09.24-17.00.53:897][  0]LogShaderCompilers: Display: Worker (5/5): shaders left to compile 3661
[2020.09.24-17.00.53:897][  0]LogShaderCompilers: Display: Worker (2/5): shaders left to compile 3660
[2020.09.24-17.00.54:458][  0]LogShaderCompilers: Display: Worker (5/5): shaders left to compile 3659
[2020.09.24-17.00.54:458][  0]LogShaderCompilers: Display: Worker (1/5): shaders left to compile 3658
[2020.09.24-17.00.54:458][  0]LogShaderCompilers: Display: Worker (2/5): shaders left to compile 3657
[2020.09.24-17.00.55:019][  0]LogShaderCompilers: Display: Worker (5/5): shaders left to compile 3656
[2020.09.24-17.00.55:019][  0]LogShaderCompilers: Display: Worker (1/5): shaders left to compile 3655
[2020.09.24-17.00.55:019][  0]LogShaderCompilers: Display: Worker (2/5): shaders left to compile 3654
[2020.09.24-17.00.55:580][  0]LogShaderCompilers: Display: Worker (1/5): shaders left to compile 3653
[2020.09.24-17.00.55:580][  0]LogShaderCompilers: Display: Worker (4/5): shaders left to compile 3652
[2020.09.24-17.00.55:580][  0]LogShaderCompilers: Display: Worker (2/5): shaders left to compile 3651
[2020.09.24-17.00.55:580][  0]LogShaderCompilers: Display: Worker (5/5): shaders left to compile 3650
[2020.09.24-17.00.56:150][  0]LogShaderCompilers: Display: Worker (1/5): shaders left to compile 3649
[2020.09.24-17.00.56:150][  0]LogShaderCompilers: Display: Worker (4/5): shaders left to compile 3648
[2020.09.24-17.00.56:150][  0]LogShaderCompilers: Display: Worker (2/5): shaders left to compile 3647
[2020.09.24-17.01.02:916][  0]LogShaderCompilers: Display: Worker (2/5): shaders left to compile 3646
[2020.09.24-17.01.03:476][  0]LogShaderCompilers: Display: Worker (5/5): shaders left to compile 3645
[2020.09.24-17.01.05:716][  0]LogShaderCompilers: Display: Worker (1/5): shaders left to compile 3644
[2020.09.24-17.01.07:442][  0]LogShaderCompilers: Display: Worker (4/5): shaders left to compile 3643
[2020.09.24-17.01.08:002][  0]LogShaderCompilers: Display: Worker (1/5): shaders left to compile 3642
[2020.09.24-17.01.08:002][  0]LogShaderCompilers: Display: Worker (2/5): shaders left to compile 3641
[2020.09.24-17.01.10:242][  0]LogShaderCompilers: Display: Worker (5/5): shaders left to compile 3640
[2020.09.24-17.01.14:707][  0]LogShaderCompilers: Display: Worker (5/5): shaders left to compile 3639
[2020.09.24-17.01.18:708][  0]LogShaderCompilers: Display: Worker (5/5): shaders left to compile 3638
[2020.09.24-17.01.21:524][  0]LogShaderCompilers: Display: Worker (4/5): shaders left to compile 3637
[2020.09.24-17.01.23:201][  0]LogShaderCompilers: Display: Worker (5/5): shaders left to compile 3636
[2020.09.24-17.01.24:879][  0]LogShaderCompilers: Display: Worker (4/5): shaders left to compile 3635
[2020.09.24-17.01.27:113][  0]LogShaderCompilers: Display: Worker (5/5): shaders left to compile 3634
[2020.09.24-17.01.29:913][  0]LogShaderCompilers: Display: Worker (5/5): shaders left to compile 3633
[2020.09.24-17.01.30:474][  0]LogShaderCompilers: Display: Worker (3/5): shaders left to compile 3632
[2020.09.24-17.01.31:035][  0]LogShaderCompilers: Display: Worker (4/5): shaders left to compile 3631
[2020.09.24-17.01.32:158][  0]LogShaderCompilers: Display: Worker (1/5): shaders left to compile 3630
[2020.09.24-17.01.33:280][  0]LogShaderCompilers: Display: Worker (5/5): shaders left to compile 3629
[2020.09.24-17.01.33:280][  0]LogShaderCompilers: Display: Worker (3/5): shaders left to compile 3628
[2020.09.24-17.01.34:401][  0]LogShaderCompilers: Display: Worker (4/5): shaders left to compile 3627
[2020.09.24-17.01.34:962][  0]LogShaderCompilers: Display: Worker (1/5): shaders left to compile 3626
[2020.09.24-17.01.37:204][  0]LogShaderCompilers: Display: Worker (1/5): shaders left to compile 3625
[2020.09.24-17.01.38:323][  0]LogShaderCompilers: Display: Worker (4/5): shaders left to compile 3624
[2020.09.24-17.01.39:442][  0]LogShaderCompilers: Display: Worker (5/5): shaders left to compile 3623
[2020.09.24-17.01.40:564][  0]LogShaderCompilers: Display: Worker (1/5): shaders left to compile 3622
[2020.09.24-17.01.41:125][  0]LogShaderCompilers: Display: Worker (3/5): shaders left to compile 3621
[2020.09.24-17.01.41:686][  0]LogShaderCompilers: Display: Worker (3/5): shaders left to compile 3620
[2020.09.24-17.01.41:686][  0]LogShaderCompilers: Display: Worker (4/5): shaders left to compile 3619
[2020.09.24-17.01.42:260][  0]LogShaderCompilers: Display: Worker (5/5): shaders left to compile 3618
[2020.09.24-17.01.43:937][  0]LogShaderCompilers: Display: Worker (1/5): shaders left to compile 3617
[2020.09.24-17.01.45:058][  0]LogShaderCompilers: Display: Worker (4/5): shaders left to compile 3616
[2020.09.24-17.01.45:058][  0]LogShaderCompilers: Display: Worker (3/5): shaders left to compile 3615
[2020.09.24-17.01.45:058][  0]LogShaderCompilers: Display: Worker (5/5): shaders left to compile 3614
[2020.09.24-17.01.45:620][  0]LogShaderCompilers: Display: Worker (5/5): shaders left to compile 3613
[2020.09.24-17.01.46:181][  0]LogShaderCompilers: Display: Worker (2/5): shaders left to compile 3612
[2020.09.24-17.01.49:538][  0]LogShaderCompilers: Display: Worker (1/5): shaders left to compile 3611
