Log file open, 09/24/20 22:35:45
LogInit: Display: Running engine for game: puzzle
LogPlatformFile: Not using cached read wrapper
LogTaskGraph: Started task graph with 5 named threads and 23 total threads with 3 sets of task threads.
LogStats: Stats thread started at 0.371000
LogD3D11RHI: Loaded GFSDK_Aftermath_Lib.x64.dll
LogICUInternationalization: ICU TimeZone Detection - Raw Offset: +5:30, Platform Override: ''
LogPluginManager: Mounting plugin Paper2D
LogPluginManager: Mounting plugin AISupport
LogPluginManager: Mounting plugin LightPropagationVolume
LogPluginManager: Mounting plugin CameraShakePreviewer
LogPluginManager: Mounting plugin ActorLayerUtilities
LogPluginManager: Mounting plugin AnimationSharing
LogPluginManager: Mounting plugin CLionSourceCodeAccess
LogPluginManager: Mounting plugin CodeLiteSourceCodeAccess
LogPluginManager: Mounting plugin GitSourceControl
LogPluginManager: Mounting plugin KDevelopSourceCodeAccess
LogPluginManager: Mounting plugin NullSourceCodeAccess
LogPluginManager: Mounting plugin PerforceSourceControl
LogPluginManager: Mounting plugin PlasticSourceControl
LogPluginManager: Mounting plugin RiderSourceCodeAccess
LogPluginManager: Mounting plugin SubversionSourceControl
LogPluginManager: Mounting plugin UObjectPlugin
LogPluginManager: Mounting plugin VisualStudioCodeSourceCodeAccess
LogPluginManager: Mounting plugin VisualStudioSourceCodeAccess
LogPluginManager: Mounting plugin XCodeSourceCodeAccess
LogPluginManager: Mounting plugin AssetManagerEditor
LogPluginManager: Mounting plugin CryptoKeys
LogPluginManager: Mounting plugin CurveEditorTools
LogPluginManager: Mounting plugin DataValidation
LogPluginManager: Mounting plugin EditorScriptingUtilities
LogPluginManager: Mounting plugin FacialAnimation
LogPluginManager: Mounting plugin GameplayTagsEditor
LogPluginManager: Mounting plugin GeometryMode
LogPluginManager: Mounting plugin MacGraphicsSwitching
LogPluginManager: Mounting plugin MaterialAnalyzer
LogPluginManager: Mounting plugin MobileLauncherProfileWizard
LogPluginManager: Mounting plugin PluginBrowser
LogPluginManager: Mounting plugin SpeedTreeImporter
LogPluginManager: Mounting plugin DatasmithContent
LogPluginManager: Mounting plugin VariantManagerContent
LogPluginManager: Mounting plugin AlembicImporter
LogPluginManager: Mounting plugin AutomationUtils
LogPluginManager: Mounting plugin BackChannel
LogPluginManager: Mounting plugin ChaosCloth
LogPluginManager: Mounting plugin ChaosClothEditor
LogPluginManager: Mounting plugin ChaosEditor
LogPluginManager: Mounting plugin ChaosNiagara
LogPluginManager: Mounting plugin ChaosSolverPlugin
LogPluginManager: Mounting plugin CharacterAI
LogPluginManager: Mounting plugin GeometryCache
LogPluginManager: Mounting plugin GeometryCollectionPlugin
LogPluginManager: Mounting plugin GeometryProcessing
LogPluginManager: Mounting plugin PlanarCut
LogPluginManager: Mounting plugin PlatformCrypto
LogPluginManager: Mounting plugin ProxyLODPlugin
LogPluginManager: Mounting plugin SkeletalReduction
LogPluginManager: Mounting plugin Niagara
LogPluginManager: Mounting plugin MagicLeap
LogPluginManager: Mounting plugin MagicLeapLightEstimation
LogPluginManager: Mounting plugin MagicLeapMedia
LogPluginManager: Mounting plugin MagicLeapPassableWorld
LogPluginManager: Mounting plugin MLSDK
LogPluginManager: Mounting plugin AndroidMedia
LogPluginManager: Mounting plugin AvfMedia
LogPluginManager: Mounting plugin ImgMedia
LogPluginManager: Mounting plugin MediaCompositing
LogPluginManager: Mounting plugin MediaPlayerEditor
LogPluginManager: Mounting plugin WebMMedia
LogPluginManager: Mounting plugin WmfMedia
LogPluginManager: Mounting plugin MeshPainting
LogPluginManager: Mounting plugin TcpMessaging
LogPluginManager: Mounting plugin UdpMessaging
LogPluginManager: Mounting plugin ActorSequence
LogPluginManager: Mounting plugin LevelSequenceEditor
LogPluginManager: Mounting plugin MatineeToLevelSequence
LogPluginManager: Mounting plugin MovieRenderPipeline
LogPluginManager: Mounting plugin TemplateSequence
LogPluginManager: Mounting plugin NetcodeUnitTest
LogPluginManager: Mounting plugin NUTUnrealEngine4
LogPluginManager: Mounting plugin OnlineSubsystemGooglePlay
LogPluginManager: Mounting plugin OnlineSubsystemIOS
LogPluginManager: Mounting plugin OnlineSubsystem
LogPluginManager: Mounting plugin OnlineSubsystemNull
LogPluginManager: Mounting plugin OnlineSubsystemUtils
LogPluginManager: Mounting plugin LauncherChunkInstaller
LogPluginManager: Mounting plugin AndroidDeviceProfileSelector
LogPluginManager: Mounting plugin AndroidMoviePlayer
LogPluginManager: Mounting plugin AndroidPermission
LogPluginManager: Mounting plugin AppleImageUtils
LogPluginManager: Mounting plugin AppleMoviePlayer
LogPluginManager: Mounting plugin ArchVisCharacter
LogPluginManager: Mounting plugin AssetTags
LogPluginManager: Mounting plugin AudioCapture
LogPluginManager: Mounting plugin CableComponent
LogPluginManager: Mounting plugin CustomMeshComponent
LogPluginManager: Mounting plugin EditableMesh
LogPluginManager: Mounting plugin ExampleDeviceProfileSelector
LogPluginManager: Mounting plugin GoogleCloudMessaging
LogPluginManager: Mounting plugin GooglePAD
LogPluginManager: Mounting plugin IOSDeviceProfileSelector
LogPluginManager: Mounting plugin LinuxDeviceProfileSelector
LogPluginManager: Mounting plugin LocationServicesBPLibrary
LogPluginManager: Mounting plugin MobilePatchingUtils
LogPluginManager: Mounting plugin OculusVR
LogPluginManager: Mounting plugin PhysXVehicles
LogPluginManager: Mounting plugin PostSplashScreen
LogPluginManager: Mounting plugin ProceduralMeshComponent
LogPluginManager: Mounting plugin RuntimePhysXCooking
LogPluginManager: Mounting plugin SignificanceManager
LogPluginManager: Mounting plugin SoundFields
LogPluginManager: Mounting plugin SteamVR
LogPluginManager: Mounting plugin Synthesis
LogPluginManager: Mounting plugin WebMMoviePlayer
LogPluginManager: Mounting plugin WindowsMoviePlayer
LogPluginManager: Mounting plugin ScreenshotTools
LogInit: Using libcurl 7.55.1-DEV
LogInit:  - built for x86_64-pc-win32
LogInit:  - supports SSL with OpenSSL/1.1.1
LogInit:  - supports HTTP deflate (compression) using libz 1.2.8
LogInit:  - other features:
LogInit:      CURL_VERSION_SSL
LogInit:      CURL_VERSION_LIBZ
LogInit:      CURL_VERSION_IPV6
LogInit:      CURL_VERSION_ASYNCHDNS
LogInit:      CURL_VERSION_LARGEFILE
LogInit:      CURL_VERSION_IDN
LogInit:  CurlRequestOptions (configurable via config and command line):
LogInit:  - bVerifyPeer = true  - Libcurl will verify peer certificate
LogInit:  - bUseHttpProxy = false  - Libcurl will NOT use HTTP proxy
LogInit:  - bDontReuseConnections = false  - Libcurl will reuse connections
LogInit:  - MaxHostConnections = 16  - Libcurl will limit the number of connections to a host
LogInit:  - LocalHostAddr = Default
LogInit:  - BufferSize = 65536
LogOnline: OSS: Creating online subsystem instance for: NULL
LogInit: WinSock: version 1.1 (2.2), MaxSocks=32767, MaxUdp=65467
LogOnline: OSS: TryLoadSubsystemAndSetDefault: Loaded subsystem for module [NULL]
LogInit: Build: ++UE4+Release-4.25-CL-13942748
LogInit: Engine Version: 4.25.3-13942748+++UE4+Release-4.25
LogInit: Compatible Engine Version: 4.25.0-13144385+++UE4+Release-4.25
LogInit: Net CL: 13144385
LogInit: OS: Windows 10 (Release 1909) (), CPU: AMD Ryzen 5 1500X Quad-Core Processor          , GPU: NVIDIA GeForce GTX 1060 3GB
LogInit: Compiled (64-bit): Jul 25 2020 02:07:48
LogInit: Compiled with Visual C++: 19.24.28315.00
LogInit: Build Configuration: Development
LogInit: Branch Name: ++UE4+Release-4.25
LogInit: Command Line: 
LogInit: Base Directory: D:/Program Files/Epic Games/UE_4.25/Engine/Binaries/Win64/
LogInit: Allocator: TBB
LogInit: Installed Engine Build: 1
LogDevObjectVersion: Number of dev versions registered: 26
LogDevObjectVersion:   Dev-Blueprints (B0D832E4-1F89-4F0D-ACCF-7EB736FD4AA2): 10
LogDevObjectVersion:   Dev-Build (E1C64328-A22C-4D53-A36C-8E866417BD8C): 0
LogDevObjectVersion:   Dev-Core (375EC13C-06E4-48FB-B500-84F0262A717E): 4
LogDevObjectVersion:   Dev-Editor (E4B068ED-F494-42E9-A231-DA0B2E46BB41): 38
LogDevObjectVersion:   Dev-Framework (CFFC743F-43B0-4480-9391-14DF171D2073): 37
LogDevObjectVersion:   Dev-Mobile (B02B49B5-BB20-44E9-A304-32B752E40360): 2
LogDevObjectVersion:   Dev-Networking (A4E4105C-59A1-49B5-A7C5-40C4547EDFEE): 0
LogDevObjectVersion:   Dev-Online (39C831C9-5AE6-47DC-9A44-9C173E1C8E7C): 0
LogDevObjectVersion:   Dev-Physics (78F01B33-EBEA-4F98-B9B4-84EACCB95AA2): 4
LogDevObjectVersion:   Dev-Platform (6631380F-2D4D-43E0-8009-CF276956A95A): 0
LogDevObjectVersion:   Dev-Rendering (12F88B9F-8875-4AFC-A67C-D90C383ABD29): 43
LogDevObjectVersion:   Dev-Sequencer (7B5AE74C-D270-4C10-A958-57980B212A5A): 12
LogDevObjectVersion:   Dev-VR (D7296918-1DD6-4BDD-9DE2-64A83CC13884): 3
LogDevObjectVersion:   Dev-LoadTimes (C2A15278-BFE7-4AFE-6C17-90FF531DF755): 1
LogDevObjectVersion:   Private-Geometry (6EACA3D4-40EC-4CC1-B786-8BED09428FC5): 3
LogDevObjectVersion:   Dev-AnimPhys (29E575DD-E0A3-4627-9D10-D276232CDCEA): 17
LogDevObjectVersion:   Dev-Anim (AF43A65D-7FD3-4947-9873-3E8ED9C1BB05): 7
LogDevObjectVersion:   Dev-ReflectionCapture (6B266CEC-1EC7-4B8F-A30B-E4D90942FC07): 1
LogDevObjectVersion:   Dev-Automation (0DF73D61-A23F-47EA-B727-89E90C41499A): 1
LogDevObjectVersion:   FortniteMain (601D1886-AC64-4F84-AA16-D3DE0DEAC7D6): 31
LogDevObjectVersion:   Dev-Enterprise (9DFFBCD6-494F-0158-E221-12823C92A888): 10
LogDevObjectVersion:   Dev-Niagara (F2AED0AC-9AFE-416F-8664-AA7FFA26D6FC): 1
LogDevObjectVersion:   Dev-Destruction (174F1F0B-B4C6-45A5-B13F-2EE8D0FB917D): 10
LogDevObjectVersion:   Dev-Physics-Ext (35F94A83-E258-406C-A318-09F59610247C): 37
LogDevObjectVersion:   Dev-PhysicsMaterial-Chaos (B68FC16E-8B1B-42E2-B453-215C058844FE): 1
LogDevObjectVersion:   Dev-CineCamera (B2E18506-4273-CFC2-A54E-F4BB758BBA07): 1
LogInit: Presizing for max 25165824 objects, including 0 objects not considered by GC, pre-allocating 0 bytes for permanent pool.
LogConfig: Applying CVar settings from Section [/Script/Engine.StreamingSettings] File [F:/Unreal/puzzle/puzzle/Saved/Config/Windows/Engine.ini]
LogConfig: Setting CVar [[s.MinBulkDataSizeForAsyncLoading:131072]]
LogConfig: Setting CVar [[s.AsyncLoadingThreadEnabled:0]]
LogConfig: Setting CVar [[s.EventDrivenLoaderEnabled:1]]
LogConfig: Setting CVar [[s.WarnIfTimeLimitExceeded:0]]
LogConfig: Setting CVar [[s.TimeLimitExceededMultiplier:1.5]]
LogConfig: Setting CVar [[s.TimeLimitExceededMinTime:0.005]]
LogConfig: Setting CVar [[s.UseBackgroundLevelStreaming:1]]
LogConfig: Setting CVar [[s.PriorityAsyncLoadingExtraTime:15.0]]
LogConfig: Setting CVar [[s.LevelStreamingActorsUpdateTimeLimit:5.0]]
LogConfig: Setting CVar [[s.PriorityLevelStreamingActorsUpdateExtraTime:5.0]]
LogConfig: Setting CVar [[s.LevelStreamingComponentsRegistrationGranularity:10]]
LogConfig: Setting CVar [[s.UnregisterComponentsTimeLimit:1.0]]
LogConfig: Setting CVar [[s.LevelStreamingComponentsUnregistrationGranularity:5]]
LogConfig: Setting CVar [[s.FlushStreamingOnExit:1]]
LogInit: Object subsystem initialized
LogConfig: Setting CVar [[con.DebugEarlyDefault:1]]
LogConfig: Setting CVar [[r.setres:1280x720]]
[2020.09.24-17.05.46:168][  0]LogConfig: Setting CVar [[r.VSync:0]]
[2020.09.24-17.05.46:168][  0]LogConfig: Setting CVar [[r.RHICmdBypass:0]]
[2020.09.24-17.05.46:168][  0]LogConfig: Applying CVar settings from Section [/Script/Engine.RendererSettings] File [F:/Unreal/puzzle/puzzle/Saved/Config/Windows/Engine.ini]
[2020.09.24-17.05.46:168][  0]LogConfig: Setting CVar [[r.GPUCrashDebugging:0]]
[2020.09.24-17.05.46:168][  0]LogConfig: Setting CVar [[r.SkinCache.CompileShaders:1]]
[2020.09.24-17.05.46:168][  0]LogConfig: Setting CVar [[r.RayTracing:1]]
[2020.09.24-17.05.46:168][  0]LogConfig: Applying CVar settings from Section [/Script/Engine.RendererOverrideSettings] File [F:/Unreal/puzzle/puzzle/Saved/Config/Windows/Engine.ini]
[2020.09.24-17.05.46:168][  0]LogConfig: Applying CVar settings from Section [/Script/Engine.StreamingSettings] File [F:/Unreal/puzzle/puzzle/Saved/Config/Windows/Engine.ini]
[2020.09.24-17.05.46:168][  0]LogConfig: Setting CVar [[s.MinBulkDataSizeForAsyncLoading:131072]]
[2020.09.24-17.05.46:168][  0]LogConfig: Setting CVar [[s.AsyncLoadingThreadEnabled:0]]
[2020.09.24-17.05.46:168][  0]LogConfig: Setting CVar [[s.EventDrivenLoaderEnabled:1]]
[2020.09.24-17.05.46:168][  0]LogConfig: Setting CVar [[s.WarnIfTimeLimitExceeded:0]]
[2020.09.24-17.05.46:168][  0]LogConfig: Setting CVar [[s.TimeLimitExceededMultiplier:1.5]]
[2020.09.24-17.05.46:168][  0]LogConfig: Setting CVar [[s.TimeLimitExceededMinTime:0.005]]
[2020.09.24-17.05.46:168][  0]LogConfig: Setting CVar [[s.UseBackgroundLevelStreaming:1]]
[2020.09.24-17.05.46:168][  0]LogConfig: Setting CVar [[s.PriorityAsyncLoadingExtraTime:15.0]]
[2020.09.24-17.05.46:168][  0]LogConfig: Setting CVar [[s.LevelStreamingActorsUpdateTimeLimit:5.0]]
[2020.09.24-17.05.46:168][  0]LogConfig: Setting CVar [[s.PriorityLevelStreamingActorsUpdateExtraTime:5.0]]
[2020.09.24-17.05.46:169][  0]LogConfig: Setting CVar [[s.LevelStreamingComponentsRegistrationGranularity:10]]
[2020.09.24-17.05.46:169][  0]LogConfig: Setting CVar [[s.UnregisterComponentsTimeLimit:1.0]]
[2020.09.24-17.05.46:169][  0]LogConfig: Setting CVar [[s.LevelStreamingComponentsUnregistrationGranularity:5]]
[2020.09.24-17.05.46:169][  0]LogConfig: Setting CVar [[s.FlushStreamingOnExit:1]]
[2020.09.24-17.05.46:169][  0]LogConfig: Applying CVar settings from Section [/Script/Engine.GarbageCollectionSettings] File [F:/Unreal/puzzle/puzzle/Saved/Config/Windows/Engine.ini]
[2020.09.24-17.05.46:169][  0]LogConfig: Setting CVar [[gc.MaxObjectsNotConsideredByGC:1]]
[2020.09.24-17.05.46:169][  0]LogConfig: Setting CVar [[gc.SizeOfPermanentObjectPool:0]]
[2020.09.24-17.05.46:169][  0]LogConfig: Setting CVar [[gc.FlushStreamingOnGC:0]]
[2020.09.24-17.05.46:169][  0]LogConfig: Setting CVar [[gc.NumRetriesBeforeForcingGC:10]]
[2020.09.24-17.05.46:169][  0]LogConfig: Setting CVar [[gc.AllowParallelGC:1]]
[2020.09.24-17.05.46:169][  0]LogConfig: Setting CVar [[gc.TimeBetweenPurgingPendingKillObjects:61.1]]
[2020.09.24-17.05.46:169][  0]LogConfig: Setting CVar [[gc.MaxObjectsInEditor:25165824]]
[2020.09.24-17.05.46:169][  0]LogConfig: Setting CVar [[gc.IncrementalBeginDestroyEnabled:1]]
[2020.09.24-17.05.46:169][  0]LogConfig: Setting CVar [[gc.CreateGCClusters:1]]
[2020.09.24-17.05.46:169][  0]LogConfig: Setting CVar [[gc.MinGCClusterSize:5]]
[2020.09.24-17.05.46:169][  0]LogConfig: Setting CVar [[gc.ActorClusteringEnabled:0]]
[2020.09.24-17.05.46:169][  0]LogConfig: Setting CVar [[gc.BlueprintClusteringEnabled:0]]
[2020.09.24-17.05.46:169][  0]LogConfig: Setting CVar [[gc.UseDisregardForGCOnDedicatedServers:0]]
[2020.09.24-17.05.46:169][  0]LogConfig: Applying CVar settings from Section [/Script/Engine.NetworkSettings] File [F:/Unreal/puzzle/puzzle/Saved/Config/Windows/Engine.ini]
[2020.09.24-17.05.46:169][  0]LogConfig: Applying CVar settings from Section [/Script/UnrealEd.CookerSettings] File [F:/Unreal/puzzle/puzzle/Saved/Config/Windows/Engine.ini]
[2020.09.24-17.05.46:175][  0]LogConfig: Applying CVar settings from Section [ViewDistanceQuality@3] File [F:/Unreal/puzzle/puzzle/Saved/Config/Windows/Scalability.ini]
[2020.09.24-17.05.46:175][  0]LogConfig: Setting CVar [[r.SkeletalMeshLODBias:0]]
[2020.09.24-17.05.46:175][  0]LogConfig: Setting CVar [[r.ViewDistanceScale:1.0]]
[2020.09.24-17.05.46:175][  0]LogConfig: Applying CVar settings from Section [AntiAliasingQuality@3] File [F:/Unreal/puzzle/puzzle/Saved/Config/Windows/Scalability.ini]
[2020.09.24-17.05.46:175][  0]LogConfig: Setting CVar [[r.PostProcessAAQuality:4]]
[2020.09.24-17.05.46:175][  0]LogConfig: Applying CVar settings from Section [ShadowQuality@3] File [F:/Unreal/puzzle/puzzle/Saved/Config/Windows/Scalability.ini]
[2020.09.24-17.05.46:175][  0]LogConfig: Setting CVar [[r.LightFunctionQuality:1]]
[2020.09.24-17.05.46:175][  0]LogConfig: Setting CVar [[r.ShadowQuality:5]]
[2020.09.24-17.05.46:175][  0]LogConfig: Setting CVar [[r.Shadow.CSM.MaxCascades:10]]
[2020.09.24-17.05.46:175][  0]LogConfig: Setting CVar [[r.Shadow.MaxResolution:2048]]
[2020.09.24-17.05.46:175][  0]LogConfig: Setting CVar [[r.Shadow.MaxCSMResolution:2048]]
[2020.09.24-17.05.46:175][  0]LogConfig: Setting CVar [[r.Shadow.RadiusThreshold:0.01]]
[2020.09.24-17.05.46:175][  0]LogConfig: Setting CVar [[r.Shadow.DistanceScale:1.0]]
[2020.09.24-17.05.46:175][  0]LogConfig: Setting CVar [[r.Shadow.CSM.TransitionScale:1.0]]
[2020.09.24-17.05.46:175][  0]LogConfig: Setting CVar [[r.Shadow.PreShadowResolutionFactor:1.0]]
[2020.09.24-17.05.46:175][  0]LogConfig: Setting CVar [[r.DistanceFieldShadowing:1]]
[2020.09.24-17.05.46:175][  0]LogConfig: Setting CVar [[r.DistanceFieldAO:1]]
[2020.09.24-17.05.46:175][  0]LogConfig: Setting CVar [[r.AOQuality:2]]
[2020.09.24-17.05.46:175][  0]LogConfig: Setting CVar [[r.VolumetricFog:1]]
[2020.09.24-17.05.46:175][  0]LogConfig: Setting CVar [[r.VolumetricFog.GridPixelSize:8]]
[2020.09.24-17.05.46:175][  0]LogConfig: Setting CVar [[r.VolumetricFog.GridSizeZ:128]]
[2020.09.24-17.05.46:175][  0]LogConfig: Setting CVar [[r.VolumetricFog.HistoryMissSupersampleCount:4]]
[2020.09.24-17.05.46:176][  0]LogConfig: Setting CVar [[r.LightMaxDrawDistanceScale:1]]
[2020.09.24-17.05.46:176][  0]LogConfig: Setting CVar [[r.CapsuleShadows:1]]
[2020.09.24-17.05.46:176][  0]LogConfig: Applying CVar settings from Section [PostProcessQuality@3] File [F:/Unreal/puzzle/puzzle/Saved/Config/Windows/Scalability.ini]
[2020.09.24-17.05.46:176][  0]LogConfig: Setting CVar [[r.MotionBlurQuality:4]]
[2020.09.24-17.05.46:176][  0]LogConfig: Setting CVar [[r.AmbientOcclusionMipLevelFactor:0.4]]
[2020.09.24-17.05.46:176][  0]LogConfig: Setting CVar [[r.AmbientOcclusionMaxQuality:100]]
[2020.09.24-17.05.46:176][  0]LogConfig: Setting CVar [[r.AmbientOcclusionLevels:-1]]
[2020.09.24-17.05.46:176][  0]LogConfig: Setting CVar [[r.AmbientOcclusionRadiusScale:1.0]]
[2020.09.24-17.05.46:176][  0]LogConfig: Setting CVar [[r.DepthOfFieldQuality:2]]
[2020.09.24-17.05.46:176][  0]LogConfig: Setting CVar [[r.RenderTargetPoolMin:400]]
[2020.09.24-17.05.46:176][  0]LogConfig: Setting CVar [[r.LensFlareQuality:2]]
[2020.09.24-17.05.46:176][  0]LogConfig: Setting CVar [[r.SceneColorFringeQuality:1]]
[2020.09.24-17.05.46:176][  0]LogConfig: Setting CVar [[r.EyeAdaptationQuality:2]]
[2020.09.24-17.05.46:176][  0]LogConfig: Setting CVar [[r.BloomQuality:5]]
[2020.09.24-17.05.46:176][  0]LogConfig: Setting CVar [[r.FastBlurThreshold:100]]
[2020.09.24-17.05.46:176][  0]LogConfig: Setting CVar [[r.Upscale.Quality:3]]
[2020.09.24-17.05.46:176][  0]LogConfig: Setting CVar [[r.Tonemapper.GrainQuantization:1]]
[2020.09.24-17.05.46:176][  0]LogConfig: Setting CVar [[r.LightShaftQuality:1]]
[2020.09.24-17.05.46:176][  0]LogConfig: Setting CVar [[r.Filter.SizeScale:1]]
[2020.09.24-17.05.46:176][  0]LogConfig: Setting CVar [[r.Tonemapper.Quality:5]]
[2020.09.24-17.05.46:176][  0]LogConfig: Setting CVar [[r.DOF.Gather.AccumulatorQuality:1        ; higher gathering accumulator quality]]
[2020.09.24-17.05.46:176][  0]LogConfig: Setting CVar [[r.DOF.Gather.PostfilterMethod:1          ; Median3x3 postfilering method]]
[2020.09.24-17.05.46:176][  0]LogConfig: Setting CVar [[r.DOF.Gather.EnableBokehSettings:0       ; no bokeh simulation when gathering]]
[2020.09.24-17.05.46:176][  0]LogConfig: Setting CVar [[r.DOF.Gather.RingCount:4                 ; medium number of samples when gathering]]
[2020.09.24-17.05.46:176][  0]LogConfig: Setting CVar [[r.DOF.Scatter.ForegroundCompositing:1    ; additive foreground scattering]]
[2020.09.24-17.05.46:176][  0]LogConfig: Setting CVar [[r.DOF.Scatter.BackgroundCompositing:2    ; additive background scattering]]
[2020.09.24-17.05.46:176][  0]LogConfig: Setting CVar [[r.DOF.Scatter.EnableBokehSettings:1      ; bokeh simulation when scattering]]
[2020.09.24-17.05.46:176][  0]LogConfig: Setting CVar [[r.DOF.Scatter.MaxSpriteRatio:0.1         ; only a maximum of 10% of scattered bokeh]]
[2020.09.24-17.05.46:176][  0]LogConfig: Setting CVar [[r.DOF.Recombine.Quality:1                ; cheap slight out of focus]]
[2020.09.24-17.05.46:176][  0]LogConfig: Setting CVar [[r.DOF.Recombine.EnableBokehSettings:0    ; no bokeh simulation on slight out of focus]]
[2020.09.24-17.05.46:176][  0]LogConfig: Setting CVar [[r.DOF.TemporalAAQuality:1                ; more stable temporal accumulation]]
[2020.09.24-17.05.46:176][  0]LogConfig: Setting CVar [[r.DOF.Kernel.MaxForegroundRadius:0.025]]
[2020.09.24-17.05.46:176][  0]LogConfig: Setting CVar [[r.DOF.Kernel.MaxBackgroundRadius:0.025]]
[2020.09.24-17.05.46:176][  0]LogConfig: Applying CVar settings from Section [TextureQuality@3] File [F:/Unreal/puzzle/puzzle/Saved/Config/Windows/Scalability.ini]
[2020.09.24-17.05.46:176][  0]LogConfig: Setting CVar [[r.Streaming.MipBias:0]]
[2020.09.24-17.05.46:176][  0]LogConfig: Setting CVar [[r.Streaming.AmortizeCPUToGPUCopy:0]]
[2020.09.24-17.05.46:176][  0]LogConfig: Setting CVar [[r.Streaming.MaxNumTexturesToStreamPerFrame:0]]
[2020.09.24-17.05.46:176][  0]LogConfig: Setting CVar [[r.Streaming.Boost:1]]
[2020.09.24-17.05.46:176][  0]LogConfig: Setting CVar [[r.MaxAnisotropy:8]]
[2020.09.24-17.05.46:176][  0]LogConfig: Setting CVar [[r.VT.MaxAnisotropy:8]]
[2020.09.24-17.05.46:176][  0]LogConfig: Setting CVar [[r.Streaming.LimitPoolSizeToVRAM:0]]
[2020.09.24-17.05.46:176][  0]LogConfig: Setting CVar [[r.Streaming.PoolSize:1000]]
[2020.09.24-17.05.46:177][  0]LogConfig: Setting CVar [[r.Streaming.MaxEffectiveScreenSize:0]]
[2020.09.24-17.05.46:177][  0]LogConfig: Applying CVar settings from Section [EffectsQuality@3] File [F:/Unreal/puzzle/puzzle/Saved/Config/Windows/Scalability.ini]
[2020.09.24-17.05.46:177][  0]LogConfig: Setting CVar [[r.TranslucencyLightingVolumeDim:64]]
[2020.09.24-17.05.46:177][  0]LogConfig: Setting CVar [[r.RefractionQuality:2]]
[2020.09.24-17.05.46:177][  0]LogConfig: Setting CVar [[r.SSR.Quality:3]]
[2020.09.24-17.05.46:177][  0]LogConfig: Setting CVar [[r.SSR.HalfResSceneColor:0]]
[2020.09.24-17.05.46:177][  0]LogConfig: Setting CVar [[r.SceneColorFormat:4]]
[2020.09.24-17.05.46:177][  0]LogConfig: Setting CVar [[r.DetailMode:2]]
[2020.09.24-17.05.46:177][  0]LogConfig: Setting CVar [[r.TranslucencyVolumeBlur:1]]
[2020.09.24-17.05.46:177][  0]LogConfig: Setting CVar [[r.MaterialQualityLevel:1 ; High quality]]
[2020.09.24-17.05.46:177][  0]LogConfig: Setting CVar [[r.SSS.Scale:1]]
[2020.09.24-17.05.46:177][  0]LogConfig: Setting CVar [[r.SSS.SampleSet:2]]
[2020.09.24-17.05.46:177][  0]LogConfig: Setting CVar [[r.SSS.Quality:1]]
[2020.09.24-17.05.46:177][  0]LogConfig: Setting CVar [[r.SSS.HalfRes:0]]
[2020.09.24-17.05.46:177][  0]LogConfig: Setting CVar [[r.SSGI.Quality:3]]
[2020.09.24-17.05.46:177][  0]LogConfig: Setting CVar [[r.EmitterSpawnRateScale:1.0]]
[2020.09.24-17.05.46:177][  0]LogConfig: Setting CVar [[r.ParticleLightQuality:2]]
[2020.09.24-17.05.46:177][  0]LogConfig: Setting CVar [[r.SkyAtmosphere.AerialPerspectiveLUT.FastApplyOnOpaque:1 ; Always have FastSkyLUT 1 in this case to avoid wrong sky]]
[2020.09.24-17.05.46:177][  0]LogConfig: Setting CVar [[r.SkyAtmosphere.AerialPerspectiveLUT.SampleCountPerSlice:1]]
[2020.09.24-17.05.46:177][  0]LogConfig: Setting CVar [[r.SkyAtmosphere.AerialPerspectiveLUT.DepthResolution:16.0]]
[2020.09.24-17.05.46:177][  0]LogConfig: Setting CVar [[r.SkyAtmosphere.FastSkyLUT:1]]
[2020.09.24-17.05.46:177][  0]LogConfig: Setting CVar [[r.SkyAtmosphere.FastSkyLUT.SampleCountMin:4.0]]
[2020.09.24-17.05.46:177][  0]LogConfig: Setting CVar [[r.SkyAtmosphere.FastSkyLUT.SampleCountMax:32.0]]
[2020.09.24-17.05.46:177][  0]LogConfig: Setting CVar [[r.SkyAtmosphere.SampleCountMin:4.0]]
[2020.09.24-17.05.46:177][  0]LogConfig: Setting CVar [[r.SkyAtmosphere.SampleCountMax:32.0]]
[2020.09.24-17.05.46:177][  0]LogConfig: Setting CVar [[r.SkyAtmosphere.TransmittanceLUT.UseSmallFormat:0]]
[2020.09.24-17.05.46:177][  0]LogConfig: Setting CVar [[r.SkyAtmosphere.TransmittanceLUT.SampleCount:10.0]]
[2020.09.24-17.05.46:177][  0]LogConfig: Setting CVar [[r.SkyAtmosphere.MultiScatteringLUT.SampleCount:15.0]]
[2020.09.24-17.05.46:177][  0]LogConfig: Applying CVar settings from Section [FoliageQuality@3] File [F:/Unreal/puzzle/puzzle/Saved/Config/Windows/Scalability.ini]
[2020.09.24-17.05.46:177][  0]LogConfig: Setting CVar [[foliage.DensityScale:1.0]]
[2020.09.24-17.05.46:177][  0]LogConfig: Setting CVar [[grass.DensityScale:1.0]]
[2020.09.24-17.05.46:177][  0]LogConfig: Applying CVar settings from Section [ShadingQuality@3] File [F:/Unreal/puzzle/puzzle/Saved/Config/Windows/Scalability.ini]
[2020.09.24-17.05.46:177][  0]LogConfig: Setting CVar [[r.HairStrands.SkyLighting.SampleCount:16]]
[2020.09.24-17.05.46:177][  0]LogConfig: Setting CVar [[r.HairStrands.SkyLighting.JitterIntegration:0]]
[2020.09.24-17.05.46:177][  0]LogConfig: Setting CVar [[r.HairStrands.SkyAO.SampleCount:16]]
[2020.09.24-17.05.46:177][  0]LogConfig: Setting CVar [[r.HairStrands.DeepShadow.SuperSampling:0]]
[2020.09.24-17.05.46:177][  0]LogConfig: Setting CVar [[r.HairStrands.VisibilityPPLL:0]]
[2020.09.24-17.05.46:177][  0]LogConfig: Setting CVar [[r.HairStrands.RasterizationScale:0.5]]
[2020.09.24-17.05.46:178][  0]LogConfig: Setting CVar [[r.HairStrands.VelocityRasterizationScale:1]]
[2020.09.24-17.05.46:178][  0]LogInit: Selected Device Profile: [Windows]
[2020.09.24-17.05.46:178][  0]LogInit: Applying CVar settings loaded from the selected device profile: [Windows]
[2020.09.24-17.05.46:178][  0]LogHAL: Display: Platform has ~ 8 GB [8538963968 / 8589934592 / 8], which maps to Default [LargestMinGB=32, LargerMinGB=12, DefaultMinGB=8, SmallerMinGB=6, SmallestMinGB=0)
[2020.09.24-17.05.46:178][  0]LogInit: Going up to parent DeviceProfile []
[2020.09.24-17.05.46:178][  0]LogConfig: Applying CVar settings from Section [ViewDistanceQuality@3] File [F:/Unreal/puzzle/puzzle/Saved/Config/Windows/Scalability.ini]
[2020.09.24-17.05.46:178][  0]LogConfig: Setting CVar [[r.SkeletalMeshLODBias:0]]
[2020.09.24-17.05.46:178][  0]LogConfig: Setting CVar [[r.ViewDistanceScale:1.0]]
[2020.09.24-17.05.46:178][  0]LogConfig: Applying CVar settings from Section [AntiAliasingQuality@3] File [F:/Unreal/puzzle/puzzle/Saved/Config/Windows/Scalability.ini]
[2020.09.24-17.05.46:178][  0]LogConfig: Setting CVar [[r.PostProcessAAQuality:4]]
[2020.09.24-17.05.46:178][  0]LogConfig: Applying CVar settings from Section [ShadowQuality@3] File [F:/Unreal/puzzle/puzzle/Saved/Config/Windows/Scalability.ini]
[2020.09.24-17.05.46:178][  0]LogConfig: Setting CVar [[r.LightFunctionQuality:1]]
[2020.09.24-17.05.46:178][  0]LogConfig: Setting CVar [[r.ShadowQuality:5]]
[2020.09.24-17.05.46:178][  0]LogConfig: Setting CVar [[r.Shadow.CSM.MaxCascades:10]]
[2020.09.24-17.05.46:178][  0]LogConfig: Setting CVar [[r.Shadow.MaxResolution:2048]]
[2020.09.24-17.05.46:178][  0]LogConfig: Setting CVar [[r.Shadow.MaxCSMResolution:2048]]
[2020.09.24-17.05.46:178][  0]LogConfig: Setting CVar [[r.Shadow.RadiusThreshold:0.01]]
[2020.09.24-17.05.46:178][  0]LogConfig: Setting CVar [[r.Shadow.DistanceScale:1.0]]
[2020.09.24-17.05.46:178][  0]LogConfig: Setting CVar [[r.Shadow.CSM.TransitionScale:1.0]]
[2020.09.24-17.05.46:178][  0]LogConfig: Setting CVar [[r.Shadow.PreShadowResolutionFactor:1.0]]
[2020.09.24-17.05.46:178][  0]LogConfig: Setting CVar [[r.DistanceFieldShadowing:1]]
[2020.09.24-17.05.46:178][  0]LogConfig: Setting CVar [[r.DistanceFieldAO:1]]
[2020.09.24-17.05.46:178][  0]LogConfig: Setting CVar [[r.AOQuality:2]]
[2020.09.24-17.05.46:178][  0]LogConfig: Setting CVar [[r.VolumetricFog:1]]
[2020.09.24-17.05.46:178][  0]LogConfig: Setting CVar [[r.VolumetricFog.GridPixelSize:8]]
[2020.09.24-17.05.46:178][  0]LogConfig: Setting CVar [[r.VolumetricFog.GridSizeZ:128]]
[2020.09.24-17.05.46:178][  0]LogConfig: Setting CVar [[r.VolumetricFog.HistoryMissSupersampleCount:4]]
[2020.09.24-17.05.46:179][  0]LogConfig: Setting CVar [[r.LightMaxDrawDistanceScale:1]]
[2020.09.24-17.05.46:179][  0]LogConfig: Setting CVar [[r.CapsuleShadows:1]]
[2020.09.24-17.05.46:179][  0]LogConfig: Applying CVar settings from Section [PostProcessQuality@3] File [F:/Unreal/puzzle/puzzle/Saved/Config/Windows/Scalability.ini]
[2020.09.24-17.05.46:179][  0]LogConfig: Setting CVar [[r.MotionBlurQuality:4]]
[2020.09.24-17.05.46:179][  0]LogConfig: Setting CVar [[r.AmbientOcclusionMipLevelFactor:0.4]]
[2020.09.24-17.05.46:179][  0]LogConfig: Setting CVar [[r.AmbientOcclusionMaxQuality:100]]
[2020.09.24-17.05.46:179][  0]LogConfig: Setting CVar [[r.AmbientOcclusionLevels:-1]]
[2020.09.24-17.05.46:179][  0]LogConfig: Setting CVar [[r.AmbientOcclusionRadiusScale:1.0]]
[2020.09.24-17.05.46:179][  0]LogConfig: Setting CVar [[r.DepthOfFieldQuality:2]]
[2020.09.24-17.05.46:179][  0]LogConfig: Setting CVar [[r.RenderTargetPoolMin:400]]
[2020.09.24-17.05.46:179][  0]LogConfig: Setting CVar [[r.LensFlareQuality:2]]
[2020.09.24-17.05.46:179][  0]LogConfig: Setting CVar [[r.SceneColorFringeQuality:1]]
[2020.09.24-17.05.46:179][  0]LogConfig: Setting CVar [[r.EyeAdaptationQuality:2]]
[2020.09.24-17.05.46:179][  0]LogConfig: Setting CVar [[r.BloomQuality:5]]
[2020.09.24-17.05.46:179][  0]LogConfig: Setting CVar [[r.FastBlurThreshold:100]]
[2020.09.24-17.05.46:179][  0]LogConfig: Setting CVar [[r.Upscale.Quality:3]]
[2020.09.24-17.05.46:179][  0]LogConfig: Setting CVar [[r.Tonemapper.GrainQuantization:1]]
[2020.09.24-17.05.46:179][  0]LogConfig: Setting CVar [[r.LightShaftQuality:1]]
[2020.09.24-17.05.46:179][  0]LogConfig: Setting CVar [[r.Filter.SizeScale:1]]
[2020.09.24-17.05.46:179][  0]LogConfig: Setting CVar [[r.Tonemapper.Quality:5]]
[2020.09.24-17.05.46:179][  0]LogConfig: Setting CVar [[r.DOF.Gather.AccumulatorQuality:1        ; higher gathering accumulator quality]]
[2020.09.24-17.05.46:179][  0]LogConfig: Setting CVar [[r.DOF.Gather.PostfilterMethod:1          ; Median3x3 postfilering method]]
[2020.09.24-17.05.46:179][  0]LogConfig: Setting CVar [[r.DOF.Gather.EnableBokehSettings:0       ; no bokeh simulation when gathering]]
[2020.09.24-17.05.46:179][  0]LogConfig: Setting CVar [[r.DOF.Gather.RingCount:4                 ; medium number of samples when gathering]]
[2020.09.24-17.05.46:179][  0]LogConfig: Setting CVar [[r.DOF.Scatter.ForegroundCompositing:1    ; additive foreground scattering]]
[2020.09.24-17.05.46:179][  0]LogConfig: Setting CVar [[r.DOF.Scatter.BackgroundCompositing:2    ; additive background scattering]]
[2020.09.24-17.05.46:179][  0]LogConfig: Setting CVar [[r.DOF.Scatter.EnableBokehSettings:1      ; bokeh simulation when scattering]]
[2020.09.24-17.05.46:179][  0]LogConfig: Setting CVar [[r.DOF.Scatter.MaxSpriteRatio:0.1         ; only a maximum of 10% of scattered bokeh]]
[2020.09.24-17.05.46:179][  0]LogConfig: Setting CVar [[r.DOF.Recombine.Quality:1                ; cheap slight out of focus]]
[2020.09.24-17.05.46:179][  0]LogConfig: Setting CVar [[r.DOF.Recombine.EnableBokehSettings:0    ; no bokeh simulation on slight out of focus]]
[2020.09.24-17.05.46:179][  0]LogConfig: Setting CVar [[r.DOF.TemporalAAQuality:1                ; more stable temporal accumulation]]
[2020.09.24-17.05.46:179][  0]LogConfig: Setting CVar [[r.DOF.Kernel.MaxForegroundRadius:0.025]]
[2020.09.24-17.05.46:179][  0]LogConfig: Setting CVar [[r.DOF.Kernel.MaxBackgroundRadius:0.025]]
[2020.09.24-17.05.46:179][  0]LogConfig: Applying CVar settings from Section [TextureQuality@3] File [F:/Unreal/puzzle/puzzle/Saved/Config/Windows/Scalability.ini]
[2020.09.24-17.05.46:179][  0]LogConfig: Setting CVar [[r.Streaming.MipBias:0]]
[2020.09.24-17.05.46:179][  0]LogConfig: Setting CVar [[r.Streaming.AmortizeCPUToGPUCopy:0]]
[2020.09.24-17.05.46:179][  0]LogConfig: Setting CVar [[r.Streaming.MaxNumTexturesToStreamPerFrame:0]]
[2020.09.24-17.05.46:179][  0]LogConfig: Setting CVar [[r.Streaming.Boost:1]]
[2020.09.24-17.05.46:180][  0]LogConfig: Setting CVar [[r.MaxAnisotropy:8]]
[2020.09.24-17.05.46:180][  0]LogConfig: Setting CVar [[r.VT.MaxAnisotropy:8]]
[2020.09.24-17.05.46:180][  0]LogConfig: Setting CVar [[r.Streaming.LimitPoolSizeToVRAM:0]]
[2020.09.24-17.05.46:180][  0]LogConfig: Setting CVar [[r.Streaming.PoolSize:1000]]
[2020.09.24-17.05.46:180][  0]LogConfig: Setting CVar [[r.Streaming.MaxEffectiveScreenSize:0]]
[2020.09.24-17.05.46:180][  0]LogConfig: Applying CVar settings from Section [EffectsQuality@3] File [F:/Unreal/puzzle/puzzle/Saved/Config/Windows/Scalability.ini]
[2020.09.24-17.05.46:180][  0]LogConfig: Setting CVar [[r.TranslucencyLightingVolumeDim:64]]
[2020.09.24-17.05.46:180][  0]LogConfig: Setting CVar [[r.RefractionQuality:2]]
[2020.09.24-17.05.46:180][  0]LogConfig: Setting CVar [[r.SSR.Quality:3]]
[2020.09.24-17.05.46:180][  0]LogConfig: Setting CVar [[r.SSR.HalfResSceneColor:0]]
[2020.09.24-17.05.46:180][  0]LogConfig: Setting CVar [[r.SceneColorFormat:4]]
[2020.09.24-17.05.46:180][  0]LogConfig: Setting CVar [[r.DetailMode:2]]
[2020.09.24-17.05.46:180][  0]LogConfig: Setting CVar [[r.TranslucencyVolumeBlur:1]]
[2020.09.24-17.05.46:180][  0]LogConfig: Setting CVar [[r.MaterialQualityLevel:1 ; High quality]]
[2020.09.24-17.05.46:180][  0]LogConfig: Setting CVar [[r.SSS.Scale:1]]
[2020.09.24-17.05.46:180][  0]LogConfig: Setting CVar [[r.SSS.SampleSet:2]]
[2020.09.24-17.05.46:180][  0]LogConfig: Setting CVar [[r.SSS.Quality:1]]
[2020.09.24-17.05.46:180][  0]LogConfig: Setting CVar [[r.SSS.HalfRes:0]]
[2020.09.24-17.05.46:180][  0]LogConfig: Setting CVar [[r.SSGI.Quality:3]]
[2020.09.24-17.05.46:180][  0]LogConfig: Setting CVar [[r.EmitterSpawnRateScale:1.0]]
[2020.09.24-17.05.46:180][  0]LogConfig: Setting CVar [[r.ParticleLightQuality:2]]
[2020.09.24-17.05.46:180][  0]LogConfig: Setting CVar [[r.SkyAtmosphere.AerialPerspectiveLUT.FastApplyOnOpaque:1 ; Always have FastSkyLUT 1 in this case to avoid wrong sky]]
[2020.09.24-17.05.46:180][  0]LogConfig: Setting CVar [[r.SkyAtmosphere.AerialPerspectiveLUT.SampleCountPerSlice:1]]
[2020.09.24-17.05.46:180][  0]LogConfig: Setting CVar [[r.SkyAtmosphere.AerialPerspectiveLUT.DepthResolution:16.0]]
[2020.09.24-17.05.46:180][  0]LogConfig: Setting CVar [[r.SkyAtmosphere.FastSkyLUT:1]]
[2020.09.24-17.05.46:180][  0]LogConfig: Setting CVar [[r.SkyAtmosphere.FastSkyLUT.SampleCountMin:4.0]]
[2020.09.24-17.05.46:180][  0]LogConfig: Setting CVar [[r.SkyAtmosphere.FastSkyLUT.SampleCountMax:32.0]]
[2020.09.24-17.05.46:180][  0]LogConfig: Setting CVar [[r.SkyAtmosphere.SampleCountMin:4.0]]
[2020.09.24-17.05.46:180][  0]LogConfig: Setting CVar [[r.SkyAtmosphere.SampleCountMax:32.0]]
[2020.09.24-17.05.46:180][  0]LogConfig: Setting CVar [[r.SkyAtmosphere.TransmittanceLUT.UseSmallFormat:0]]
[2020.09.24-17.05.46:180][  0]LogConfig: Setting CVar [[r.SkyAtmosphere.TransmittanceLUT.SampleCount:10.0]]
[2020.09.24-17.05.46:180][  0]LogConfig: Setting CVar [[r.SkyAtmosphere.MultiScatteringLUT.SampleCount:15.0]]
[2020.09.24-17.05.46:180][  0]LogConfig: Applying CVar settings from Section [FoliageQuality@3] File [F:/Unreal/puzzle/puzzle/Saved/Config/Windows/Scalability.ini]
[2020.09.24-17.05.46:180][  0]LogConfig: Setting CVar [[foliage.DensityScale:1.0]]
[2020.09.24-17.05.46:180][  0]LogConfig: Setting CVar [[grass.DensityScale:1.0]]
[2020.09.24-17.05.46:180][  0]LogConfig: Applying CVar settings from Section [ShadingQuality@3] File [F:/Unreal/puzzle/puzzle/Saved/Config/Windows/Scalability.ini]
[2020.09.24-17.05.46:180][  0]LogConfig: Setting CVar [[r.HairStrands.SkyLighting.SampleCount:16]]
[2020.09.24-17.05.46:180][  0]LogConfig: Setting CVar [[r.HairStrands.SkyLighting.JitterIntegration:0]]
[2020.09.24-17.05.46:181][  0]LogConfig: Setting CVar [[r.HairStrands.SkyAO.SampleCount:16]]
[2020.09.24-17.05.46:181][  0]LogConfig: Setting CVar [[r.HairStrands.DeepShadow.SuperSampling:0]]
[2020.09.24-17.05.46:181][  0]LogConfig: Setting CVar [[r.HairStrands.VisibilityPPLL:0]]
[2020.09.24-17.05.46:181][  0]LogConfig: Setting CVar [[r.HairStrands.RasterizationScale:0.5]]
[2020.09.24-17.05.46:181][  0]LogConfig: Setting CVar [[r.HairStrands.VelocityRasterizationScale:1]]
[2020.09.24-17.05.46:181][  0]LogConfig: Applying CVar settings from Section [Startup] File [../../../Engine/Config/ConsoleVariables.ini]
[2020.09.24-17.05.46:181][  0]LogConfig: Setting CVar [[net.UseAdaptiveNetUpdateFrequency:0]]
[2020.09.24-17.05.46:181][  0]LogConfig: Setting CVar [[p.chaos.AllowCreatePhysxBodies:1]]
[2020.09.24-17.05.46:181][  0]LogConfig: Setting CVar [[fx.SkipVectorVMBackendOptimizations:1]]
[2020.09.24-17.05.46:181][  0]LogConfig: Applying CVar settings from Section [ConsoleVariables] File [F:/Unreal/puzzle/puzzle/Saved/Config/Windows/Engine.ini]
[2020.09.24-17.05.46:181][  0]LogInit: Computer: DESKTOP-U12ICA9
[2020.09.24-17.05.46:181][  0]LogInit: User: Roshan
[2020.09.24-17.05.46:181][  0]LogInit: CPU Page size=4096, Cores=4
[2020.09.24-17.05.46:181][  0]LogInit: High frequency timer resolution =10.000000 MHz
[2020.09.24-17.05.46:182][  0]LogMemory: Memory total: Physical=8.0GB (8GB approx)
[2020.09.24-17.05.46:182][  0]LogMemory: Platform Memory Stats for Windows
[2020.09.24-17.05.46:182][  0]LogMemory: Process Physical Memory: 116.66 MB used, 116.66 MB peak
[2020.09.24-17.05.46:182][  0]LogMemory: Process Virtual Memory: 95.92 MB used, 95.92 MB peak
[2020.09.24-17.05.46:182][  0]LogMemory: Physical Memory: 6542.84 MB used,  1600.55 MB free, 8143.39 MB total
[2020.09.24-17.05.46:182][  0]LogMemory: Virtual Memory: 5144.11 MB used,  134212584.00 MB free, 134217728.00 MB total
[2020.09.24-17.05.46:191][  0]LogWindows: WindowsPlatformFeatures enabled
[2020.09.24-17.05.46:249][  0]LogInit: Physics initialised using underlying interface: PhysX
[2020.09.24-17.05.46:252][  0]LogInit: Using OS detected language (en-US).
[2020.09.24-17.05.46:252][  0]LogInit: Using OS detected locale (en-IN).
[2020.09.24-17.05.46:257][  0]LogTextLocalizationManager: No specific localization for 'en-US' exists, so the 'en' localization will be used.
[2020.09.24-17.05.46:633][  0]LogInit: Setting process to per monitor DPI aware
[2020.09.24-17.05.46:679][  0]LogSlate: New Slate User Created.  User Index 0, Is Virtual User: 0
[2020.09.24-17.05.46:679][  0]LogSlate: Slate User Registered.  User Index 0, Is Virtual User: 0
[2020.09.24-17.05.46:904][  0]LogD3D12RHI: Aftermath initialized
[2020.09.24-17.05.46:904][  0]LogD3D12RHI: Loading WinPixEventRuntime.dll for PIX profiling (from ../../../Engine/Binaries/ThirdParty/Windows/WinPixEventRuntime/x64).
[2020.09.24-17.05.46:911][  0]LogHMD: Failed to initialize OpenVR with code 110
[2020.09.24-17.05.47:279][  0]LogD3D12RHI: Found D3D12 adapter 0: NVIDIA GeForce GTX 1060 3GB (Max supported Feature Level 12_1)
[2020.09.24-17.05.47:279][  0]LogD3D12RHI: Adapter has 2988MB of dedicated video memory, 0MB of dedicated system memory, and 4071MB of shared system memory, 2 output[s]
[2020.09.24-17.05.47:297][  0]LogD3D12RHI: Found D3D12 adapter 1: Microsoft Basic Render Driver (Max supported Feature Level 12_1)
[2020.09.24-17.05.47:297][  0]LogD3D12RHI: Adapter has 0MB of dedicated video memory, 0MB of dedicated system memory, and 4071MB of shared system memory, 0 output[s]
[2020.09.24-17.05.47:297][  0]LogD3D12RHI: Forcing D3D12.AsyncDeferredDeletion=0 as a workaround for a deadlock.
[2020.09.24-17.05.47:297][  0]LogD3D12RHI: Chosen D3D12 Adapter Id = 0
[2020.09.24-17.05.47:314][  0]LogD3D12RHI: Emitting draw events for PIX profiling.
[2020.09.24-17.05.47:458][  0]LogD3D12RHI: The system supports ID3D12Device1.
[2020.09.24-17.05.47:459][  0]LogD3D12RHI: The system supports ID3D12Device2.
[2020.09.24-17.05.47:555][  0]LogD3D12RHI: [GPUBreadCrumb] Successfully setup breadcrumb resource for 3D Queue 0
[2020.09.24-17.05.47:569][  0]LogD3D12RHI: [GPUBreadCrumb] Successfully setup breadcrumb resource for Copy Queue 0
[2020.09.24-17.05.47:600][  0]LogD3D12RHI: [GPUBreadCrumb] Successfully setup breadcrumb resource for Compute Queue 0
[2020.09.24-17.05.47:611][  0]LogD3D12RHI: Display: Not using pipeline state disk cache per r.D3D12.PSO.DiskCache=0
[2020.09.24-17.05.47:611][  0]LogD3D12RHI: Display: Not using driver-optimized pipeline state disk cache per r.D3D12.PSO.DriverOptimizedDiskCache=0
[2020.09.24-17.05.47:756][  0]LogD3D12RHI:     GPU DeviceId: 0x1c02 (for the marketing name, search the web for "GPU Device Id")
[2020.09.24-17.05.47:756][  0]LogWindows: EnumDisplayDevices:
[2020.09.24-17.05.47:756][  0]LogWindows:    0. 'NVIDIA GeForce GTX 1060 3GB' (P:1 D:1)
[2020.09.24-17.05.47:757][  0]LogWindows:    1. 'NVIDIA GeForce GTX 1060 3GB' (P:0 D:1)
[2020.09.24-17.05.47:757][  0]LogWindows:    2. 'NVIDIA GeForce GTX 1060 3GB' (P:0 D:0)
[2020.09.24-17.05.47:757][  0]LogWindows:    3. 'NVIDIA GeForce GTX 1060 3GB' (P:0 D:0)
[2020.09.24-17.05.47:757][  0]LogWindows: DebugString: FoundDriverCount:4 
[2020.09.24-17.05.47:757][  0]LogD3D12RHI:     Adapter Name: NVIDIA GeForce GTX 1060 3GB
[2020.09.24-17.05.47:757][  0]LogD3D12RHI:   Driver Version: 451.77 (internal:27.21.14.5177, unified:451.77)
[2020.09.24-17.05.47:757][  0]LogD3D12RHI:      Driver Date: 7-13-2020
[2020.09.24-17.05.47:757][  0]LogRHI: Texture pool is 1600 MB (70% of 2285 MB)
[2020.09.24-17.05.47:757][  0]LogD3D12RHI: Async texture creation enabled
[2020.09.24-17.05.47:758][  0]LogD3D12RHI: RHI has support for 64 bit atomics
[2020.09.24-17.05.48:193][  0]LogTargetPlatformManager: Display: Loaded TargetPlatform 'AllDesktop'
[2020.09.24-17.05.48:242][  0]LogTargetPlatformManager: Display: Loaded TargetPlatform 'Android'
[2020.09.24-17.05.48:242][  0]LogTargetPlatformManager: Display: Loaded TargetPlatform 'Android_ASTC'
[2020.09.24-17.05.48:242][  0]LogTargetPlatformManager: Display: Loaded TargetPlatform 'Android_DXT'
[2020.09.24-17.05.48:242][  0]LogTargetPlatformManager: Display: Loaded TargetPlatform 'Android_ETC2'
[2020.09.24-17.05.48:242][  0]LogTargetPlatformManager: Display: Loaded TargetPlatform 'AndroidClient'
[2020.09.24-17.05.48:242][  0]LogTargetPlatformManager: Display: Loaded TargetPlatform 'Android_ASTCClient'
[2020.09.24-17.05.48:242][  0]LogTargetPlatformManager: Display: Loaded TargetPlatform 'Android_DXTClient'
[2020.09.24-17.05.48:242][  0]LogTargetPlatformManager: Display: Loaded TargetPlatform 'Android_ETC2Client'
[2020.09.24-17.05.48:242][  0]LogTargetPlatformManager: Display: Loaded TargetPlatform 'Android_Multi'
[2020.09.24-17.05.48:242][  0]LogTargetPlatformManager: Display: Loaded TargetPlatform 'Android_MultiClient'
[2020.09.24-17.05.48:289][  0]LogTargetPlatformManager: Display: Loaded TargetPlatform 'IOSClient'
[2020.09.24-17.05.48:289][  0]LogTargetPlatformManager: Display: Loaded TargetPlatform 'IOS'
[2020.09.24-17.05.48:307][  0]LogTargetPlatformManager: Display: Loaded TargetPlatform 'Linux'
[2020.09.24-17.05.48:325][  0]LogTargetPlatformManager: Display: Loaded TargetPlatform 'LinuxNoEditor'
[2020.09.24-17.05.48:344][  0]LogTargetPlatformManager: Display: Loaded TargetPlatform 'LinuxClient'
[2020.09.24-17.05.48:363][  0]LogTargetPlatformManager: Display: Loaded TargetPlatform 'LinuxServer'
[2020.09.24-17.05.48:378][  0]LogTargetPlatformManager: Display: Loaded TargetPlatform 'LinuxAArch64NoEditor'
[2020.09.24-17.05.48:394][  0]LogTargetPlatformManager: Display: Loaded TargetPlatform 'LinuxAArch64Client'
[2020.09.24-17.05.48:410][  0]LogTargetPlatformManager: Display: Loaded TargetPlatform 'LinuxAArch64Server'
[2020.09.24-17.05.48:465][  0]LogTargetPlatformManager: Display: Loaded TargetPlatform 'Lumin'
[2020.09.24-17.05.48:466][  0]LogTargetPlatformManager: Display: Loaded TargetPlatform 'LuminClient'
[2020.09.24-17.05.48:496][  0]LogTargetPlatformManager: Display: Loaded TargetPlatform 'TVOSClient'
[2020.09.24-17.05.48:496][  0]LogTargetPlatformManager: Display: Loaded TargetPlatform 'TVOS'
[2020.09.24-17.05.48:517][  0]LogTargetPlatformManager: Display: Loaded TargetPlatform 'WindowsNoEditor'
[2020.09.24-17.05.48:532][  0]LogTargetPlatformManager: Display: Loaded TargetPlatform 'Windows'
[2020.09.24-17.05.48:548][  0]LogTargetPlatformManager: Display: Loaded TargetPlatform 'WindowsClient'
[2020.09.24-17.05.48:564][  0]LogTargetPlatformManager: Display: Loaded TargetPlatform 'WindowsServer'
[2020.09.24-17.05.48:564][  0]LogTargetPlatformManager: Display: Building Assets For Windows
[2020.09.24-17.05.48:579][  0]LogAudioDebug: Display: Lib vorbis DLL was dynamically loaded.
[2020.09.24-17.05.48:679][  0]LogShaderCompilers: Guid format shader working directory is 24 characters bigger than the processId version (F:/Unreal/puzzle/puzzle/Intermediate/Shaders/WorkingDirectory/7336/).
[2020.09.24-17.05.48:679][  0]LogShaderCompilers: Cleaned the shader compiler working directory 'C:/Users/Roshan/AppData/Local/Temp/UnrealShaderWorkingDir/45D695F8421D43FA86FA198A90C81C42/'.
[2020.09.24-17.05.48:679][  0]LogXGEController: Cannot use XGE Controller as Incredibuild is not installed on this machine.
[2020.09.24-17.05.48:679][  0]LogShaderCompilers: Cannot use XGE Shader Compiler as Incredibuild is not installed on this machine.
[2020.09.24-17.05.48:679][  0]LogShaderCompilers: Display: Using Local Shader Compiler.
[2020.09.24-17.05.50:609][  0]LogDerivedDataCache: Display: Max Cache Size: 512 MB
[2020.09.24-17.05.50:735][  0]LogDerivedDataCache: Loaded boot cache 0.13s 75MB C:/Users/Roshan/AppData/Local/UnrealEngine/4.25/DerivedDataCache/Boot.ddc.
[2020.09.24-17.05.50:735][  0]LogDerivedDataCache: Display: Loaded Boot cache: C:/Users/Roshan/AppData/Local/UnrealEngine/4.25/DerivedDataCache/Boot.ddc
[2020.09.24-17.05.50:736][  0]LogDerivedDataCache: FDerivedDataBackendGraph:  Pak pak cache file F:/Unreal/puzzle/puzzle/DerivedDataCache/DDC.ddp not found, will not use a pak cache.
[2020.09.24-17.05.50:736][  0]LogDerivedDataCache: Unable to find inner node Pak for hierarchical cache Hierarchy.
[2020.09.24-17.05.50:736][  0]LogDerivedDataCache: FDerivedDataBackendGraph:  CompressedPak pak cache file F:/Unreal/puzzle/puzzle/DerivedDataCache/Compressed.ddp not found, will not use a pak cache.
[2020.09.24-17.05.50:736][  0]LogDerivedDataCache: Unable to find inner node CompressedPak for hierarchical cache Hierarchy.
[2020.09.24-17.05.50:753][  0]LogDerivedDataCache: Display: Pak cache opened for reading ../../../Engine/DerivedDataCache/Compressed.ddp.
[2020.09.24-17.05.50:753][  0]LogDerivedDataCache: FDerivedDataBackendGraph:  EnterprisePak pak cache file ../../../Enterprise/DerivedDataCache/Compressed.ddp not found, will not use a pak cache.
[2020.09.24-17.05.50:753][  0]LogDerivedDataCache: Unable to find inner node EnterprisePak for hierarchical cache Hierarchy.
[2020.09.24-17.05.50:755][  0]LogDerivedDataCache: Using Local data cache path C:/Users/Roshan/AppData/Local/UnrealEngine/Common/DerivedDataCache: Writable
[2020.09.24-17.05.50:755][  0]LogDerivedDataCache: Shared data cache path not found in *engine.ini, will not use an Shared cache.
[2020.09.24-17.05.50:755][  0]LogDerivedDataCache: Unable to find inner node Shared for hierarchical cache Hierarchy.
[2020.09.24-17.05.53:801][  0]LogSlate: Using FreeType 2.10.0
[2020.09.24-17.05.53:802][  0]LogSlate: SlateFontServices - WITH_FREETYPE: 1, WITH_HARFBUZZ: 1
[2020.09.24-17.05.53:849][  0]LogShaderCompilers: Display: Worker (1/5): shaders left to compile 3126
[2020.09.24-17.05.53:849][  0]LogShaderCompilers: Display: Worker (2/5): shaders left to compile 3125
[2020.09.24-17.05.53:849][  0]LogShaderCompilers: Display: Worker (3/5): shaders left to compile 3124
[2020.09.24-17.05.53:849][  0]LogShaderCompilers: Display: Worker (4/5): shaders left to compile 3123
[2020.09.24-17.05.53:849][  0]LogShaderCompilers: Display: Worker (5/5): shaders left to compile 3122
[2020.09.24-17.05.53:849][  0]LogAssetRegistry: FAssetRegistry took 0.0049 seconds to start up
[2020.09.24-17.05.54:273][  0]LogInit: Selected Device Profile: [Windows]
[2020.09.24-17.05.54:384][  0]LogMaterial: Display: Missing cached shader map for material WorldGridMaterial, compiling. Is special engine material.
[2020.09.24-17.05.56:930][  0]LogShaderCompilers: Display: Worker (3/5): shaders left to compile 4078
[2020.09.24-17.05.57:490][  0]LogShaderCompilers: Display: Worker (5/5): shaders left to compile 4077
[2020.09.24-17.05.57:490][  0]LogShaderCompilers: Display: Worker (3/5): shaders left to compile 4076
[2020.09.24-17.05.57:490][  0]LogShaderCompilers: Display: Worker (5/5): shaders left to compile 4075
[2020.09.24-17.05.57:490][  0]LogShaderCompilers: Display: Worker (3/5): shaders left to compile 4074
[2020.09.24-17.05.57:490][  0]LogShaderCompilers: Display: Worker (5/5): shaders left to compile 4073
[2020.09.24-17.05.58:051][  0]LogShaderCompilers: Display: Worker (3/5): shaders left to compile 4072
[2020.09.24-17.05.58:607][  0]LogShaderCompilers: Display: Worker (3/5): shaders left to compile 4071
[2020.09.24-17.05.58:607][  0]LogShaderCompilers: Display: Worker (5/5): shaders left to compile 4070
[2020.09.24-17.05.58:607][  0]LogShaderCompilers: Display: Worker (3/5): shaders left to compile 4069
[2020.09.24-17.05.58:607][  0]LogShaderCompilers: Display: Worker (5/5): shaders left to compile 4068
[2020.09.24-17.05.59:168][  0]LogShaderCompilers: Display: Worker (3/5): shaders left to compile 4067
[2020.09.24-17.05.59:168][  0]LogShaderCompilers: Display: Worker (5/5): shaders left to compile 4066
[2020.09.24-17.05.59:168][  0]LogShaderCompilers: Display: Worker (3/5): shaders left to compile 4065
[2020.09.24-17.05.59:728][  0]LogShaderCompilers: Display: Worker (5/5): shaders left to compile 4064
[2020.09.24-17.05.59:728][  0]LogShaderCompilers: Display: Worker (3/5): shaders left to compile 4063
[2020.09.24-17.05.59:728][  0]LogShaderCompilers: Display: Worker (5/5): shaders left to compile 4062
[2020.09.24-17.06.00:289][  0]LogShaderCompilers: Display: Worker (3/5): shaders left to compile 4061
[2020.09.24-17.06.00:289][  0]LogShaderCompilers: Display: Worker (5/5): shaders left to compile 4060
[2020.09.24-17.06.00:289][  0]LogShaderCompilers: Display: Worker (3/5): shaders left to compile 4059
[2020.09.24-17.06.00:289][  0]LogShaderCompilers: Display: Worker (5/5): shaders left to compile 4058
[2020.09.24-17.06.00:849][  0]LogShaderCompilers: Display: Worker (3/5): shaders left to compile 4057
[2020.09.24-17.06.00:849][  0]LogShaderCompilers: Display: Worker (5/5): shaders left to compile 4056
[2020.09.24-17.06.00:849][  0]LogShaderCompilers: Display: Worker (3/5): shaders left to compile 4055
[2020.09.24-17.06.00:849][  0]LogShaderCompilers: Display: Worker (5/5): shaders left to compile 4054
[2020.09.24-17.06.01:409][  0]LogShaderCompilers: Display: Worker (5/5): shaders left to compile 4053
[2020.09.24-17.06.01:409][  0]LogShaderCompilers: Display: Worker (3/5): shaders left to compile 4052
[2020.09.24-17.06.01:409][  0]LogShaderCompilers: Display: Worker (5/5): shaders left to compile 4051
[2020.09.24-17.06.01:409][  0]LogShaderCompilers: Display: Worker (3/5): shaders left to compile 4050
[2020.09.24-17.06.01:409][  0]LogShaderCompilers: Display: Worker (5/5): shaders left to compile 4049
[2020.09.24-17.06.01:970][  0]LogShaderCompilers: Display: Worker (3/5): shaders left to compile 4048
[2020.09.24-17.06.01:970][  0]LogShaderCompilers: Display: Worker (5/5): shaders left to compile 4047
[2020.09.24-17.06.01:970][  0]LogShaderCompilers: Display: Worker (3/5): shaders left to compile 4046
[2020.09.24-17.06.02:530][  0]LogShaderCompilers: Display: Worker (5/5): shaders left to compile 4045
[2020.09.24-17.06.02:531][  0]LogShaderCompilers: Display: Worker (3/5): shaders left to compile 4044
[2020.09.24-17.06.02:532][  0]LogShaderCompilers: Display: Worker (3/5): shaders left to compile 4043
[2020.09.24-17.06.03:092][  0]LogShaderCompilers: Display: Worker (3/5): shaders left to compile 4042
[2020.09.24-17.06.03:092][  0]LogShaderCompilers: Display: Worker (3/5): shaders left to compile 4041
[2020.09.24-17.06.03:092][  0]LogShaderCompilers: Display: Worker (5/5): shaders left to compile 4040
[2020.09.24-17.06.03:092][  0]LogShaderCompilers: Display: Worker (3/5): shaders left to compile 4039
[2020.09.24-17.06.03:643][  0]LogShaderCompilers: Display: Worker (5/5): shaders left to compile 4038
[2020.09.24-17.06.03:643][  0]LogShaderCompilers: Display: Worker (3/5): shaders left to compile 4037
[2020.09.24-17.06.03:643][  0]LogShaderCompilers: Display: Worker (5/5): shaders left to compile 4036
[2020.09.24-17.06.03:643][  0]LogShaderCompilers: Display: Worker (3/5): shaders left to compile 4035
[2020.09.24-17.06.03:643][  0]LogShaderCompilers: Display: Worker (5/5): shaders left to compile 4034
[2020.09.24-17.06.04:203][  0]LogShaderCompilers: Display: Worker (3/5): shaders left to compile 4033
[2020.09.24-17.06.04:203][  0]LogShaderCompilers: Display: Worker (5/5): shaders left to compile 4032
[2020.09.24-17.06.04:203][  0]LogShaderCompilers: Display: Worker (3/5): shaders left to compile 4031
[2020.09.24-17.06.04:203][  0]LogShaderCompilers: Display: Worker (5/5): shaders left to compile 4030
[2020.09.24-17.06.04:203][  0]LogShaderCompilers: Display: Worker (3/5): shaders left to compile 4029
[2020.09.24-17.06.04:764][  0]LogShaderCompilers: Display: Worker (5/5): shaders left to compile 4028
[2020.09.24-17.06.04:764][  0]LogShaderCompilers: Display: Worker (3/5): shaders left to compile 4027
[2020.09.24-17.06.04:764][  0]LogShaderCompilers: Display: Worker (5/5): shaders left to compile 4026
[2020.09.24-17.06.04:764][  0]LogShaderCompilers: Display: Worker (3/5): shaders left to compile 4025
[2020.09.24-17.06.04:764][  0]LogShaderCompilers: Display: Worker (5/5): shaders left to compile 4024
[2020.09.24-17.06.05:324][  0]LogShaderCompilers: Display: Worker (3/5): shaders left to compile 4023
[2020.09.24-17.06.05:324][  0]LogShaderCompilers: Display: Worker (5/5): shaders left to compile 4022
[2020.09.24-17.06.05:324][  0]LogShaderCompilers: Display: Worker (3/5): shaders left to compile 4021
[2020.09.24-17.06.05:324][  0]LogShaderCompilers: Display: Worker (5/5): shaders left to compile 4020
[2020.09.24-17.06.05:885][  0]LogShaderCompilers: Display: Worker (3/5): shaders left to compile 4019
[2020.09.24-17.06.05:885][  0]LogShaderCompilers: Display: Worker (5/5): shaders left to compile 4018
[2020.09.24-17.06.05:885][  0]LogShaderCompilers: Display: Worker (3/5): shaders left to compile 4017
[2020.09.24-17.06.05:885][  0]LogShaderCompilers: Display: Worker (5/5): shaders left to compile 4016
[2020.09.24-17.06.05:885][  0]LogShaderCompilers: Display: Worker (3/5): shaders left to compile 4015
[2020.09.24-17.06.05:885][  0]LogShaderCompilers: Display: Worker (5/5): shaders left to compile 4014
[2020.09.24-17.06.06:446][  0]LogShaderCompilers: Display: Worker (3/5): shaders left to compile 4013
[2020.09.24-17.06.06:446][  0]LogShaderCompilers: Display: Worker (5/5): shaders left to compile 4012
[2020.09.24-17.06.06:446][  0]LogShaderCompilers: Display: Worker (3/5): shaders left to compile 4011
[2020.09.24-17.06.06:446][  0]LogShaderCompilers: Display: Worker (5/5): shaders left to compile 4010
[2020.09.24-17.06.06:446][  0]LogShaderCompilers: Display: Worker (3/5): shaders left to compile 4009
[2020.09.24-17.06.07:007][  0]LogShaderCompilers: Display: Worker (5/5): shaders left to compile 4008
[2020.09.24-17.06.07:007][  0]LogShaderCompilers: Display: Worker (3/5): shaders left to compile 4007
[2020.09.24-17.06.07:007][  0]LogShaderCompilers: Display: Worker (5/5): shaders left to compile 4006
[2020.09.24-17.06.07:007][  0]LogShaderCompilers: Display: Worker (3/5): shaders left to compile 4005
[2020.09.24-17.06.07:568][  0]LogShaderCompilers: Display: Worker (5/5): shaders left to compile 4004
[2020.09.24-17.06.07:568][  0]LogShaderCompilers: Display: Worker (3/5): shaders left to compile 4003
[2020.09.24-17.06.07:568][  0]LogShaderCompilers: Display: Worker (5/5): shaders left to compile 4002
[2020.09.24-17.06.07:568][  0]LogShaderCompilers: Display: Worker (3/5): shaders left to compile 4001
[2020.09.24-17.06.07:568][  0]LogShaderCompilers: Display: Worker (5/5): shaders left to compile 4000
[2020.09.24-17.06.07:568][  0]LogShaderCompilers: Display: Worker (3/5): shaders left to compile 3999
[2020.09.24-17.06.07:568][  0]LogShaderCompilers: Display: Worker (5/5): shaders left to compile 3998
[2020.09.24-17.06.07:568][  0]LogShaderCompilers: Display: Worker (3/5): shaders left to compile 3997
[2020.09.24-17.06.08:129][  0]LogShaderCompilers: Display: Worker (5/5): shaders left to compile 3996
[2020.09.24-17.06.08:129][  0]LogShaderCompilers: Display: Worker (3/5): shaders left to compile 3995
[2020.09.24-17.06.08:129][  0]LogShaderCompilers: Display: Worker (3/5): shaders left to compile 3994
[2020.09.24-17.06.08:689][  0]LogShaderCompilers: Display: Worker (3/5): shaders left to compile 3993
[2020.09.24-17.06.08:689][  0]LogShaderCompilers: Display: Worker (5/5): shaders left to compile 3992
[2020.09.24-17.06.08:689][  0]LogShaderCompilers: Display: Worker (3/5): shaders left to compile 3991
[2020.09.24-17.06.08:689][  0]LogShaderCompilers: Display: Worker (5/5): shaders left to compile 3990
[2020.09.24-17.06.08:689][  0]LogShaderCompilers: Display: Worker (3/5): shaders left to compile 3989
[2020.09.24-17.06.08:689][  0]LogShaderCompilers: Display: Worker (5/5): shaders left to compile 3988
[2020.09.24-17.06.09:807][  0]LogShaderCompilers: Display: Worker (5/5): shaders left to compile 3987
[2020.09.24-17.06.09:807][  0]LogShaderCompilers: Display: Worker (3/5): shaders left to compile 3986
[2020.09.24-17.06.10:368][  0]LogShaderCompilers: Display: Worker (3/5): shaders left to compile 3985
[2020.09.24-17.06.10:368][  0]LogShaderCompilers: Display: Worker (5/5): shaders left to compile 3984
[2020.09.24-17.06.10:368][  0]LogShaderCompilers: Display: Worker (3/5): shaders left to compile 3983
[2020.09.24-17.06.10:368][  0]LogShaderCompilers: Display: Worker (5/5): shaders left to compile 3982
[2020.09.24-17.06.10:929][  0]LogShaderCompilers: Display: Worker (3/5): shaders left to compile 3981
[2020.09.24-17.06.13:732][  0]LogShaderCompilers: Display: Worker (3/5): shaders left to compile 3980
[2020.09.24-17.06.15:976][  0]LogShaderCompilers: Display: Worker (3/5): shaders left to compile 3979
[2020.09.24-17.06.15:976][  0]LogShaderCompilers: Display: Worker (3/5): shaders left to compile 3978
[2020.09.24-17.06.16:541][  0]LogShaderCompilers: Display: Worker (3/5): shaders left to compile 3977
[2020.09.24-17.06.17:102][  0]LogShaderCompilers: Display: Worker (3/5): shaders left to compile 3976
[2020.09.24-17.06.17:102][  0]LogShaderCompilers: Display: Worker (3/5): shaders left to compile 3975
[2020.09.24-17.06.17:102][  0]LogShaderCompilers: Display: Worker (3/5): shaders left to compile 3974
[2020.09.24-17.06.17:662][  0]LogShaderCompilers: Display: Worker (3/5): shaders left to compile 3973
[2020.09.24-17.06.18:222][  0]LogShaderCompilers: Display: Worker (3/5): shaders left to compile 3972
[2020.09.24-17.06.18:781][  0]LogShaderCompilers: Display: Worker (3/5): shaders left to compile 3971
[2020.09.24-17.06.19:342][  0]LogShaderCompilers: Display: Worker (3/5): shaders left to compile 3970
[2020.09.24-17.06.19:342][  0]LogShaderCompilers: Display: Worker (3/5): shaders left to compile 3969
[2020.09.24-17.06.19:903][  0]LogShaderCompilers: Display: Worker (3/5): shaders left to compile 3968
[2020.09.24-17.06.20:461][  0]LogShaderCompilers: Display: Worker (3/5): shaders left to compile 3967
[2020.09.24-17.06.20:461][  0]LogShaderCompilers: Display: Worker (3/5): shaders left to compile 3966
[2020.09.24-17.06.21:006][  0]LogShaderCompilers: Display: Worker (3/5): shaders left to compile 3965
[2020.09.24-17.06.21:567][  0]LogShaderCompilers: Display: Worker (3/5): shaders left to compile 3964
[2020.09.24-17.06.21:567][  0]LogShaderCompilers: Display: Worker (3/5): shaders left to compile 3963
[2020.09.24-17.06.22:127][  0]LogShaderCompilers: Display: Worker (3/5): shaders left to compile 3962
[2020.09.24-17.06.22:683][  0]LogShaderCompilers: Display: Worker (3/5): shaders left to compile 3961
[2020.09.24-17.06.22:683][  0]LogShaderCompilers: Display: Worker (3/5): shaders left to compile 3960
[2020.09.24-17.06.23:243][  0]LogShaderCompilers: Display: Worker (3/5): shaders left to compile 3959
[2020.09.24-17.06.23:802][  0]LogShaderCompilers: Display: Worker (3/5): shaders left to compile 3958
[2020.09.24-17.06.24:363][  0]LogShaderCompilers: Display: Worker (3/5): shaders left to compile 3957
[2020.09.24-17.06.24:363][  0]LogShaderCompilers: Display: Worker (3/5): shaders left to compile 3956
[2020.09.24-17.06.24:924][  0]LogShaderCompilers: Display: Worker (5/5): shaders left to compile 3955
[2020.09.24-17.06.24:924][  0]LogShaderCompilers: Display: Worker (3/5): shaders left to compile 3954
[2020.09.24-17.06.24:924][  0]LogShaderCompilers: Display: Worker (5/5): shaders left to compile 3953
[2020.09.24-17.06.24:924][  0]LogShaderCompilers: Display: Worker (3/5): shaders left to compile 3952
[2020.09.24-17.06.25:485][  0]LogShaderCompilers: Display: Worker (5/5): shaders left to compile 3951
[2020.09.24-17.06.25:485][  0]LogShaderCompilers: Display: Worker (3/5): shaders left to compile 3950
[2020.09.24-17.06.25:485][  0]LogShaderCompilers: Display: Worker (3/5): shaders left to compile 3949
[2020.09.24-17.06.25:485][  0]LogShaderCompilers: Display: Worker (5/5): shaders left to compile 3948
[2020.09.24-17.06.26:045][  0]LogShaderCompilers: Display: Worker (3/5): shaders left to compile 3947
[2020.09.24-17.06.26:045][  0]LogShaderCompilers: Display: Worker (5/5): shaders left to compile 3946
[2020.09.24-17.06.26:045][  0]LogShaderCompilers: Display: Worker (3/5): shaders left to compile 3945
[2020.09.24-17.06.26:045][  0]LogShaderCompilers: Display: Worker (5/5): shaders left to compile 3944
[2020.09.24-17.06.26:605][  0]LogShaderCompilers: Display: Worker (3/5): shaders left to compile 3943
[2020.09.24-17.06.26:605][  0]LogShaderCompilers: Display: Worker (5/5): shaders left to compile 3942
[2020.09.24-17.06.26:605][  0]LogShaderCompilers: Display: Worker (3/5): shaders left to compile 3941
[2020.09.24-17.06.26:605][  0]LogShaderCompilers: Display: Worker (5/5): shaders left to compile 3940
[2020.09.24-17.06.27:166][  0]LogShaderCompilers: Display: Worker (3/5): shaders left to compile 3939
[2020.09.24-17.06.27:166][  0]LogShaderCompilers: Display: Worker (3/5): shaders left to compile 3938
[2020.09.24-17.06.27:166][  0]LogShaderCompilers: Display: Worker (5/5): shaders left to compile 3937
[2020.09.24-17.06.27:728][  0]LogShaderCompilers: Display: Worker (3/5): shaders left to compile 3936
[2020.09.24-17.06.27:728][  0]LogShaderCompilers: Display: Worker (5/5): shaders left to compile 3935
[2020.09.24-17.06.27:728][  0]LogShaderCompilers: Display: Worker (5/5): shaders left to compile 3934
[2020.09.24-17.06.27:728][  0]LogShaderCompilers: Display: Worker (3/5): shaders left to compile 3933
[2020.09.24-17.06.28:290][  0]LogShaderCompilers: Display: Worker (3/5): shaders left to compile 3932
[2020.09.24-17.06.28:290][  0]LogShaderCompilers: Display: Worker (5/5): shaders left to compile 3931
[2020.09.24-17.06.28:290][  0]LogShaderCompilers: Display: Worker (3/5): shaders left to compile 3930
[2020.09.24-17.06.28:290][  0]LogShaderCompilers: Display: Worker (5/5): shaders left to compile 3929
[2020.09.24-17.06.28:290][  0]LogShaderCompilers: Display: Worker (3/5): shaders left to compile 3928
[2020.09.24-17.06.28:850][  0]LogShaderCompilers: Display: Worker (5/5): shaders left to compile 3927
[2020.09.24-17.06.28:850][  0]LogShaderCompilers: Display: Worker (3/5): shaders left to compile 3926
[2020.09.24-17.06.28:850][  0]LogShaderCompilers: Display: Worker (5/5): shaders left to compile 3925
[2020.09.24-17.06.28:850][  0]LogShaderCompilers: Display: Worker (3/5): shaders left to compile 3924
[2020.09.24-17.06.29:411][  0]LogShaderCompilers: Display: Worker (3/5): shaders left to compile 3923
[2020.09.24-17.06.29:411][  0]LogShaderCompilers: Display: Worker (5/5): shaders left to compile 3922
[2020.09.24-17.06.29:411][  0]LogShaderCompilers: Display: Worker (5/5): shaders left to compile 3921
[2020.09.24-17.06.29:411][  0]LogShaderCompilers: Display: Worker (3/5): shaders left to compile 3920
[2020.09.24-17.06.29:972][  0]LogShaderCompilers: Display: Worker (3/5): shaders left to compile 3919
[2020.09.24-17.06.29:972][  0]LogShaderCompilers: Display: Worker (5/5): shaders left to compile 3918
[2020.09.24-17.06.29:972][  0]LogShaderCompilers: Display: Worker (5/5): shaders left to compile 3917
[2020.09.24-17.06.29:972][  0]LogShaderCompilers: Display: Worker (3/5): shaders left to compile 3916
[2020.09.24-17.06.29:972][  0]LogShaderCompilers: Display: Worker (5/5): shaders left to compile 3915
[2020.09.24-17.06.30:533][  0]LogShaderCompilers: Display: Worker (3/5): shaders left to compile 3914
[2020.09.24-17.06.30:533][  0]LogShaderCompilers: Display: Worker (5/5): shaders left to compile 3913
[2020.09.24-17.06.30:533][  0]LogShaderCompilers: Display: Worker (3/5): shaders left to compile 3912
[2020.09.24-17.06.30:533][  0]LogShaderCompilers: Display: Worker (5/5): shaders left to compile 3911
[2020.09.24-17.06.30:533][  0]LogShaderCompilers: Display: Worker (3/5): shaders left to compile 3910
[2020.09.24-17.06.31:094][  0]LogShaderCompilers: Display: Worker (5/5): shaders left to compile 3909
[2020.09.24-17.06.31:094][  0]LogShaderCompilers: Display: Worker (3/5): shaders left to compile 3908
[2020.09.24-17.06.31:094][  0]LogShaderCompilers: Display: Worker (5/5): shaders left to compile 3907
[2020.09.24-17.06.31:094][  0]LogShaderCompilers: Display: Worker (3/5): shaders left to compile 3906
[2020.09.24-17.06.31:094][  0]LogShaderCompilers: Display: Worker (5/5): shaders left to compile 3905
[2020.09.24-17.06.31:654][  0]LogShaderCompilers: Display: Worker (3/5): shaders left to compile 3904
[2020.09.24-17.06.31:654][  0]LogShaderCompilers: Display: Worker (5/5): shaders left to compile 3903
[2020.09.24-17.06.31:654][  0]LogShaderCompilers: Display: Worker (3/5): shaders left to compile 3902
[2020.09.24-17.06.31:654][  0]LogShaderCompilers: Display: Worker (5/5): shaders left to compile 3901
[2020.09.24-17.06.31:654][  0]LogShaderCompilers: Display: Worker (3/5): shaders left to compile 3900
[2020.09.24-17.06.31:654][  0]LogShaderCompilers: Display: Worker (5/5): shaders left to compile 3899
[2020.09.24-17.06.32:215][  0]LogShaderCompilers: Display: Worker (3/5): shaders left to compile 3898
[2020.09.24-17.06.32:215][  0]LogShaderCompilers: Display: Worker (5/5): shaders left to compile 3897
[2020.09.24-17.06.32:215][  0]LogShaderCompilers: Display: Worker (3/5): shaders left to compile 3896
[2020.09.24-17.06.33:897][  0]LogShaderCompilers: Display: Worker (5/5): shaders left to compile 3895
[2020.09.24-17.06.33:897][  0]LogShaderCompilers: Display: Worker (3/5): shaders left to compile 3894
[2020.09.24-17.06.35:019][  0]LogShaderCompilers: Display: Worker (3/5): shaders left to compile 3893
[2020.09.24-17.06.35:019][  0]LogShaderCompilers: Display: Worker (5/5): shaders left to compile 3892
[2020.09.24-17.06.35:019][  0]LogShaderCompilers: Display: Worker (3/5): shaders left to compile 3891
[2020.09.24-17.06.36:697][  0]LogShaderCompilers: Display: Worker (5/5): shaders left to compile 3890
[2020.09.24-17.06.36:697][  0]LogShaderCompilers: Display: Worker (3/5): shaders left to compile 3889
[2020.09.24-17.06.38:927][  0]LogShaderCompilers: Display: Worker (3/5): shaders left to compile 3888
[2020.09.24-17.06.39:485][  0]LogShaderCompilers: Display: Worker (5/5): shaders left to compile 3887
[2020.09.24-17.06.40:602][  0]LogShaderCompilers: Display: Worker (1/5): shaders left to compile 3886
[2020.09.24-17.06.42:844][  0]LogShaderCompilers: Display: Worker (5/5): shaders left to compile 3885
[2020.09.24-17.06.42:844][  0]LogShaderCompilers: Display: Worker (1/5): shaders left to compile 3884
[2020.09.24-17.06.42:844][  0]LogShaderCompilers: Display: Worker (3/5): shaders left to compile 3883
[2020.09.24-17.06.43:405][  0]LogShaderCompilers: Display: Worker (2/5): shaders left to compile 3882
[2020.09.24-17.06.43:405][  0]LogShaderCompilers: Display: Worker (4/5): shaders left to compile 3881
[2020.09.24-17.06.45:072][  0]LogShaderCompilers: Display: Worker (2/5): shaders left to compile 3880
[2020.09.24-17.06.45:072][  0]LogShaderCompilers: Display: Worker (1/5): shaders left to compile 3879
[2020.09.24-17.06.45:072][  0]LogShaderCompilers: Display: Worker (5/5): shaders left to compile 3878
[2020.09.24-17.06.45:072][  0]LogShaderCompilers: Display: Worker (4/5): shaders left to compile 3877
[2020.09.24-17.06.45:629][  0]LogShaderCompilers: Display: Worker (3/5): shaders left to compile 3876
[2020.09.24-17.06.47:308][  0]LogShaderCompilers: Display: Worker (1/5): shaders left to compile 3875
[2020.09.24-17.06.47:308][  0]LogShaderCompilers: Display: Worker (2/5): shaders left to compile 3874
[2020.09.24-17.06.47:308][  0]LogShaderCompilers: Display: Worker (4/5): shaders left to compile 3873
[2020.09.24-17.06.47:308][  0]LogShaderCompilers: Display: Worker (3/5): shaders left to compile 3872
[2020.09.24-17.06.47:308][  0]LogShaderCompilers: Display: Worker (5/5): shaders left to compile 3871
[2020.09.24-17.06.50:101][  0]LogShaderCompilers: Display: Worker (1/5): shaders left to compile 3870
[2020.09.24-17.06.50:662][  0]LogShaderCompilers: Display: Worker (2/5): shaders left to compile 3869
[2020.09.24-17.06.51:782][  0]LogShaderCompilers: Display: Worker (4/5): shaders left to compile 3868
[2020.09.24-17.06.52:341][  0]LogShaderCompilers: Display: Worker (3/5): shaders left to compile 3867
[2020.09.24-17.06.53:462][  0]LogShaderCompilers: Display: Worker (5/5): shaders left to compile 3866
[2020.09.24-17.06.57:944][  0]LogShaderCompilers: Display: Worker (1/5): shaders left to compile 3865
[2020.09.24-17.06.58:505][  0]LogShaderCompilers: Display: Worker (2/5): shaders left to compile 3864
[2020.09.24-17.07.00:742][  0]LogShaderCompilers: Display: Worker (4/5): shaders left to compile 3863
[2020.09.24-17.07.04:658][  0]LogShaderCompilers: Display: Worker (3/5): shaders left to compile 3862
[2020.09.24-17.07.07:463][  0]LogShaderCompilers: Display: Worker (5/5): shaders left to compile 3861
[2020.09.24-17.07.11:951][  0]LogShaderCompilers: Display: Worker (2/5): shaders left to compile 3860
[2020.09.24-17.07.13:634][  0]LogShaderCompilers: Display: Worker (1/5): shaders left to compile 3859
[2020.09.24-17.07.14:757][  0]LogShaderCompilers: Display: Worker (2/5): shaders left to compile 3858
[2020.09.24-17.07.16:440][  0]LogShaderCompilers: Display: Worker (4/5): shaders left to compile 3857
[2020.09.24-17.07.17:000][  0]LogShaderCompilers: Display: Worker (2/5): shaders left to compile 3856
[2020.09.24-17.07.17:561][  0]LogShaderCompilers: Display: Worker (1/5): shaders left to compile 3855
[2020.09.24-17.07.19:245][  0]LogShaderCompilers: Display: Worker (4/5): shaders left to compile 3854
[2020.09.24-17.07.19:806][  0]LogShaderCompilers: Display: Worker (1/5): shaders left to compile 3853
[2020.09.24-17.07.19:806][  0]LogShaderCompilers: Display: Worker (2/5): shaders left to compile 3852
[2020.09.24-17.07.22:047][  0]LogShaderCompilers: Display: Worker (4/5): shaders left to compile 3851
[2020.09.24-17.07.22:047][  0]LogShaderCompilers: Display: Worker (1/5): shaders left to compile 3850
[2020.09.24-17.07.22:609][  0]LogShaderCompilers: Display: Worker (2/5): shaders left to compile 3849
[2020.09.24-17.07.24:848][  0]LogShaderCompilers: Display: Worker (4/5): shaders left to compile 3848
[2020.09.24-17.07.24:848][  0]LogShaderCompilers: Display: Worker (1/5): shaders left to compile 3847
[2020.09.24-17.07.24:848][  0]LogShaderCompilers: Display: Worker (3/5): shaders left to compile 3846
[2020.09.24-17.07.25:409][  0]LogShaderCompilers: Display: Worker (2/5): shaders left to compile 3845
[2020.09.24-17.07.27:092][  0]LogShaderCompilers: Display: Worker (1/5): shaders left to compile 3844
[2020.09.24-17.07.27:092][  0]LogShaderCompilers: Display: Worker (4/5): shaders left to compile 3843
[2020.09.24-17.07.27:653][  0]LogShaderCompilers: Display: Worker (3/5): shaders left to compile 3842
[2020.09.24-17.07.27:653][  0]LogShaderCompilers: Display: Worker (2/5): shaders left to compile 3841
[2020.09.24-17.07.28:771][  0]LogShaderCompilers: Display: Worker (5/5): shaders left to compile 3840
[2020.09.24-17.07.29:892][  0]LogShaderCompilers: Display: Worker (1/5): shaders left to compile 3839
[2020.09.24-17.07.31:575][  0]LogShaderCompilers: Display: Worker (4/5): shaders left to compile 3838
[2020.09.24-17.07.33:256][  0]LogShaderCompilers: Display: Worker (3/5): shaders left to compile 3837
[2020.09.24-17.07.35:494][  0]LogShaderCompilers: Display: Worker (2/5): shaders left to compile 3836
[2020.09.24-17.07.38:294][  0]LogShaderCompilers: Display: Worker (5/5): shaders left to compile 3835
[2020.09.24-17.07.41:648][  0]LogShaderCompilers: Display: Worker (1/5): shaders left to compile 3834
[2020.09.24-17.07.46:120][  0]LogShaderCompilers: Display: Worker (4/5): shaders left to compile 3833
[2020.09.24-17.07.51:147][  0]LogShaderCompilers: Display: Worker (3/5): shaders left to compile 3832
[2020.09.24-17.07.57:301][  0]LogShaderCompilers: Display: Worker (2/5): shaders left to compile 3831
[2020.09.24-17.08.00:663][  0]LogShaderCompilers: Display: Worker (5/5): shaders left to compile 3830
[2020.09.24-17.08.07:931][  0]LogShaderCompilers: Display: Worker (1/5): shaders left to compile 3829
[2020.09.24-17.08.20:266][  0]LogShaderCompilers: Display: Worker (4/5): shaders left to compile 3828
[2020.09.24-17.08.21:939][  0]LogShaderCompilers: Display: Worker (4/5): shaders left to compile 3827
[2020.09.24-17.08.23:059][  0]LogShaderCompilers: Display: Worker (4/5): shaders left to compile 3826
[2020.09.24-17.08.23:619][  0]LogShaderCompilers: Display: Worker (3/5): shaders left to compile 3825
[2020.09.24-17.08.24:740][  0]LogShaderCompilers: Display: Worker (4/5): shaders left to compile 3824
[2020.09.24-17.08.24:740][  0]LogShaderCompilers: Display: Worker (3/5): shaders left to compile 3823
[2020.09.24-17.08.27:547][  0]LogShaderCompilers: Display: Worker (3/5): shaders left to compile 3822
[2020.09.24-17.08.27:547][  0]LogShaderCompilers: Display: Worker (4/5): shaders left to compile 3821
[2020.09.24-17.08.28:669][  0]LogShaderCompilers: Display: Worker (3/5): shaders left to compile 3820
[2020.09.24-17.08.29:230][  0]LogShaderCompilers: Display: Worker (4/5): shaders left to compile 3819
[2020.09.24-17.08.29:230][  0]LogShaderCompilers: Display: Worker (3/5): shaders left to compile 3818
[2020.09.24-17.08.29:791][  0]LogShaderCompilers: Display: Worker (3/5): shaders left to compile 3817
[2020.09.24-17.08.29:791][  0]LogShaderCompilers: Display: Worker (4/5): shaders left to compile 3816
[2020.09.24-17.08.30:352][  0]LogShaderCompilers: Display: Worker (4/5): shaders left to compile 3815
[2020.09.24-17.08.30:913][  0]LogShaderCompilers: Display: Worker (3/5): shaders left to compile 3814
[2020.09.24-17.08.31:474][  0]LogShaderCompilers: Display: Worker (3/5): shaders left to compile 3813
[2020.09.24-17.08.31:474][  0]LogShaderCompilers: Display: Worker (4/5): shaders left to compile 3812
[2020.09.24-17.08.31:474][  0]LogShaderCompilers: Display: Worker (3/5): shaders left to compile 3811
[2020.09.24-17.08.32:036][  0]LogShaderCompilers: Display: Worker (3/5): shaders left to compile 3810
[2020.09.24-17.08.32:036][  0]LogShaderCompilers: Display: Worker (4/5): shaders left to compile 3809
[2020.09.24-17.08.32:036][  0]LogShaderCompilers: Display: Worker (3/5): shaders left to compile 3808
[2020.09.24-17.08.32:596][  0]LogShaderCompilers: Display: Worker (4/5): shaders left to compile 3807
[2020.09.24-17.08.32:596][  0]LogShaderCompilers: Display: Worker (3/5): shaders left to compile 3806
[2020.09.24-17.08.38:204][  0]LogShaderCompilers: Display: Worker (2/5): shaders left to compile 3805
[2020.09.24-17.08.38:765][  0]LogShaderCompilers: Display: Worker (2/5): shaders left to compile 3804
[2020.09.24-17.08.39:327][  0]LogShaderCompilers: Display: Worker (2/5): shaders left to compile 3803
[2020.09.24-17.08.39:885][  0]LogShaderCompilers: Display: Worker (2/5): shaders left to compile 3802
[2020.09.24-17.08.40:446][  0]LogShaderCompilers: Display: Worker (2/5): shaders left to compile 3801
[2020.09.24-17.08.42:129][  0]LogShaderCompilers: Display: Worker (5/5): shaders left to compile 3800
[2020.09.24-17.08.42:129][  0]LogShaderCompilers: Display: Worker (2/5): shaders left to compile 3799
[2020.09.24-17.08.43:813][  0]LogShaderCompilers: Display: Worker (5/5): shaders left to compile 3798
[2020.09.24-17.08.45:496][  0]LogShaderCompilers: Display: Worker (2/5): shaders left to compile 3797
[2020.09.24-17.08.46:616][  0]LogShaderCompilers: Display: Worker (2/5): shaders left to compile 3796
[2020.09.24-17.08.47:177][  0]LogShaderCompilers: Display: Worker (5/5): shaders left to compile 3795
[2020.09.24-17.08.47:740][  0]LogShaderCompilers: Display: Worker (2/5): shaders left to compile 3794
[2020.09.24-17.08.48:301][  0]LogShaderCompilers: Display: Worker (5/5): shaders left to compile 3793
[2020.09.24-17.08.48:862][  0]LogShaderCompilers: Display: Worker (2/5): shaders left to compile 3792
[2020.09.24-17.08.49:423][  0]LogShaderCompilers: Display: Worker (5/5): shaders left to compile 3791
[2020.09.24-17.08.49:423][  0]LogShaderCompilers: Display: Worker (2/5): shaders left to compile 3790
[2020.09.24-17.08.49:984][  0]LogShaderCompilers: Display: Worker (5/5): shaders left to compile 3789
[2020.09.24-17.08.50:545][  0]LogShaderCompilers: Display: Worker (2/5): shaders left to compile 3788
[2020.09.24-17.08.51:105][  0]LogShaderCompilers: Display: Worker (5/5): shaders left to compile 3787
[2020.09.24-17.08.51:667][  0]LogShaderCompilers: Display: Worker (2/5): shaders left to compile 3786
[2020.09.24-17.08.52:222][  0]LogShaderCompilers: Display: Worker (5/5): shaders left to compile 3785
[2020.09.24-17.08.52:783][  0]LogShaderCompilers: Display: Worker (2/5): shaders left to compile 3784
[2020.09.24-17.08.53:344][  0]LogShaderCompilers: Display: Worker (5/5): shaders left to compile 3783
[2020.09.24-17.08.53:905][  0]LogShaderCompilers: Display: Worker (2/5): shaders left to compile 3782
[2020.09.24-17.08.54:465][  0]LogShaderCompilers: Display: Worker (5/5): shaders left to compile 3781
[2020.09.24-17.08.54:465][  0]LogShaderCompilers: Display: Worker (1/5): shaders left to compile 3780
[2020.09.24-17.08.55:022][  0]LogShaderCompilers: Display: Worker (2/5): shaders left to compile 3779
[2020.09.24-17.08.55:022][  0]LogShaderCompilers: Display: Worker (1/5): shaders left to compile 3778
[2020.09.24-17.08.55:022][  0]LogShaderCompilers: Display: Worker (5/5): shaders left to compile 3777
[2020.09.24-17.08.55:583][  0]LogShaderCompilers: Display: Worker (2/5): shaders left to compile 3776
[2020.09.24-17.08.56:144][  0]LogShaderCompilers: Display: Worker (1/5): shaders left to compile 3775
[2020.09.24-17.08.56:144][  0]LogShaderCompilers: Display: Worker (5/5): shaders left to compile 3774
[2020.09.24-17.08.56:144][  0]LogShaderCompilers: Display: Worker (2/5): shaders left to compile 3773
[2020.09.24-17.08.56:704][  0]LogShaderCompilers: Display: Worker (2/5): shaders left to compile 3772
[2020.09.24-17.08.57:264][  0]LogShaderCompilers: Display: Worker (1/5): shaders left to compile 3771
[2020.09.24-17.08.57:264][  0]LogShaderCompilers: Display: Worker (5/5): shaders left to compile 3770
[2020.09.24-17.08.57:264][  0]LogShaderCompilers: Display: Worker (2/5): shaders left to compile 3769
[2020.09.24-17.08.57:824][  0]LogShaderCompilers: Display: Worker (1/5): shaders left to compile 3768
[2020.09.24-17.08.58:385][  0]LogShaderCompilers: Display: Worker (5/5): shaders left to compile 3767
[2020.09.24-17.08.58:385][  0]LogShaderCompilers: Display: Worker (2/5): shaders left to compile 3766
[2020.09.24-17.08.58:385][  0]LogShaderCompilers: Display: Worker (1/5): shaders left to compile 3765
[2020.09.24-17.08.58:930][  0]LogShaderCompilers: Display: Worker (5/5): shaders left to compile 3764
[2020.09.24-17.08.58:930][  0]LogShaderCompilers: Display: Worker (2/5): shaders left to compile 3763
[2020.09.24-17.08.59:490][  0]LogShaderCompilers: Display: Worker (1/5): shaders left to compile 3762
[2020.09.24-17.08.59:490][  0]LogShaderCompilers: Display: Worker (1/5): shaders left to compile 3761
[2020.09.24-17.09.00:051][  0]LogShaderCompilers: Display: Worker (5/5): shaders left to compile 3760
[2020.09.24-17.09.00:610][  0]LogShaderCompilers: Display: Worker (1/5): shaders left to compile 3759
[2020.09.24-17.09.00:610][  0]LogShaderCompilers: Display: Worker (2/5): shaders left to compile 3758
[2020.09.24-17.09.00:610][  0]LogShaderCompilers: Display: Worker (5/5): shaders left to compile 3757
[2020.09.24-17.09.01:171][  0]LogShaderCompilers: Display: Worker (1/5): shaders left to compile 3756
[2020.09.24-17.09.01:730][  0]LogShaderCompilers: Display: Worker (1/5): shaders left to compile 3755
[2020.09.24-17.09.01:730][  0]LogShaderCompilers: Display: Worker (2/5): shaders left to compile 3754
[2020.09.24-17.09.01:730][  0]LogShaderCompilers: Display: Worker (5/5): shaders left to compile 3753
[2020.09.24-17.09.02:289][  0]LogShaderCompilers: Display: Worker (1/5): shaders left to compile 3752
[2020.09.24-17.09.02:850][  0]LogShaderCompilers: Display: Worker (5/5): shaders left to compile 3751
[2020.09.24-17.09.02:850][  0]LogShaderCompilers: Display: Worker (2/5): shaders left to compile 3750
[2020.09.24-17.09.03:410][  0]LogShaderCompilers: Display: Worker (1/5): shaders left to compile 3749
[2020.09.24-17.09.03:970][  0]LogShaderCompilers: Display: Worker (2/5): shaders left to compile 3748
[2020.09.24-17.09.03:970][  0]LogShaderCompilers: Display: Worker (2/5): shaders left to compile 3747
[2020.09.24-17.09.04:531][  0]LogShaderCompilers: Display: Worker (5/5): shaders left to compile 3746
[2020.09.24-17.09.04:531][  0]LogShaderCompilers: Display: Worker (1/5): shaders left to compile 3745
[2020.09.24-17.09.05:092][  0]LogShaderCompilers: Display: Worker (2/5): shaders left to compile 3744
[2020.09.24-17.09.05:092][  0]LogShaderCompilers: Display: Worker (5/5): shaders left to compile 3743
[2020.09.24-17.09.05:092][  0]LogShaderCompilers: Display: Worker (1/5): shaders left to compile 3742
[2020.09.24-17.09.05:653][  0]LogShaderCompilers: Display: Worker (2/5): shaders left to compile 3741
[2020.09.24-17.09.05:653][  0]LogShaderCompilers: Display: Worker (5/5): shaders left to compile 3740
[2020.09.24-17.09.05:653][  0]LogShaderCompilers: Display: Worker (1/5): shaders left to compile 3739
[2020.09.24-17.09.06:204][  0]LogShaderCompilers: Display: Worker (1/5): shaders left to compile 3738
[2020.09.24-17.09.06:204][  0]LogShaderCompilers: Display: Worker (5/5): shaders left to compile 3737
[2020.09.24-17.09.06:204][  0]LogShaderCompilers: Display: Worker (2/5): shaders left to compile 3736
[2020.09.24-17.09.07:326][  0]LogShaderCompilers: Display: Worker (5/5): shaders left to compile 3735
[2020.09.24-17.09.07:326][  0]LogShaderCompilers: Display: Worker (1/5): shaders left to compile 3734
[2020.09.24-17.09.07:326][  0]LogShaderCompilers: Display: Worker (2/5): shaders left to compile 3733
[2020.09.24-17.09.07:887][  0]LogShaderCompilers: Display: Worker (1/5): shaders left to compile 3732
[2020.09.24-17.09.07:887][  0]LogShaderCompilers: Display: Worker (5/5): shaders left to compile 3731
[2020.09.24-17.09.09:562][  0]LogShaderCompilers: Display: Worker (2/5): shaders left to compile 3730
[2020.09.24-17.09.10:122][  0]LogShaderCompilers: Display: Worker (1/5): shaders left to compile 3729
[2020.09.24-17.09.10:122][  0]LogShaderCompilers: Display: Worker (5/5): shaders left to compile 3728
[2020.09.24-17.09.10:682][  0]LogShaderCompilers: Display: Worker (5/5): shaders left to compile 3727
[2020.09.24-17.09.11:243][  0]LogShaderCompilers: Display: Worker (1/5): shaders left to compile 3726
[2020.09.24-17.09.11:799][  0]LogShaderCompilers: Display: Worker (5/5): shaders left to compile 3725
[2020.09.24-17.09.11:799][  0]LogShaderCompilers: Display: Worker (2/5): shaders left to compile 3724
[2020.09.24-17.09.12:359][  0]LogShaderCompilers: Display: Worker (1/5): shaders left to compile 3723
[2020.09.24-17.09.12:359][  0]LogShaderCompilers: Display: Worker (5/5): shaders left to compile 3722
[2020.09.24-17.09.12:921][  0]LogShaderCompilers: Display: Worker (2/5): shaders left to compile 3721
[2020.09.24-17.09.12:921][  0]LogShaderCompilers: Display: Worker (1/5): shaders left to compile 3720
[2020.09.24-17.09.13:482][  0]LogShaderCompilers: Display: Worker (1/5): shaders left to compile 3719
[2020.09.24-17.09.13:482][  0]LogShaderCompilers: Display: Worker (2/5): shaders left to compile 3718
[2020.09.24-17.09.13:482][  0]LogShaderCompilers: Display: Worker (5/5): shaders left to compile 3717
[2020.09.24-17.09.14:602][  0]LogShaderCompilers: Display: Worker (5/5): shaders left to compile 3716
[2020.09.24-17.09.14:602][  0]LogShaderCompilers: Display: Worker (1/5): shaders left to compile 3715
[2020.09.24-17.09.14:602][  0]LogShaderCompilers: Display: Worker (2/5): shaders left to compile 3714
[2020.09.24-17.09.15:161][  0]LogShaderCompilers: Display: Worker (5/5): shaders left to compile 3713
[2020.09.24-17.09.15:161][  0]LogShaderCompilers: Display: Worker (1/5): shaders left to compile 3712
[2020.09.24-17.09.15:161][  0]LogShaderCompilers: Display: Worker (2/5): shaders left to compile 3711
[2020.09.24-17.09.15:161][  0]LogShaderCompilers: Display: Worker (5/5): shaders left to compile 3710
[2020.09.24-17.09.15:722][  0]LogShaderCompilers: Display: Worker (1/5): shaders left to compile 3709
[2020.09.24-17.09.15:722][  0]LogShaderCompilers: Display: Worker (2/5): shaders left to compile 3708
[2020.09.24-17.09.16:283][  0]LogShaderCompilers: Display: Worker (5/5): shaders left to compile 3707
[2020.09.24-17.09.16:844][  0]LogShaderCompilers: Display: Worker (2/5): shaders left to compile 3706
[2020.09.24-17.09.16:844][  0]LogShaderCompilers: Display: Worker (1/5): shaders left to compile 3705
[2020.09.24-17.09.17:403][  0]LogShaderCompilers: Display: Worker (5/5): shaders left to compile 3704
[2020.09.24-17.09.17:403][  0]LogShaderCompilers: Display: Worker (2/5): shaders left to compile 3703
[2020.09.24-17.09.17:403][  0]LogShaderCompilers: Display: Worker (1/5): shaders left to compile 3702
[2020.09.24-17.09.17:963][  0]LogShaderCompilers: Display: Worker (5/5): shaders left to compile 3701
[2020.09.24-17.09.18:519][  0]LogShaderCompilers: Display: Worker (1/5): shaders left to compile 3700
[2020.09.24-17.09.18:519][  0]LogShaderCompilers: Display: Worker (2/5): shaders left to compile 3699
[2020.09.24-17.09.19:079][  0]LogShaderCompilers: Display: Worker (5/5): shaders left to compile 3698
[2020.09.24-17.09.19:079][  0]LogShaderCompilers: Display: Worker (1/5): shaders left to compile 3697
[2020.09.24-17.09.19:079][  0]LogShaderCompilers: Display: Worker (2/5): shaders left to compile 3696
[2020.09.24-17.09.19:639][  0]LogShaderCompilers: Display: Worker (1/5): shaders left to compile 3695
[2020.09.24-17.09.19:639][  0]LogShaderCompilers: Display: Worker (5/5): shaders left to compile 3694
[2020.09.24-17.09.19:639][  0]LogShaderCompilers: Display: Worker (2/5): shaders left to compile 3693
[2020.09.24-17.09.20:200][  0]LogShaderCompilers: Display: Worker (1/5): shaders left to compile 3692
[2020.09.24-17.09.20:200][  0]LogShaderCompilers: Display: Worker (5/5): shaders left to compile 3691
[2020.09.24-17.09.20:761][  0]LogShaderCompilers: Display: Worker (2/5): shaders left to compile 3690
[2020.09.24-17.09.20:761][  0]LogShaderCompilers: Display: Worker (1/5): shaders left to compile 3689
[2020.09.24-17.09.21:323][  0]LogShaderCompilers: Display: Worker (5/5): shaders left to compile 3688
[2020.09.24-17.09.21:323][  0]LogShaderCompilers: Display: Worker (2/5): shaders left to compile 3687
[2020.09.24-17.09.21:881][  0]LogShaderCompilers: Display: Worker (1/5): shaders left to compile 3686
[2020.09.24-17.09.21:881][  0]LogShaderCompilers: Display: Worker (5/5): shaders left to compile 3685
[2020.09.24-17.09.22:441][  0]LogShaderCompilers: Display: Worker (2/5): shaders left to compile 3684
[2020.09.24-17.09.22:441][  0]LogShaderCompilers: Display: Worker (5/5): shaders left to compile 3683
[2020.09.24-17.09.22:441][  0]LogShaderCompilers: Display: Worker (2/5): shaders left to compile 3682
[2020.09.24-17.09.22:441][  0]LogShaderCompilers: Display: Worker (1/5): shaders left to compile 3681
[2020.09.24-17.09.22:441][  0]LogShaderCompilers: Display: Worker (5/5): shaders left to compile 3680
[2020.09.24-17.09.22:994][  0]LogShaderCompilers: Display: Worker (2/5): shaders left to compile 3679
[2020.09.24-17.09.22:994][  0]LogShaderCompilers: Display: Worker (1/5): shaders left to compile 3678
[2020.09.24-17.09.22:994][  0]LogShaderCompilers: Display: Worker (5/5): shaders left to compile 3677
[2020.09.24-17.09.22:994][  0]LogShaderCompilers: Display: Worker (2/5): shaders left to compile 3676
[2020.09.24-17.09.23:555][  0]LogShaderCompilers: Display: Worker (1/5): shaders left to compile 3675
[2020.09.24-17.09.23:555][  0]LogShaderCompilers: Display: Worker (5/5): shaders left to compile 3674
[2020.09.24-17.09.23:555][  0]LogShaderCompilers: Display: Worker (2/5): shaders left to compile 3673
[2020.09.24-17.09.23:555][  0]LogShaderCompilers: Display: Worker (5/5): shaders left to compile 3672
[2020.09.24-17.09.24:114][  0]LogShaderCompilers: Display: Worker (2/5): shaders left to compile 3671
[2020.09.24-17.09.24:114][  0]LogShaderCompilers: Display: Worker (1/5): shaders left to compile 3670
[2020.09.24-17.09.24:673][  0]LogShaderCompilers: Display: Worker (2/5): shaders left to compile 3669
[2020.09.24-17.09.24:673][  0]LogShaderCompilers: Display: Worker (5/5): shaders left to compile 3668
[2020.09.24-17.09.25:232][  0]LogShaderCompilers: Display: Worker (5/5): shaders left to compile 3667
[2020.09.24-17.09.25:232][  0]LogShaderCompilers: Display: Worker (1/5): shaders left to compile 3666
[2020.09.24-17.09.25:791][  0]LogShaderCompilers: Display: Worker (5/5): shaders left to compile 3665
[2020.09.24-17.09.25:791][  0]LogShaderCompilers: Display: Worker (1/5): shaders left to compile 3664
[2020.09.24-17.09.26:351][  0]LogShaderCompilers: Display: Worker (2/5): shaders left to compile 3663
[2020.09.24-17.09.26:911][  0]LogShaderCompilers: Display: Worker (1/5): shaders left to compile 3662
[2020.09.24-17.09.26:911][  0]LogShaderCompilers: Display: Worker (5/5): shaders left to compile 3661
